#
# There is insufficient memory for the Java Runtime Environment to continue.
# Native memory allocation (malloc) failed to allocate 602256 bytes for Chunk::new
# Possible reasons:
#   The system is out of physical RAM or swap space
#   The process is running with CompressedOops enabled, and the Java Heap may be blocking the growth of the native heap
# Possible solutions:
#   Reduce memory load on the system
#   Increase physical memory or swap space
#   Check if swap backing store is full
#   Decrease Java heap size (-Xmx/-Xms)
#   Decrease number of Java threads
#   Decrease Java thread stack sizes (-Xss)
#   Set larger code cache with -XX:ReservedCodeCacheSize=
#   JVM is running with Unscaled Compressed Oops mode in which the Java heap is
#     placed in the first 4GB address space. The Java Heap base address is the
#     maximum limit for the native heap growth. Please use -XX:HeapBaseMinAddress
#     to set the Java Heap base and to place the Java Heap above 4GB virtual address.
# This output file may be truncated or incomplete.
#
#  Out of Memory Error (arena.cpp:191), pid=1796, tid=24068
#
# JRE version: OpenJDK Runtime Environment (17.0.10) (build 17.0.10+0--11609105)
# Java VM: OpenJDK 64-Bit Server VM (17.0.10+0--11609105, mixed mode, tiered, compressed oops, compressed class ptrs, g1 gc, windows-amd64)
# No core dump will be written. Minidumps are not enabled by default on client versions of Windows
#

---------------  S U M M A R Y ------------

Command Line: org.jetbrains.kotlin.cli.jvm.K2JVMCompiler @P:\semester5\ProyekKP\ntbs\lakupandai-lokal\app\build\20240917_10819992571031230732.compiler.options

Host: AMD Ryzen 3 5300U with Radeon Graphics         , 8 cores, 5G,  Windows 11 , 64 bit Build 22621 (10.0.22621.3958)
Time: Tue Sep 17 13:56:48 2024 SE Asia Standard Time elapsed time: 4.417783 seconds (0d 0h 0m 4s)

---------------  T H R E A D  ---------------

Current thread (0x00000240bf4cd270):  JavaThread "C2 CompilerThread0" daemon [_thread_in_native, id=24068, stack(0x0000008040300000,0x0000008040400000)]


Current CompileTask:
C2:   4417 2918   !   4       jdk.internal.loader.BuiltinClassLoader::findClassOnClassPathOrNull (64 bytes)

Stack: [0x0000008040300000,0x0000008040400000]
Native frames: (J=compiled Java code, j=interpreted, Vv=VM code, C=native code)
V  [jvm.dll+0x688de9]
V  [jvm.dll+0x8423da]
V  [jvm.dll+0x84401e]
V  [jvm.dll+0x844683]
V  [jvm.dll+0x24be0f]
V  [jvm.dll+0xac524]
V  [jvm.dll+0xacb6c]
V  [jvm.dll+0x2b342f]
V  [jvm.dll+0x5902b7]
V  [jvm.dll+0x226452]
V  [jvm.dll+0x21f17d]
V  [jvm.dll+0x21cdb1]
V  [jvm.dll+0x1a60ad]
V  [jvm.dll+0x22cd78]
V  [jvm.dll+0x22aeb0]
V  [jvm.dll+0x7f6877]
V  [jvm.dll+0x7f0c7a]
V  [jvm.dll+0x687c65]
C  [ucrtbase.dll+0x29333]
C  [KERNEL32.DLL+0x1257d]
C  [ntdll.dll+0x5af28]


---------------  P R O C E S S  ---------------

Threads class SMR info:
_java_thread_list=0x00000240c560b1d0, length=12, elements={
0x00000240a48896c0, 0x00000240bf245260, 0x00000240bf246880, 0x00000240bf2555a0,
0x00000240bf256160, 0x00000240bf4cbfb0, 0x00000240bf4cc580, 0x00000240bf4cd270,
0x00000240bf4ce410, 0x00000240bf4d0e20, 0x00000240bf62d150, 0x00000240bf63bec0
}

Java Threads: ( => current thread )
  0x00000240a48896c0 JavaThread "main" [_thread_in_Java, id=30360, stack(0x000000803f600000,0x000000803f700000)]
  0x00000240bf245260 JavaThread "Reference Handler" daemon [_thread_blocked, id=16748, stack(0x000000803fd00000,0x000000803fe00000)]
  0x00000240bf246880 JavaThread "Finalizer" daemon [_thread_blocked, id=22056, stack(0x000000803fe00000,0x000000803ff00000)]
  0x00000240bf2555a0 JavaThread "Signal Dispatcher" daemon [_thread_blocked, id=26680, stack(0x000000803ff00000,0x0000008040000000)]
  0x00000240bf256160 JavaThread "Attach Listener" daemon [_thread_blocked, id=8004, stack(0x0000008040000000,0x0000008040100000)]
  0x00000240bf4cbfb0 JavaThread "Service Thread" daemon [_thread_blocked, id=15860, stack(0x0000008040100000,0x0000008040200000)]
  0x00000240bf4cc580 JavaThread "Monitor Deflation Thread" daemon [_thread_blocked, id=19660, stack(0x0000008040200000,0x0000008040300000)]
=>0x00000240bf4cd270 JavaThread "C2 CompilerThread0" daemon [_thread_in_native, id=24068, stack(0x0000008040300000,0x0000008040400000)]
  0x00000240bf4ce410 JavaThread "C1 CompilerThread0" daemon [_thread_blocked, id=28632, stack(0x0000008040400000,0x0000008040500000)]
  0x00000240bf4d0e20 JavaThread "Sweeper thread" daemon [_thread_blocked, id=25720, stack(0x0000008040500000,0x0000008040600000)]
  0x00000240bf62d150 JavaThread "Notification Thread" daemon [_thread_blocked, id=30192, stack(0x0000008040600000,0x0000008040700000)]
  0x00000240bf63bec0 JavaThread "Common-Cleaner" daemon [_thread_blocked, id=2992, stack(0x0000008040800000,0x0000008040900000)]

Other Threads:
  0x00000240bf21f620 VMThread "VM Thread" [stack: 0x000000803fc00000,0x000000803fd00000] [id=16668]
  0x00000240bf62fa40 WatcherThread [stack: 0x0000008040700000,0x0000008040800000] [id=8136]
  0x00000240a48d73d0 GCTaskThread "GC Thread#0" [stack: 0x000000803f700000,0x000000803f800000] [id=19264]
  0x00000240c4299990 GCTaskThread "GC Thread#1" [stack: 0x0000008040a00000,0x0000008040b00000] [id=10624]
  0x00000240c43b2b70 GCTaskThread "GC Thread#2" [stack: 0x0000008040b00000,0x0000008040c00000] [id=26880]
  0x00000240c43b4e40 GCTaskThread "GC Thread#3" [stack: 0x0000008040c00000,0x0000008040d00000] [id=1448]
  0x00000240c43b5100 GCTaskThread "GC Thread#4" [stack: 0x0000008040d00000,0x0000008040e00000] [id=2732]
  0x00000240c48a27f0 GCTaskThread "GC Thread#5" [stack: 0x0000008040e00000,0x0000008040f00000] [id=22552]
  0x00000240c48ef530 GCTaskThread "GC Thread#6" [stack: 0x0000008040f00000,0x0000008041000000] [id=10648]
  0x00000240c48e6d10 GCTaskThread "GC Thread#7" [stack: 0x0000008041000000,0x0000008041100000] [id=6492]
  0x00000240a48e3e60 ConcurrentGCThread "G1 Main Marker" [stack: 0x000000803f800000,0x000000803f900000] [id=15104]
  0x00000240a48e4880 ConcurrentGCThread "G1 Conc#0" [stack: 0x000000803f900000,0x000000803fa00000] [id=6620]
  0x00000240c4aa0e40 ConcurrentGCThread "G1 Conc#1" [stack: 0x0000008041100000,0x0000008041200000] [id=22764]
  0x00000240bf0804a0 ConcurrentGCThread "G1 Refine#0" [stack: 0x000000803fa00000,0x000000803fb00000] [id=2588]
  0x00000240bf080ed0 ConcurrentGCThread "G1 Service" [stack: 0x000000803fb00000,0x000000803fc00000] [id=21740]

Threads with active compile tasks:
C2 CompilerThread0     4444 2918   !   4       jdk.internal.loader.BuiltinClassLoader::findClassOnClassPathOrNull (64 bytes)

VM state: not at safepoint (normal execution)

VM Mutex/Monitor currently owned by a thread: None

Heap address: 0x00000000a2600000, size: 1498 MB, Compressed Oops mode: 32-bit

CDS archive(s) not mapped
Compressed class space mapped at: 0x0000000100000000-0x0000000140000000, reserved size: 1073741824
Narrow klass base: 0x0000000000000000, Narrow klass shift: 3, Narrow klass range: 0x140000000

GC Precious Log:
 CPUs: 8 total, 8 available
 Memory: 5989M
 Large Page Support: Disabled
 NUMA Support: Disabled
 Compressed Oops: Enabled (32-bit)
 Heap Region Size: 1M
 Heap Min Capacity: 8M
 Heap Initial Capacity: 94M
 Heap Max Capacity: 1498M
 Pre-touch: Disabled
 Parallel Workers: 8
 Concurrent Workers: 2
 Concurrent Refinement Workers: 8
 Periodic GC: Disabled

Heap:
 garbage-first heap   total 60416K, used 37806K [0x00000000a2600000, 0x0000000100000000)
  region size 1024K, 17 young (17408K), 3 survivors (3072K)
 Metaspace       used 43448K, committed 43712K, reserved 1114112K
  class space    used 5286K, committed 5376K, reserved 1048576K

Heap Regions: E=young(eden), S=young(survivor), O=old, HS=humongous(starts), HC=humongous(continues), CS=collection set, F=free, OA=open archive, CA=closed archive, TAMS=top-at-mark-start (previous, next)
|   0|0x00000000a2600000, 0x00000000a2700000, 0x00000000a2700000|100%|HS|  |TAMS 0x00000000a2700000, 0x00000000a2600000| Complete 
|   1|0x00000000a2700000, 0x00000000a2800000, 0x00000000a2800000|100%|HC|  |TAMS 0x00000000a2800000, 0x00000000a2700000| Complete 
|   2|0x00000000a2800000, 0x00000000a2900000, 0x00000000a2900000|100%|HC|  |TAMS 0x00000000a2900000, 0x00000000a2800000| Complete 
|   3|0x00000000a2900000, 0x00000000a2a00000, 0x00000000a2a00000|100%|HC|  |TAMS 0x00000000a2a00000, 0x00000000a2900000| Complete 
|   4|0x00000000a2a00000, 0x00000000a2b00000, 0x00000000a2b00000|100%| O|  |TAMS 0x00000000a2b00000, 0x00000000a2a00000| Untracked 
|   5|0x00000000a2b00000, 0x00000000a2c00000, 0x00000000a2c00000|100%| O|  |TAMS 0x00000000a2c00000, 0x00000000a2b00000| Untracked 
|   6|0x00000000a2c00000, 0x00000000a2d00000, 0x00000000a2d00000|100%| O|  |TAMS 0x00000000a2d00000, 0x00000000a2c00000| Untracked 
|   7|0x00000000a2d00000, 0x00000000a2e00000, 0x00000000a2e00000|100%| O|  |TAMS 0x00000000a2e00000, 0x00000000a2d00000| Untracked 
|   8|0x00000000a2e00000, 0x00000000a2f00000, 0x00000000a2f00000|100%| O|  |TAMS 0x00000000a2f00000, 0x00000000a2e00000| Untracked 
|   9|0x00000000a2f00000, 0x00000000a3000000, 0x00000000a3000000|100%| O|  |TAMS 0x00000000a3000000, 0x00000000a2f00000| Untracked 
|  10|0x00000000a3000000, 0x00000000a3100000, 0x00000000a3100000|100%| O|  |TAMS 0x00000000a3100000, 0x00000000a3000000| Untracked 
|  11|0x00000000a3100000, 0x00000000a3200000, 0x00000000a3200000|100%| O|  |TAMS 0x00000000a3200000, 0x00000000a3100000| Untracked 
|  12|0x00000000a3200000, 0x00000000a3300000, 0x00000000a3300000|100%| O|  |TAMS 0x00000000a3300000, 0x00000000a3200000| Untracked 
|  13|0x00000000a3300000, 0x00000000a3400000, 0x00000000a3400000|100%| O|  |TAMS 0x00000000a3300000, 0x00000000a3300000| Untracked 
|  14|0x00000000a3400000, 0x00000000a3500000, 0x00000000a3500000|100%| O|  |TAMS 0x00000000a3400000, 0x00000000a3400000| Untracked 
|  15|0x00000000a3500000, 0x00000000a3600000, 0x00000000a3600000|100%| O|  |TAMS 0x00000000a3600000, 0x00000000a3500000| Untracked 
|  16|0x00000000a3600000, 0x00000000a3700000, 0x00000000a3700000|100%| O|  |TAMS 0x00000000a3700000, 0x00000000a3600000| Untracked 
|  17|0x00000000a3700000, 0x00000000a3800000, 0x00000000a3800000|100%| O|  |TAMS 0x00000000a3800000, 0x00000000a3700000| Untracked 
|  18|0x00000000a3800000, 0x00000000a3900000, 0x00000000a3900000|100%| O|  |TAMS 0x00000000a3900000, 0x00000000a3800000| Untracked 
|  19|0x00000000a3900000, 0x00000000a3a00000, 0x00000000a3a00000|100%| O|  |TAMS 0x00000000a3a00000, 0x00000000a3900000| Untracked 
|  20|0x00000000a3a00000, 0x00000000a3b00000, 0x00000000a3b00000|100%| O|  |TAMS 0x00000000a3b00000, 0x00000000a3a00000| Untracked 
|  21|0x00000000a3b00000, 0x00000000a3b84000, 0x00000000a3c00000| 51%| O|  |TAMS 0x00000000a3b00000, 0x00000000a3b00000| Untracked 
|  22|0x00000000a3c00000, 0x00000000a3c00000, 0x00000000a3d00000|  0%| F|  |TAMS 0x00000000a3c00000, 0x00000000a3c00000| Untracked 
|  23|0x00000000a3d00000, 0x00000000a3d00000, 0x00000000a3e00000|  0%| F|  |TAMS 0x00000000a3d00000, 0x00000000a3d00000| Untracked 
|  24|0x00000000a3e00000, 0x00000000a3e00000, 0x00000000a3f00000|  0%| F|  |TAMS 0x00000000a3e00000, 0x00000000a3e00000| Untracked 
|  25|0x00000000a3f00000, 0x00000000a3f00000, 0x00000000a4000000|  0%| F|  |TAMS 0x00000000a3f00000, 0x00000000a3f00000| Untracked 
|  26|0x00000000a4000000, 0x00000000a4000000, 0x00000000a4100000|  0%| F|  |TAMS 0x00000000a4000000, 0x00000000a4000000| Untracked 
|  27|0x00000000a4100000, 0x00000000a4100000, 0x00000000a4200000|  0%| F|  |TAMS 0x00000000a4100000, 0x00000000a4100000| Untracked 
|  28|0x00000000a4200000, 0x00000000a4200000, 0x00000000a4300000|  0%| F|  |TAMS 0x00000000a4200000, 0x00000000a4200000| Untracked 
|  29|0x00000000a4300000, 0x00000000a4300000, 0x00000000a4400000|  0%| F|  |TAMS 0x00000000a4300000, 0x00000000a4300000| Untracked 
|  30|0x00000000a4400000, 0x00000000a4400000, 0x00000000a4500000|  0%| F|  |TAMS 0x00000000a4400000, 0x00000000a4400000| Untracked 
|  31|0x00000000a4500000, 0x00000000a4500000, 0x00000000a4600000|  0%| F|  |TAMS 0x00000000a4500000, 0x00000000a4500000| Untracked 
|  32|0x00000000a4600000, 0x00000000a4600000, 0x00000000a4700000|  0%| F|  |TAMS 0x00000000a4600000, 0x00000000a4600000| Untracked 
|  33|0x00000000a4700000, 0x00000000a4700000, 0x00000000a4800000|  0%| F|  |TAMS 0x00000000a4700000, 0x00000000a4700000| Untracked 
|  34|0x00000000a4800000, 0x00000000a48679e8, 0x00000000a4900000| 40%| S|CS|TAMS 0x00000000a4800000, 0x00000000a4800000| Complete 
|  35|0x00000000a4900000, 0x00000000a4a00000, 0x00000000a4a00000|100%| S|CS|TAMS 0x00000000a4900000, 0x00000000a4900000| Complete 
|  36|0x00000000a4a00000, 0x00000000a4b00000, 0x00000000a4b00000|100%| S|CS|TAMS 0x00000000a4a00000, 0x00000000a4a00000| Complete 
|  37|0x00000000a4b00000, 0x00000000a4b00000, 0x00000000a4c00000|  0%| F|  |TAMS 0x00000000a4b00000, 0x00000000a4b00000| Untracked 
|  38|0x00000000a4c00000, 0x00000000a4c00000, 0x00000000a4d00000|  0%| F|  |TAMS 0x00000000a4c00000, 0x00000000a4c00000| Untracked 
|  39|0x00000000a4d00000, 0x00000000a4d00000, 0x00000000a4e00000|  0%| F|  |TAMS 0x00000000a4d00000, 0x00000000a4d00000| Untracked 
|  40|0x00000000a4e00000, 0x00000000a4e00000, 0x00000000a4f00000|  0%| F|  |TAMS 0x00000000a4e00000, 0x00000000a4e00000| Untracked 
|  41|0x00000000a4f00000, 0x00000000a4f00000, 0x00000000a5000000|  0%| F|  |TAMS 0x00000000a4f00000, 0x00000000a4f00000| Untracked 
|  42|0x00000000a5000000, 0x00000000a5000000, 0x00000000a5100000|  0%| F|  |TAMS 0x00000000a5000000, 0x00000000a5000000| Untracked 
|  43|0x00000000a5100000, 0x00000000a5100000, 0x00000000a5200000|  0%| F|  |TAMS 0x00000000a5100000, 0x00000000a5100000| Untracked 
|  44|0x00000000a5200000, 0x00000000a5200000, 0x00000000a5300000|  0%| F|  |TAMS 0x00000000a5200000, 0x00000000a5200000| Untracked 
|  45|0x00000000a5300000, 0x00000000a53cf4b8, 0x00000000a5400000| 80%| E|  |TAMS 0x00000000a5300000, 0x00000000a5300000| Complete 
|  46|0x00000000a5400000, 0x00000000a5500000, 0x00000000a5500000|100%| E|CS|TAMS 0x00000000a5400000, 0x00000000a5400000| Complete 
|  47|0x00000000a5500000, 0x00000000a5600000, 0x00000000a5600000|100%| E|CS|TAMS 0x00000000a5500000, 0x00000000a5500000| Complete 
|  48|0x00000000a5600000, 0x00000000a5700000, 0x00000000a5700000|100%| E|CS|TAMS 0x00000000a5600000, 0x00000000a5600000| Complete 
|  49|0x00000000a5700000, 0x00000000a5800000, 0x00000000a5800000|100%| E|CS|TAMS 0x00000000a5700000, 0x00000000a5700000| Complete 
|  50|0x00000000a5800000, 0x00000000a5900000, 0x00000000a5900000|100%| E|CS|TAMS 0x00000000a5800000, 0x00000000a5800000| Complete 
|  51|0x00000000a5900000, 0x00000000a5a00000, 0x00000000a5a00000|100%| E|CS|TAMS 0x00000000a5900000, 0x00000000a5900000| Complete 
|  52|0x00000000a5a00000, 0x00000000a5b00000, 0x00000000a5b00000|100%| E|CS|TAMS 0x00000000a5a00000, 0x00000000a5a00000| Complete 
|  53|0x00000000a5b00000, 0x00000000a5c00000, 0x00000000a5c00000|100%| E|CS|TAMS 0x00000000a5b00000, 0x00000000a5b00000| Complete 
|  54|0x00000000a5c00000, 0x00000000a5d00000, 0x00000000a5d00000|100%| E|CS|TAMS 0x00000000a5c00000, 0x00000000a5c00000| Complete 
|  55|0x00000000a5d00000, 0x00000000a5e00000, 0x00000000a5e00000|100%| E|CS|TAMS 0x00000000a5d00000, 0x00000000a5d00000| Complete 
|  56|0x00000000a5e00000, 0x00000000a5f00000, 0x00000000a5f00000|100%| E|CS|TAMS 0x00000000a5e00000, 0x00000000a5e00000| Complete 
|  57|0x00000000a5f00000, 0x00000000a6000000, 0x00000000a6000000|100%| E|CS|TAMS 0x00000000a5f00000, 0x00000000a5f00000| Complete 
|  93|0x00000000a8300000, 0x00000000a8400000, 0x00000000a8400000|100%| E|CS|TAMS 0x00000000a8300000, 0x00000000a8300000| Complete 

Card table byte_map: [0x00000240b92b0000,0x00000240b95a0000] _byte_map_base: 0x00000240b8d9d000

Marking Bits (Prev, Next): (CMBitMap*) 0x00000240a48d79f0, (CMBitMap*) 0x00000240a48d7a30
 Prev Bits: [0x00000240b9890000, 0x00000240baff8000)
 Next Bits: [0x00000240bb000000, 0x00000240bc768000)

Polling page: 0x00000240a4940000

Metaspace:

Usage:
  Non-class:     37.27 MB used.
      Class:      5.16 MB used.
       Both:     42.44 MB used.

Virtual space:
  Non-class space:       64.00 MB reserved,      37.44 MB ( 58%) committed,  1 nodes.
      Class space:        1.00 GB reserved,       5.25 MB ( <1%) committed,  1 nodes.
             Both:        1.06 GB reserved,      42.69 MB (  4%) committed. 

Chunk freelists:
   Non-Class:  10.61 MB
       Class:  10.69 MB
        Both:  21.30 MB

MaxMetaspaceSize: unlimited
CompressedClassSpaceSize: 1.00 GB
Initial GC threshold: 21.00 MB
Current GC threshold: 59.00 MB
CDS: off
MetaspaceReclaimPolicy: balanced
 - commit_granule_bytes: 65536.
 - commit_granule_words: 8192.
 - virtual_space_node_default_size: 8388608.
 - enlarge_chunks_in_place: 1.
 - new_chunks_are_fully_committed: 0.
 - uncommit_free_chunks: 1.
 - use_allocation_guard: 0.
 - handle_deallocations: 1.


Internal statistics:

num_allocs_failed_limit: 6.
num_arena_births: 162.
num_arena_deaths: 0.
num_vsnodes_births: 2.
num_vsnodes_deaths: 0.
num_space_committed: 681.
num_space_uncommitted: 0.
num_chunks_returned_to_freelist: 6.
num_chunks_taken_from_freelist: 1371.
num_chunk_merges: 6.
num_chunk_splits: 1148.
num_chunks_enlarged: 1034.
num_inconsistent_stats: 0.

CodeHeap 'non-profiled nmethods': size=120000Kb used=1234Kb max_used=1234Kb free=118765Kb
 bounds [0x00000240b1010000, 0x00000240b1280000, 0x00000240b8540000]
CodeHeap 'profiled nmethods': size=120000Kb used=5901Kb max_used=5901Kb free=114098Kb
 bounds [0x00000240a9540000, 0x00000240a9b10000, 0x00000240b0a70000]
CodeHeap 'non-nmethods': size=5760Kb used=1251Kb max_used=1279Kb free=4508Kb
 bounds [0x00000240b0a70000, 0x00000240b0ce0000, 0x00000240b1010000]
 total_blobs=3547 nmethods=2980 adapters=479
 compilation: enabled
              stopped_count=0, restarted_count=0
 full_count=0

Compilation events (20 events):
Event: 4.381 Thread 0x00000240bf4ce410 2966       1       org.jetbrains.kotlin.com.intellij.psi.impl.source.tree.CompositeElement::getFirstChildNode (5 bytes)
Event: 4.381 Thread 0x00000240bf4ce410 nmethod 2966 0x00000240b1143290 code [0x00000240b1143420, 0x00000240b11434f8]
Event: 4.381 Thread 0x00000240bf4ce410 2961       3       org.jetbrains.kotlin.com.intellij.psi.tree.IElementType::getLanguage (14 bytes)
Event: 4.381 Thread 0x00000240bf4ce410 nmethod 2961 0x00000240a9af9290 code [0x00000240a9af9440, 0x00000240a9af95c8]
Event: 4.381 Thread 0x00000240bf4ce410 2963       3       org.jetbrains.kotlin.com.intellij.psi.impl.ElementBase::<init> (5 bytes)
Event: 4.381 Thread 0x00000240bf4ce410 nmethod 2963 0x00000240a9af9690 code [0x00000240a9af9840, 0x00000240a9af9af8]
Event: 4.381 Thread 0x00000240bf4ce410 2964       3       org.jetbrains.kotlin.com.intellij.util.keyFMap.EmptyFMap::minus (18 bytes)
Event: 4.381 Thread 0x00000240bf4ce410 nmethod 2964 0x00000240a9af9c10 code [0x00000240a9af9dc0, 0x00000240a9af9f48]
Event: 4.381 Thread 0x00000240bf4ce410 2967       1       org.jetbrains.kotlin.com.intellij.psi.impl.source.tree.CompositeElement::setCachedLength (6 bytes)
Event: 4.381 Thread 0x00000240bf4ce410 nmethod 2967 0x00000240b1143590 code [0x00000240b1143720, 0x00000240b11437f8]
Event: 4.384 Thread 0x00000240bf4ce410 2969       3       jdk.internal.org.objectweb.asm.Type::getTypeInternal (199 bytes)
Event: 4.384 Thread 0x00000240bf4ce410 nmethod 2969 0x00000240a9afa010 code [0x00000240a9afa2c0, 0x00000240a9afb168]
Event: 4.388 Thread 0x00000240bf4ce410 2973       3       org.jetbrains.kotlin.com.intellij.psi.impl.source.tree.TreeElement::getTreeParent (5 bytes)
Event: 4.388 Thread 0x00000240bf4ce410 nmethod 2973 0x00000240a9afb590 code [0x00000240a9afb720, 0x00000240a9afb838]
Event: 4.397 Thread 0x00000240bf4ce410 2975       3       org.jetbrains.kotlin.com.intellij.psi.impl.source.tree.TreeElement::getElementType (14 bytes)
Event: 4.397 Thread 0x00000240bf4ce410 nmethod 2975 0x00000240a9afb910 code [0x00000240a9afbac0, 0x00000240a9afbc48]
Event: 4.412 Thread 0x00000240bf4ce410 2976   !   3       java.lang.Class::desiredAssertionStatus (54 bytes)
Event: 4.412 Thread 0x00000240bf4ce410 nmethod 2976 0x00000240a9afbd10 code [0x00000240a9afbf00, 0x00000240a9afc418]
Event: 4.413 Thread 0x00000240bf4ce410 2978       3       sun.invoke.util.VerifyAccess::isMemberAccessible (338 bytes)
Event: 4.414 Thread 0x00000240bf4ce410 nmethod 2978 0x00000240a9afc610 code [0x00000240a9afc9a0, 0x00000240a9afdd48]

GC Heap History (18 events):
Event: 0.729 GC heap before
{Heap before GC invocations=0 (full 0):
 garbage-first heap   total 96256K, used 27648K [0x00000000a2600000, 0x0000000100000000)
  region size 1024K, 23 young (23552K), 0 survivors (0K)
 Metaspace       used 13349K, committed 13440K, reserved 1114112K
  class space    used 1286K, committed 1344K, reserved 1048576K
}
Event: 0.734 GC heap after
{Heap after GC invocations=1 (full 0):
 garbage-first heap   total 96256K, used 6784K [0x00000000a2600000, 0x0000000100000000)
  region size 1024K, 3 young (3072K), 3 survivors (3072K)
 Metaspace       used 13349K, committed 13440K, reserved 1114112K
  class space    used 1286K, committed 1344K, reserved 1048576K
}
Event: 1.754 GC heap before
{Heap before GC invocations=1 (full 0):
 garbage-first heap   total 96256K, used 40576K [0x00000000a2600000, 0x0000000100000000)
  region size 1024K, 37 young (37888K), 3 survivors (3072K)
 Metaspace       used 21349K, committed 21504K, reserved 1114112K
  class space    used 2329K, committed 2432K, reserved 1048576K
}
Event: 1.772 GC heap after
{Heap after GC invocations=2 (full 0):
 garbage-first heap   total 96256K, used 10469K [0x00000000a2600000, 0x0000000100000000)
  region size 1024K, 4 young (4096K), 4 survivors (4096K)
 Metaspace       used 21349K, committed 21504K, reserved 1114112K
  class space    used 2329K, committed 2432K, reserved 1048576K
}
Event: 2.327 GC heap before
{Heap before GC invocations=3 (full 0):
 garbage-first heap   total 40960K, used 30949K [0x00000000a2600000, 0x0000000100000000)
  region size 1024K, 24 young (24576K), 4 survivors (4096K)
 Metaspace       used 27815K, committed 28032K, reserved 1114112K
  class space    used 3298K, committed 3392K, reserved 1048576K
}
Event: 2.335 GC heap after
{Heap after GC invocations=4 (full 0):
 garbage-first heap   total 40960K, used 11232K [0x00000000a2600000, 0x0000000100000000)
  region size 1024K, 1 young (1024K), 1 survivors (1024K)
 Metaspace       used 27815K, committed 28032K, reserved 1114112K
  class space    used 3298K, committed 3392K, reserved 1048576K
}
Event: 2.364 GC heap before
{Heap before GC invocations=4 (full 0):
 garbage-first heap   total 40960K, used 12256K [0x00000000a2600000, 0x0000000100000000)
  region size 1024K, 2 young (2048K), 1 survivors (1024K)
 Metaspace       used 28293K, committed 28480K, reserved 1114112K
  class space    used 3462K, committed 3520K, reserved 1048576K
}
Event: 2.368 GC heap after
{Heap after GC invocations=5 (full 0):
 garbage-first heap   total 40960K, used 11562K [0x00000000a2600000, 0x0000000100000000)
  region size 1024K, 1 young (1024K), 1 survivors (1024K)
 Metaspace       used 28293K, committed 28480K, reserved 1114112K
  class space    used 3462K, committed 3520K, reserved 1048576K
}
Event: 2.786 GC heap before
{Heap before GC invocations=5 (full 0):
 garbage-first heap   total 40960K, used 31018K [0x00000000a2600000, 0x0000000100000000)
  region size 1024K, 20 young (20480K), 1 survivors (1024K)
 Metaspace       used 29528K, committed 29760K, reserved 1114112K
  class space    used 3621K, committed 3712K, reserved 1048576K
}
Event: 2.796 GC heap after
{Heap after GC invocations=6 (full 0):
 garbage-first heap   total 40960K, used 16080K [0x00000000a2600000, 0x0000000100000000)
  region size 1024K, 3 young (3072K), 3 survivors (3072K)
 Metaspace       used 29528K, committed 29760K, reserved 1114112K
  class space    used 3621K, committed 3712K, reserved 1048576K
}
Event: 3.011 GC heap before
{Heap before GC invocations=6 (full 0):
 garbage-first heap   total 40960K, used 31440K [0x00000000a2600000, 0x0000000100000000)
  region size 1024K, 17 young (17408K), 3 survivors (3072K)
 Metaspace       used 30873K, committed 31168K, reserved 1114112K
  class space    used 3963K, committed 4096K, reserved 1048576K
}
Event: 3.021 GC heap after
{Heap after GC invocations=7 (full 0):
 garbage-first heap   total 60416K, used 21504K [0x00000000a2600000, 0x0000000100000000)
  region size 1024K, 3 young (3072K), 3 survivors (3072K)
 Metaspace       used 30873K, committed 31168K, reserved 1114112K
  class space    used 3963K, committed 4096K, reserved 1048576K
}
Event: 3.419 GC heap before
{Heap before GC invocations=7 (full 0):
 garbage-first heap   total 60416K, used 43008K [0x00000000a2600000, 0x0000000100000000)
  region size 1024K, 24 young (24576K), 3 survivors (3072K)
 Metaspace       used 35540K, committed 35776K, reserved 1114112K
  class space    used 4490K, committed 4608K, reserved 1048576K
}
Event: 3.427 GC heap after
{Heap after GC invocations=8 (full 0):
 garbage-first heap   total 60416K, used 22019K [0x00000000a2600000, 0x0000000100000000)
  region size 1024K, 3 young (3072K), 3 survivors (3072K)
 Metaspace       used 35540K, committed 35776K, reserved 1114112K
  class space    used 4490K, committed 4608K, reserved 1048576K
}
Event: 3.441 GC heap before
{Heap before GC invocations=8 (full 0):
 garbage-first heap   total 60416K, used 23043K [0x00000000a2600000, 0x0000000100000000)
  region size 1024K, 5 young (5120K), 3 survivors (3072K)
 Metaspace       used 35772K, committed 35968K, reserved 1114112K
  class space    used 4516K, committed 4608K, reserved 1048576K
}
Event: 3.446 GC heap after
{Heap after GC invocations=9 (full 0):
 garbage-first heap   total 60416K, used 22483K [0x00000000a2600000, 0x0000000100000000)
  region size 1024K, 1 young (1024K), 1 survivors (1024K)
 Metaspace       used 35772K, committed 35968K, reserved 1114112K
  class space    used 4516K, committed 4608K, reserved 1048576K
}
Event: 3.940 GC heap before
{Heap before GC invocations=10 (full 0):
 garbage-first heap   total 60416K, used 42963K [0x00000000a2600000, 0x0000000100000000)
  region size 1024K, 22 young (22528K), 1 survivors (1024K)
 Metaspace       used 40141K, committed 40320K, reserved 1114112K
  class space    used 4903K, committed 4992K, reserved 1048576K
}
Event: 3.948 GC heap after
{Heap after GC invocations=11 (full 0):
 garbage-first heap   total 60416K, used 24494K [0x00000000a2600000, 0x0000000100000000)
  region size 1024K, 3 young (3072K), 3 survivors (3072K)
 Metaspace       used 40141K, committed 40320K, reserved 1114112K
  class space    used 4903K, committed 4992K, reserved 1048576K
}

Dll operation events (2 events):
Event: 0.011 Loaded shared library P:\semester 4\Android\jbr\bin\java.dll
Event: 2.118 Loaded shared library P:\semester 4\Android\jbr\bin\verify.dll

Deoptimization events (20 events):
Event: 4.333 Thread 0x00000240a48896c0 Uncommon trap: trap_request=0xffffffcc fr.pc=0x00000240b113bd34 relative=0x0000000000000314
Event: 4.333 Thread 0x00000240a48896c0 Uncommon trap: reason=intrinsic_or_type_checked_inlining action=make_not_entrant pc=0x00000240b113bd34 method=java.util.Arrays.copyOf([Ljava/lang/Object;ILjava/lang/Class;)[Ljava/lang/Object; @ 35 c2
Event: 4.333 Thread 0x00000240a48896c0 DEOPT PACKING pc=0x00000240b113bd34 sp=0x000000803f6fcaf0
Event: 4.333 Thread 0x00000240a48896c0 DEOPT UNPACKING pc=0x00000240b0ac69a3 sp=0x000000803f6fca80 mode 2
Event: 4.366 Thread 0x00000240a48896c0 Uncommon trap: trap_request=0xffffffde fr.pc=0x00000240b1104de4 relative=0x0000000000000124
Event: 4.366 Thread 0x00000240a48896c0 Uncommon trap: reason=class_check action=maybe_recompile pc=0x00000240b1104de4 method=org.jetbrains.kotlin.com.intellij.openapi.util.text.StringUtil.getLineBreakCount(Ljava/lang/CharSequence;)I @ 15 c2
Event: 4.366 Thread 0x00000240a48896c0 DEOPT PACKING pc=0x00000240b1104de4 sp=0x000000803f6fd5d0
Event: 4.366 Thread 0x00000240a48896c0 DEOPT UNPACKING pc=0x00000240b0ac69a3 sp=0x000000803f6fd560 mode 2
Event: 4.366 Thread 0x00000240a48896c0 Uncommon trap: trap_request=0xffffffde fr.pc=0x00000240b1104de4 relative=0x0000000000000124
Event: 4.366 Thread 0x00000240a48896c0 Uncommon trap: reason=class_check action=maybe_recompile pc=0x00000240b1104de4 method=org.jetbrains.kotlin.com.intellij.openapi.util.text.StringUtil.getLineBreakCount(Ljava/lang/CharSequence;)I @ 15 c2
Event: 4.366 Thread 0x00000240a48896c0 DEOPT PACKING pc=0x00000240b1104de4 sp=0x000000803f6fd5d0
Event: 4.366 Thread 0x00000240a48896c0 DEOPT UNPACKING pc=0x00000240b0ac69a3 sp=0x000000803f6fd560 mode 2
Event: 4.366 Thread 0x00000240a48896c0 Uncommon trap: trap_request=0xffffffde fr.pc=0x00000240b1104de4 relative=0x0000000000000124
Event: 4.366 Thread 0x00000240a48896c0 Uncommon trap: reason=class_check action=maybe_recompile pc=0x00000240b1104de4 method=org.jetbrains.kotlin.com.intellij.openapi.util.text.StringUtil.getLineBreakCount(Ljava/lang/CharSequence;)I @ 15 c2
Event: 4.366 Thread 0x00000240a48896c0 DEOPT PACKING pc=0x00000240b1104de4 sp=0x000000803f6fd5d0
Event: 4.366 Thread 0x00000240a48896c0 DEOPT UNPACKING pc=0x00000240b0ac69a3 sp=0x000000803f6fd560 mode 2
Event: 4.366 Thread 0x00000240a48896c0 Uncommon trap: trap_request=0xffffffde fr.pc=0x00000240b1104de4 relative=0x0000000000000124
Event: 4.366 Thread 0x00000240a48896c0 Uncommon trap: reason=class_check action=maybe_recompile pc=0x00000240b1104de4 method=org.jetbrains.kotlin.com.intellij.openapi.util.text.StringUtil.getLineBreakCount(Ljava/lang/CharSequence;)I @ 15 c2
Event: 4.366 Thread 0x00000240a48896c0 DEOPT PACKING pc=0x00000240b1104de4 sp=0x000000803f6fd5d0
Event: 4.366 Thread 0x00000240a48896c0 DEOPT UNPACKING pc=0x00000240b0ac69a3 sp=0x000000803f6fd560 mode 2

Classes unloaded (0 events):
No events

Classes redefined (0 events):
No events

Internal exceptions (20 events):
Event: 1.846 Thread 0x00000240a48896c0 Exception <a 'java/lang/NoSuchMethodError'{0x00000000a460f758}: 'int java.lang.invoke.DirectMethodHandle$Holder.invokeSpecial(java.lang.Object, java.lang.Object, java.lang.Object, java.lang.Object)'> (0x00000000a460f758) 
thrown [s\src\hotspot\share\interpreter\linkResolver.cpp, line 771]
Event: 1.847 Thread 0x00000240a48896c0 Exception <a 'java/lang/NoSuchMethodError'{0x00000000a4612dc0}: 'int java.lang.invoke.Invokers$Holder.invoke_MT(java.lang.Object, java.lang.Object, java.lang.Object, java.lang.Object)'> (0x00000000a4612dc0) 
thrown [s\src\hotspot\share\interpreter\linkResolver.cpp, line 771]
Event: 1.851 Thread 0x00000240a48896c0 Exception <a 'java/lang/NoSuchMethodError'{0x00000000a4622348}: 'void java.lang.invoke.DelegatingMethodHandle$Holder.reinvoke_L(java.lang.Object, java.lang.Object, java.lang.Object, long, java.lang.Object)'> (0x00000000a4622348) 
thrown [s\src\hotspot\share\interpreter\linkResolver.cpp, line 771]
Event: 1.853 Thread 0x00000240a48896c0 Exception <a 'java/lang/NoSuchMethodError'{0x00000000a462a0a8}: 'java.lang.Object java.lang.invoke.DirectMethodHandle$Holder.invokeSpecial(java.lang.Object, java.lang.Object, java.lang.Object, java.lang.Object, long)'> (0x00000000a462a0a8) 
thrown [s\src\hotspot\share\interpreter\linkResolver.cpp, line 771]
Event: 1.855 Thread 0x00000240a48896c0 Exception <a 'java/lang/NoSuchMethodError'{0x00000000a4639468}: 'int java.lang.invoke.DelegatingMethodHandle$Holder.reinvoke_L(java.lang.Object, java.lang.Object, java.lang.Object, long, java.lang.Object, java.lang.Object)'> (0x00000000a4639468) 
thrown [s\src\hotspot\share\interpreter\linkResolver.cpp, line 771]
Event: 1.859 Thread 0x00000240a48896c0 Exception <a 'java/lang/NoSuchMethodError'{0x00000000a4647ff8}: 'int java.lang.invoke.DelegatingMethodHandle$Holder.reinvoke_L(java.lang.Object, java.lang.Object, java.lang.Object, long, int, int)'> (0x00000000a4647ff8) 
thrown [s\src\hotspot\share\interpreter\linkResolver.cpp, line 771]
Event: 1.862 Thread 0x00000240a48896c0 Exception <a 'java/lang/NoSuchMethodError'{0x00000000a4656930}: 'int java.lang.invoke.DelegatingMethodHandle$Holder.reinvoke_L(java.lang.Object, java.lang.Object, java.lang.Object, long, long, long)'> (0x00000000a4656930) 
thrown [s\src\hotspot\share\interpreter\linkResolver.cpp, line 771]
Event: 1.866 Thread 0x00000240a48896c0 Exception <a 'java/lang/NoSuchMethodError'{0x00000000a4664f48}: 'int java.lang.invoke.DelegatingMethodHandle$Holder.reinvoke_L(java.lang.Object, java.lang.Object, java.lang.Object, long, int)'> (0x00000000a4664f48) 
thrown [s\src\hotspot\share\interpreter\linkResolver.cpp, line 771]
Event: 1.901 Thread 0x00000240a48896c0 Exception <a 'java/lang/NoSuchMethodError'{0x00000000a450f560}: 'int java.lang.invoke.DirectMethodHandle$Holder.invokeStaticInit(java.lang.Object, java.lang.Object, java.lang.Object)'> (0x00000000a450f560) 
thrown [s\src\hotspot\share\interpreter\linkResolver.cpp, line 771]
Event: 1.906 Thread 0x00000240a48896c0 Exception <a 'java/lang/NoSuchMethodError'{0x00000000a4537438}: 'int java.lang.invoke.DirectMethodHandle$Holder.invokeStaticInit(java.lang.Object, java.lang.Object)'> (0x00000000a4537438) 
thrown [s\src\hotspot\share\interpreter\linkResolver.cpp, line 771]
Event: 1.923 Thread 0x00000240a48896c0 Exception <a 'java/lang/NoSuchMethodError'{0x00000000a4415b60}: 'void java.lang.invoke.DirectMethodHandle$Holder.invokeSpecial(java.lang.Object, java.lang.Object, java.lang.Object)'> (0x00000000a4415b60) 
thrown [s\src\hotspot\share\interpreter\linkResolver.cpp, line 771]
Event: 1.985 Thread 0x00000240a48896c0 Exception <a 'java/lang/NoSuchMethodError'{0x00000000a413a640}: 'void java.lang.invoke.DirectMethodHandle$Holder.invokeStatic(java.lang.Object, java.lang.Object, java.lang.Object, java.lang.Object)'> (0x00000000a413a640) 
thrown [s\src\hotspot\share\interpreter\linkResolver.cpp, line 771]
Event: 2.080 Thread 0x00000240a48896c0 Exception <a 'java/lang/NoSuchMethodError'{0x00000000a3ef8310}: 'void java.lang.invoke.DirectMethodHandle$Holder.invokeStaticInit(java.lang.Object, java.lang.Object)'> (0x00000000a3ef8310) 
thrown [s\src\hotspot\share\interpreter\linkResolver.cpp, line 771]
Event: 2.207 Thread 0x00000240a48896c0 Exception <a 'java/lang/NoSuchMethodError'{0x00000000a3885970}: 'void java.lang.invoke.DirectMethodHandle$Holder.invokeVirtual(java.lang.Object, java.lang.Object)'> (0x00000000a3885970) 
thrown [s\src\hotspot\share\interpreter\linkResolver.cpp, line 771]
Event: 2.216 Thread 0x00000240a48896c0 Exception <a 'java/lang/NoSuchMethodError'{0x00000000a38d1238}: 'int java.lang.invoke.DirectMethodHandle$Holder.invokeVirtual(java.lang.Object, java.lang.Object)'> (0x00000000a38d1238) 
thrown [s\src\hotspot\share\interpreter\linkResolver.cpp, line 771]
Event: 2.247 Thread 0x00000240a48896c0 Exception <a 'java/lang/NoSuchMethodError'{0x00000000a3769188}: 'java.lang.Object java.lang.invoke.Invokers$Holder.invokeExact_MT(java.lang.Object, java.lang.Object, java.lang.Object, java.lang.Object, java.lang.Object, java.lang.Object)'> (0x00000000a3769188) 
thrown [s\src\hotspot\share\interpreter\linkResolver.cpp, line 771]
Event: 3.083 Thread 0x00000240a48896c0 Implicit null exception at 0x00000240b1028cf2 to 0x00000240b10292bc
Event: 3.203 Thread 0x00000240a48896c0 Implicit null exception at 0x00000240b102a5f2 to 0x00000240b102abcc
Event: 3.258 Thread 0x00000240a48896c0 Exception <a 'java/lang/NoSuchMethodError'{0x00000000a54723b0}: 'java.lang.Object java.lang.invoke.DirectMethodHandle$Holder.invokeVirtual(java.lang.Object, java.lang.Object, java.lang.Object)'> (0x00000000a54723b0) 
thrown [s\src\hotspot\share\interpreter\linkResolver.cpp, line 771]
Event: 4.351 Thread 0x00000240a48896c0 Exception <a 'java/lang/NoSuchMethodError'{0x00000000a54061e8}: 'java.lang.Object java.lang.invoke.DirectMethodHandle$Holder.newInvokeSpecial(java.lang.Object, java.lang.Object, int)'> (0x00000000a54061e8) 
thrown [s\src\hotspot\share\interpreter\linkResolver.cpp, line 771]

VM Operations (20 events):
Event: 2.862 Executing VM operation: HandshakeAllThreads
Event: 2.862 Executing VM operation: HandshakeAllThreads done
Event: 2.863 Executing VM operation: HandshakeAllThreads
Event: 2.863 Executing VM operation: HandshakeAllThreads done
Event: 2.878 Executing VM operation: HandshakeAllThreads
Event: 2.878 Executing VM operation: HandshakeAllThreads done
Event: 3.011 Executing VM operation: G1CollectForAllocation
Event: 3.021 Executing VM operation: G1CollectForAllocation done
Event: 3.419 Executing VM operation: G1CollectForAllocation
Event: 3.427 Executing VM operation: G1CollectForAllocation done
Event: 3.441 Executing VM operation: CollectForMetadataAllocation
Event: 3.446 Executing VM operation: CollectForMetadataAllocation done
Event: 3.458 Executing VM operation: G1PauseRemark
Event: 3.462 Executing VM operation: G1PauseRemark done
Event: 3.469 Executing VM operation: G1PauseCleanup
Event: 3.469 Executing VM operation: G1PauseCleanup done
Event: 3.766 Executing VM operation: HandshakeAllThreads
Event: 3.766 Executing VM operation: HandshakeAllThreads done
Event: 3.940 Executing VM operation: G1CollectForAllocation
Event: 3.948 Executing VM operation: G1CollectForAllocation done

Events (20 events):
Event: 3.601 loading class java/lang/reflect/WildcardType done
Event: 3.601 loading class sun/reflect/generics/reflectiveObjects/WildcardTypeImpl done
Event: 3.677 loading class java/lang/TypeNotPresentException
Event: 3.677 loading class java/lang/TypeNotPresentException done
Event: 3.765 loading class sun/reflect/generics/scope/MethodScope
Event: 3.765 loading class sun/reflect/generics/scope/MethodScope done
Event: 3.765 loading class sun/reflect/generics/repository/MethodRepository
Event: 3.765 loading class sun/reflect/generics/repository/MethodRepository done
Event: 4.031 Thread 0x00000240c60f1e90 Thread added: 0x00000240c60f1e90
Event: 4.307 loading class java/util/BitSet
Event: 4.307 loading class java/util/BitSet done
Event: 4.310 loading class java/util/PrimitiveIterator$OfInt
Event: 4.310 loading class java/util/PrimitiveIterator
Event: 4.310 loading class java/util/PrimitiveIterator done
Event: 4.310 loading class java/util/PrimitiveIterator$OfInt done
Event: 4.313 Thread 0x00000240c60f1e90 Thread exited: 0x00000240c60f1e90
Event: 4.338 loading class java/util/AbstractMap$SimpleImmutableEntry
Event: 4.338 loading class java/util/AbstractMap$SimpleImmutableEntry done
Event: 4.349 loading class java/util/function/IntUnaryOperator
Event: 4.349 loading class java/util/function/IntUnaryOperator done


Dynamic libraries:
0x00007ff65c680000 - 0x00007ff65c68a000 	P:\semester 4\Android\jbr\bin\java.exe
0x00007ffec8d50000 - 0x00007ffec8f67000 	C:\WINDOWS\SYSTEM32\ntdll.dll
0x00007ffec6c60000 - 0x00007ffec6d24000 	C:\WINDOWS\System32\KERNEL32.DLL
0x00007ffec60a0000 - 0x00007ffec644d000 	C:\WINDOWS\System32\KERNELBASE.dll
0x00007ffec68e0000 - 0x00007ffec69f1000 	C:\WINDOWS\System32\ucrtbase.dll
0x00007ffea08d0000 - 0x00007ffea08e7000 	P:\semester 4\Android\jbr\bin\jli.dll
0x00007ffec74e0000 - 0x00007ffec768e000 	C:\WINDOWS\System32\USER32.dll
0x00007ffeb39b0000 - 0x00007ffeb39cb000 	P:\semester 4\Android\jbr\bin\VCRUNTIME140.dll
0x00007ffec6450000 - 0x00007ffec6476000 	C:\WINDOWS\System32\win32u.dll
0x00007ffec6a90000 - 0x00007ffec6ab9000 	C:\WINDOWS\System32\GDI32.dll
0x00007ffea0600000 - 0x00007ffea0893000 	C:\WINDOWS\WinSxS\amd64_microsoft.windows.common-controls_6595b64144ccf1df_6.0.22621.3672_none_2713b9d173822955\COMCTL32.dll
0x00007ffec65f0000 - 0x00007ffec6709000 	C:\WINDOWS\System32\gdi32full.dll
0x00007ffec6ba0000 - 0x00007ffec6c47000 	C:\WINDOWS\System32\msvcrt.dll
0x00007ffec6710000 - 0x00007ffec67aa000 	C:\WINDOWS\System32\msvcp_win.dll
0x00007ffec7720000 - 0x00007ffec7751000 	C:\WINDOWS\System32\IMM32.DLL
0x00007ffea1d30000 - 0x00007ffea1d3c000 	P:\semester 4\Android\jbr\bin\vcruntime140_1.dll
0x00007ffe40700000 - 0x00007ffe4078d000 	P:\semester 4\Android\jbr\bin\msvcp140.dll
0x00007ffe31b80000 - 0x00007ffe32803000 	P:\semester 4\Android\jbr\bin\server\jvm.dll
0x00007ffec8c50000 - 0x00007ffec8d02000 	C:\WINDOWS\System32\ADVAPI32.dll
0x00007ffec70c0000 - 0x00007ffec7169000 	C:\WINDOWS\System32\sechost.dll
0x00007ffec6070000 - 0x00007ffec6098000 	C:\WINDOWS\System32\bcrypt.dll
0x00007ffec7920000 - 0x00007ffec7a34000 	C:\WINDOWS\System32\RPCRT4.dll
0x00007ffec5f30000 - 0x00007ffec5f7d000 	C:\WINDOWS\SYSTEM32\POWRPROF.dll
0x00007ffebdb40000 - 0x00007ffebdb74000 	C:\WINDOWS\SYSTEM32\WINMM.dll
0x00007ffec1d10000 - 0x00007ffec1d1a000 	C:\WINDOWS\SYSTEM32\VERSION.dll
0x00007ffea96b0000 - 0x00007ffea96b9000 	C:\WINDOWS\SYSTEM32\WSOCK32.dll
0x00007ffec7a40000 - 0x00007ffec7ab1000 	C:\WINDOWS\System32\WS2_32.dll
0x00007ffec5f10000 - 0x00007ffec5f23000 	C:\WINDOWS\SYSTEM32\UMPDC.dll
0x00007ffec5080000 - 0x00007ffec5098000 	C:\WINDOWS\SYSTEM32\kernel.appcore.dll
0x00007ffec28a0000 - 0x00007ffec28aa000 	P:\semester 4\Android\jbr\bin\jimage.dll
0x00007ffec3a70000 - 0x00007ffec3ca2000 	C:\WINDOWS\SYSTEM32\DBGHELP.DLL
0x00007ffec6d30000 - 0x00007ffec70bd000 	C:\WINDOWS\System32\combase.dll
0x00007ffec6ac0000 - 0x00007ffec6b97000 	C:\WINDOWS\System32\OLEAUT32.dll
0x00007ffec2840000 - 0x00007ffec2872000 	C:\WINDOWS\SYSTEM32\dbgcore.DLL
0x00007ffec6a00000 - 0x00007ffec6a7b000 	C:\WINDOWS\System32\bcryptPrimitives.dll
0x00007ffeb9180000 - 0x00007ffeb91a5000 	P:\semester 4\Android\jbr\bin\java.dll
0x00007ffeb9160000 - 0x00007ffeb9178000 	P:\semester 4\Android\jbr\bin\zip.dll
0x00007ffec8230000 - 0x00007ffec8a98000 	C:\WINDOWS\System32\SHELL32.dll
0x00007ffec3f70000 - 0x00007ffec486e000 	C:\WINDOWS\SYSTEM32\windows.storage.dll
0x00007ffec3e30000 - 0x00007ffec3f6f000 	C:\WINDOWS\SYSTEM32\wintypes.dll
0x00007ffec7820000 - 0x00007ffec7919000 	C:\WINDOWS\System32\SHCORE.dll
0x00007ffec7ac0000 - 0x00007ffec7b1e000 	C:\WINDOWS\System32\shlwapi.dll
0x00007ffec5fa0000 - 0x00007ffec5fc1000 	C:\WINDOWS\SYSTEM32\profapi.dll
0x00007ffeb9140000 - 0x00007ffeb9159000 	P:\semester 4\Android\jbr\bin\net.dll
0x00007ffec04c0000 - 0x00007ffec05f6000 	C:\WINDOWS\SYSTEM32\WINHTTP.dll
0x00007ffec5510000 - 0x00007ffec5579000 	C:\WINDOWS\system32\mswsock.dll
0x00007ffeb73b0000 - 0x00007ffeb73c6000 	P:\semester 4\Android\jbr\bin\nio.dll
0x00007ffeb70c0000 - 0x00007ffeb70d0000 	P:\semester 4\Android\jbr\bin\verify.dll

dbghelp: loaded successfully - version: 4.0.5 - missing functions: none
symbol engine: initialized successfully - sym options: 0x614 - pdb path: .;P:\semester 4\Android\jbr\bin;C:\WINDOWS\SYSTEM32;C:\WINDOWS\WinSxS\amd64_microsoft.windows.common-controls_6595b64144ccf1df_6.0.22621.3672_none_2713b9d173822955;P:\semester 4\Android\jbr\bin\server

VM Arguments:
java_command: org.jetbrains.kotlin.cli.jvm.K2JVMCompiler @P:\semester5\ProyekKP\ntbs\lakupandai-lokal\app\build\20240917_10819992571031230732.compiler.options
java_class_path (initial): C:\Users\LENOVO\.gradle\caches\modules-2\files-2.1\org.jetbrains.kotlin\kotlin-compiler-embeddable\1.9.0\2c8c3a7402becca891f12739b3e9fd2dc2adbd7a\kotlin-compiler-embeddable-1.9.0.jar;C:\Users\LENOVO\.gradle\caches\modules-2\files-2.1\org.jetbrains.kotlin\kotlin-stdlib\1.9.0\8ee15ef0c67dc83d874f412d84378d7f0eb50b63\kotlin-stdlib-1.9.0.jar;C:\Users\LENOVO\.gradle\caches\modules-2\files-2.1\org.jetbrains.kotlin\kotlin-script-runtime\1.9.0\4b3102cbbb7e1b58d9d1adf89563f00069ffa7d1\kotlin-script-runtime-1.9.0.jar;C:\Users\LENOVO\.gradle\caches\modules-2\files-2.1\org.jetbrains.kotlin\kotlin-reflect\1.6.10\1cbe9c92c12a94eea200d23c2bbaedaf3daf5132\kotlin-reflect-1.6.10.jar;C:\Users\LENOVO\.gradle\caches\modules-2\files-2.1\org.jetbrains.kotlin\kotlin-daemon-embeddable\1.9.0\186543f5e28cf8d9a0290fecc2cf34301c40a65c\kotlin-daemon-embeddable-1.9.0.jar;C:\Users\LENOVO\.gradle\caches\modules-2\files-2.1\org.jetbrains.intellij.deps\trove4j\1.0.20200330\3afb14d5f9ceb459d724e907a21145e8ff394f02\trove4j-1.0.20200330.jar;C:\Users\LENOVO\.gradle\caches\modules-2\files-2.1\org.jetbrains.kotlin\kotlin-stdlib-common\1.9.0\cd65c21cfd1eec4d44ef09f9f52b6d9f8a720636\kotlin-stdlib-common-1.9.0.jar;C:\Users\LENOVO\.gradle\caches\modules-2\files-2.1\org.jetbrains\annotations\13.0\919f0dfe192fb4e063e7dacadee7f8bb9a2672a9\annotations-13.0.jar
Launcher Type: SUN_STANDARD

[Global flags]
     intx CICompilerCount                          = 4                                         {product} {ergonomic}
     uint ConcGCThreads                            = 2                                         {product} {ergonomic}
     uint G1ConcRefinementThreads                  = 8                                         {product} {ergonomic}
   size_t G1HeapRegionSize                         = 1048576                                   {product} {ergonomic}
    uintx GCDrainStackTargetSize                   = 64                                        {product} {ergonomic}
   size_t InitialHeapSize                          = 98566144                                  {product} {ergonomic}
   size_t MarkStackSize                            = 4194304                                   {product} {ergonomic}
   size_t MaxHeapSize                              = 1570766848                                {product} {ergonomic}
   size_t MaxNewSize                               = 941621248                                 {product} {ergonomic}
   size_t MinHeapDeltaBytes                        = 1048576                                   {product} {ergonomic}
   size_t MinHeapSize                              = 8388608                                   {product} {ergonomic}
    uintx NonNMethodCodeHeapSize                   = 5839372                                {pd product} {ergonomic}
    uintx NonProfiledCodeHeapSize                  = 122909434                              {pd product} {ergonomic}
    uintx ProfiledCodeHeapSize                     = 122909434                              {pd product} {ergonomic}
    uintx ReservedCodeCacheSize                    = 251658240                              {pd product} {ergonomic}
     bool SegmentedCodeCache                       = true                                      {product} {ergonomic}
   size_t SoftMaxHeapSize                          = 1570766848                             {manageable} {ergonomic}
     bool UseCompressedClassPointers               = true                           {product lp64_product} {ergonomic}
     bool UseCompressedOops                        = true                           {product lp64_product} {ergonomic}
     bool UseG1GC                                  = true                                      {product} {ergonomic}
     bool UseLargePagesIndividualAllocation        = false                                  {pd product} {ergonomic}

Logging:
Log output configuration:
 #0: stdout all=warning uptime,level,tags
 #1: stderr all=off uptime,level,tags

Environment Variables:
JAVA_HOME=C:\Program Files\Java\jdk-17\bin
PATH=C:\Program Files\Java\jdk-17\bin;C:\app\LENOVO\product\21c\dbhomeXE\bin;C:\Program Files\Common Files\Oracle\Java\javapath;C:\WINDOWS\system32;C:\WINDOWS;C:\WINDOWS\System32\Wbem;C:\WINDOWS\System32\WindowsPowerShell\v1.0\;C:\WINDOWS\System32\OpenSSH\;C:\Program Files\Git\cmd;C:\xampp\php;C:\composer;C:\apache-maven-3.9.5\bin;C:\Program Files\Java\jdk-17\bin;C:\Users\LENOVO\AppData\Local\Programs\Python\Python312\Scripts\;C:\Users\LENOVO\AppData\Local\Programs\Python\Python312\;C:\Users\LENOVO\AppData\Local\Microsoft\WindowsApps;C:\Users\LENOVO\AppData\Local\Programs\Microsoft VS Code\bin;C:\Users\LENOVO\AppData\Roaming\Composer\vendor\bin;C:\Users\LENOVO\AppData\Roaming\Composer\vendor\bin\;C:\Users\LENOVO\AppData\Local\GitHubDesktop\bin;C:\apache-maven-3.9.5\bin;C:\Program Files\JetBrains\IntelliJ IDEA 2023.2.4\bin;;C:\Program Files\JetBrains\IntelliJ IDEA Community Edition 2023.2.4\bin;;C:\Program Files\JetBrains\PyCharm Community Edition 2023.3.3\bin;;C:\flutter\bin;C:\flutter\bin;P:\xampp\php;C:\Program Files\kotlinc\bin;C:\Program Files\PostgreSQL\16\bin;
USERNAME=LENOVO
OS=Windows_NT
PROCESSOR_IDENTIFIER=AMD64 Family 23 Model 104 Stepping 1, AuthenticAMD
TMP=C:\Users\LENOVO\AppData\Local\Temp
TEMP=C:\Users\LENOVO\AppData\Local\Temp



Periodic native trim disabled

JNI global refs:
JNI global refs: 8, weak refs: 1

JNI global refs memory usage: 843, weak refs: 841

OOME stack traces (most recent first):
Classloader memory used:
Loader jdk.internal.loader.ClassLoaders$AppClassLoader                                 : 4140K
Loader bootstrap                                                                       : 1270K
Loader java.net.URLClassLoader                                                         : 19904B
Loader jdk.internal.reflect.DelegatingClassLoader                                      : 5635B


---------------  S Y S T E M  ---------------

OS:
 Windows 11 , 64 bit Build 22621 (10.0.22621.3958)
OS uptime: 5 days 4:36 hours
Hyper-V role detected

CPU: total 8 (initial active 8) (8 cores per cpu, 2 threads per core) family 23 model 104 stepping 1 microcode 0x0, cx8, cmov, fxsr, ht, mmx, 3dnowpref, sse, sse2, sse3, ssse3, sse4a, sse4.1, sse4.2, popcnt, lzcnt, tsc, tscinvbit, avx, avx2, aes, clmul, bmi1, bmi2, adx, sha, fma, vzeroupper, clflush, clflushopt, hv
Processor Information for all 8 processors :
  Max Mhz: 2600, Current Mhz: 2600, Mhz Limit: 2600

Memory: 4k page, system-wide physical 5989M (539M free)
TotalPageFile size 24421M (AvailPageFile size 2M)
current process WorkingSet (physical memory assigned to process): 175M, peak: 175M
current process commit charge ("private bytes"): 211M, peak: 212M

vm_info: OpenJDK 64-Bit Server VM (17.0.10+0--11609105) for windows-amd64 JRE (17.0.10+0--11609105), built on Mar 21 2024 19:10:56 by "androidbuild" with MS VC++ 16.10 / 16.11 (VS2019)

END.
