#
# There is insufficient memory for the Java Runtime Environment to continue.
# Native memory allocation (malloc) failed to allocate 1051968 bytes for Chunk::new
# Possible reasons:
#   The system is out of physical RAM or swap space
#   The process is running with CompressedOops enabled, and the Java Heap may be blocking the growth of the native heap
# Possible solutions:
#   Reduce memory load on the system
#   Increase physical memory or swap space
#   Check if swap backing store is full
#   Decrease Java heap size (-Xmx/-Xms)
#   Decrease number of Java threads
#   Decrease Java thread stack sizes (-Xss)
#   Set larger code cache with -XX:ReservedCodeCacheSize=
#   JVM is running with Unscaled Compressed Oops mode in which the Java heap is
#     placed in the first 4GB address space. The Java Heap base address is the
#     maximum limit for the native heap growth. Please use -XX:HeapBaseMinAddress
#     to set the Java Heap base and to place the Java Heap above 4GB virtual address.
# This output file may be truncated or incomplete.
#
#  Out of Memory Error (arena.cpp:191), pid=6272, tid=29860
#
# JRE version: OpenJDK Runtime Environment (17.0.10) (build 17.0.10+0--11609105)
# Java VM: OpenJDK 64-Bit Server VM (17.0.10+0--11609105, mixed mode, tiered, compressed oops, compressed class ptrs, g1 gc, windows-amd64)
# No core dump will be written. Minidumps are not enabled by default on client versions of Windows
#

---------------  S U M M A R Y ------------

Command Line: org.jetbrains.kotlin.cli.jvm.K2JVMCompiler @P:\semester5\ProyekKP\ntbs\lakupandai-lokal\app\build\20240917_8873030198862032344.compiler.options

Host: AMD Ryzen 3 5300U with Radeon Graphics         , 8 cores, 5G,  Windows 11 , 64 bit Build 22621 (10.0.22621.3958)
Time: Tue Sep 17 13:52:54 2024 SE Asia Standard Time elapsed time: 64.944519 seconds (0d 0h 1m 4s)

---------------  T H R E A D  ---------------

Current thread (0x0000021945127cd0):  JavaThread "C2 CompilerThread0" daemon [_thread_in_native, id=29860, stack(0x00000098b1a00000,0x00000098b1b00000)]


Current CompileTask:
C2:  64945 18454       4       org.jetbrains.kotlin.ir.util.TypeTranslator::translateTypeAnnotations (230 bytes)

Stack: [0x00000098b1a00000,0x00000098b1b00000]
Native frames: (J=compiled Java code, j=interpreted, Vv=VM code, C=native code)
V  [jvm.dll+0x688de9]
V  [jvm.dll+0x8423da]
V  [jvm.dll+0x84401e]
V  [jvm.dll+0x844683]
V  [jvm.dll+0x24be0f]
V  [jvm.dll+0xac524]
V  [jvm.dll+0xacb6c]
V  [jvm.dll+0x36bd67]
V  [jvm.dll+0x33615a]
V  [jvm.dll+0x3355fa]
V  [jvm.dll+0x21daa1]
V  [jvm.dll+0x21cec1]
V  [jvm.dll+0x1a60ad]
V  [jvm.dll+0x22cd78]
V  [jvm.dll+0x22aeb0]
V  [jvm.dll+0x7f6877]
V  [jvm.dll+0x7f0c7a]
V  [jvm.dll+0x687c65]
C  [ucrtbase.dll+0x29333]
C  [KERNEL32.DLL+0x1257d]
C  [ntdll.dll+0x5af28]


---------------  P R O C E S S  ---------------

Threads class SMR info:
_java_thread_list=0x00000219475234c0, length=14, elements={
0x000002192842df20, 0x0000021940e49030, 0x0000021940e49eb0, 0x0000021940e55e40,
0x0000021940e57720, 0x0000021945126800, 0x00000219451270d0, 0x0000021945127cd0,
0x000002194512bb90, 0x0000021945148c00, 0x00000219452891b0, 0x000002194528baf0,
0x0000021947ac1ef0, 0x0000021947303f50
}

Java Threads: ( => current thread )
  0x000002192842df20 JavaThread "main" [_thread_in_Java, id=2332, stack(0x00000098b0d00000,0x00000098b0e00000)]
  0x0000021940e49030 JavaThread "Reference Handler" daemon [_thread_blocked, id=4988, stack(0x00000098b1400000,0x00000098b1500000)]
  0x0000021940e49eb0 JavaThread "Finalizer" daemon [_thread_blocked, id=25960, stack(0x00000098b1500000,0x00000098b1600000)]
  0x0000021940e55e40 JavaThread "Signal Dispatcher" daemon [_thread_blocked, id=16932, stack(0x00000098b1600000,0x00000098b1700000)]
  0x0000021940e57720 JavaThread "Attach Listener" daemon [_thread_blocked, id=29812, stack(0x00000098b1700000,0x00000098b1800000)]
  0x0000021945126800 JavaThread "Service Thread" daemon [_thread_blocked, id=14324, stack(0x00000098b1800000,0x00000098b1900000)]
  0x00000219451270d0 JavaThread "Monitor Deflation Thread" daemon [_thread_blocked, id=11492, stack(0x00000098b1900000,0x00000098b1a00000)]
=>0x0000021945127cd0 JavaThread "C2 CompilerThread0" daemon [_thread_in_native, id=29860, stack(0x00000098b1a00000,0x00000098b1b00000)]
  0x000002194512bb90 JavaThread "C1 CompilerThread0" daemon [_thread_in_native, id=25172, stack(0x00000098b1b00000,0x00000098b1c00000)]
  0x0000021945148c00 JavaThread "Sweeper thread" daemon [_thread_blocked, id=29868, stack(0x00000098b1c00000,0x00000098b1d00000)]
  0x00000219452891b0 JavaThread "Notification Thread" daemon [_thread_blocked, id=29856, stack(0x00000098b1d00000,0x00000098b1e00000)]
  0x000002194528baf0 JavaThread "Common-Cleaner" daemon [_thread_blocked, id=29900, stack(0x00000098b1f00000,0x00000098b2000000)]
  0x0000021947ac1ef0 JavaThread "C2 CompilerThread1" daemon [_thread_blocked, id=29100, stack(0x00000098b0a00000,0x00000098b0b00000)]
  0x0000021947303f50 JavaThread "C2 CompilerThread2" daemon [_thread_in_native, id=16212, stack(0x00000098b0b00000,0x00000098b0c00000)]

Other Threads:
  0x0000021940dcb0f0 VMThread "VM Thread" [stack: 0x00000098b1300000,0x00000098b1400000] [id=25756]
  0x000002194528b6a0 WatcherThread [stack: 0x00000098b1e00000,0x00000098b1f00000] [id=29828]
  0x0000021928478f30 GCTaskThread "GC Thread#0" [stack: 0x00000098b0e00000,0x00000098b0f00000] [id=21448]
  0x00000219456eced0 GCTaskThread "GC Thread#1" [stack: 0x00000098b2000000,0x00000098b2100000] [id=5640]
  0x0000021945893770 GCTaskThread "GC Thread#2" [stack: 0x00000098b2100000,0x00000098b2200000] [id=16376]
  0x00000219458b98a0 GCTaskThread "GC Thread#3" [stack: 0x00000098b2200000,0x00000098b2300000] [id=19100]
  0x00000219458ba380 GCTaskThread "GC Thread#4" [stack: 0x00000098b2300000,0x00000098b2400000] [id=8940]
  0x0000021945e2d410 GCTaskThread "GC Thread#5" [stack: 0x00000098b2400000,0x00000098b2500000] [id=30652]
  0x0000021945d459f0 GCTaskThread "GC Thread#6" [stack: 0x00000098b2500000,0x00000098b2600000] [id=30664]
  0x0000021945b90320 GCTaskThread "GC Thread#7" [stack: 0x00000098b2600000,0x00000098b2700000] [id=30660]
  0x00000219284859c0 ConcurrentGCThread "G1 Main Marker" [stack: 0x00000098b0f00000,0x00000098b1000000] [id=28148]
  0x00000219284863e0 ConcurrentGCThread "G1 Conc#0" [stack: 0x00000098b1000000,0x00000098b1100000] [id=14264]
  0x0000021945d447d0 ConcurrentGCThread "G1 Conc#1" [stack: 0x00000098b2700000,0x00000098b2800000] [id=30656]
  0x00000219284de270 ConcurrentGCThread "G1 Refine#0" [stack: 0x00000098b1100000,0x00000098b1200000] [id=20112]
  0x00000219284deca0 ConcurrentGCThread "G1 Service" [stack: 0x00000098b1200000,0x00000098b1300000] [id=23040]

Threads with active compile tasks:
C2 CompilerThread0    65027 18454       4       org.jetbrains.kotlin.ir.util.TypeTranslator::translateTypeAnnotations (230 bytes)
C1 CompilerThread0    65027 18552       3       org.jetbrains.kotlin.ir.declarations.lazy.IrLazyFunction::<init> (397 bytes)
C2 CompilerThread2    65027 18460       4       org.jetbrains.kotlin.types.AbstractTypeApproximator::approximateParametrizedType (1378 bytes)

VM state: not at safepoint (normal execution)

VM Mutex/Monitor currently owned by a thread: None

Heap address: 0x00000000a2600000, size: 1498 MB, Compressed Oops mode: 32-bit

CDS archive(s) not mapped
Compressed class space mapped at: 0x0000000100000000-0x0000000140000000, reserved size: 1073741824
Narrow klass base: 0x0000000000000000, Narrow klass shift: 3, Narrow klass range: 0x140000000

GC Precious Log:
 CPUs: 8 total, 8 available
 Memory: 5989M
 Large Page Support: Disabled
 NUMA Support: Disabled
 Compressed Oops: Enabled (32-bit)
 Heap Region Size: 1M
 Heap Min Capacity: 8M
 Heap Initial Capacity: 94M
 Heap Max Capacity: 1498M
 Pre-touch: Disabled
 Parallel Workers: 8
 Concurrent Workers: 2
 Concurrent Refinement Workers: 8
 Periodic GC: Disabled

Heap:
 garbage-first heap   total 209920K, used 169814K [0x00000000a2600000, 0x0000000100000000)
  region size 1024K, 55 young (56320K), 5 survivors (5120K)
 Metaspace       used 78752K, committed 79168K, reserved 1179648K
  class space    used 8680K, committed 8896K, reserved 1048576K

Heap Regions: E=young(eden), S=young(survivor), O=old, HS=humongous(starts), HC=humongous(continues), CS=collection set, F=free, OA=open archive, CA=closed archive, TAMS=top-at-mark-start (previous, next)
|   0|0x00000000a2600000, 0x00000000a2700000, 0x00000000a2700000|100%|HS|  |TAMS 0x00000000a2700000, 0x00000000a2600000| Complete 
|   1|0x00000000a2700000, 0x00000000a2800000, 0x00000000a2800000|100%|HC|  |TAMS 0x00000000a2800000, 0x00000000a2700000| Complete 
|   2|0x00000000a2800000, 0x00000000a2900000, 0x00000000a2900000|100%|HC|  |TAMS 0x00000000a2900000, 0x00000000a2800000| Complete 
|   3|0x00000000a2900000, 0x00000000a2a00000, 0x00000000a2a00000|100%|HC|  |TAMS 0x00000000a2a00000, 0x00000000a2900000| Complete 
|   4|0x00000000a2a00000, 0x00000000a2b00000, 0x00000000a2b00000|100%| O|  |TAMS 0x00000000a2b00000, 0x00000000a2a00000| Untracked 
|   5|0x00000000a2b00000, 0x00000000a2c00000, 0x00000000a2c00000|100%| O|  |TAMS 0x00000000a2c00000, 0x00000000a2b00000| Untracked 
|   6|0x00000000a2c00000, 0x00000000a2d00000, 0x00000000a2d00000|100%| O|  |TAMS 0x00000000a2d00000, 0x00000000a2c00000| Untracked 
|   7|0x00000000a2d00000, 0x00000000a2e00000, 0x00000000a2e00000|100%| O|  |TAMS 0x00000000a2e00000, 0x00000000a2d00000| Untracked 
|   8|0x00000000a2e00000, 0x00000000a2f00000, 0x00000000a2f00000|100%| O|  |TAMS 0x00000000a2e00000, 0x00000000a2e00000| Untracked 
|   9|0x00000000a2f00000, 0x00000000a3000000, 0x00000000a3000000|100%| O|  |TAMS 0x00000000a3000000, 0x00000000a2f00000| Untracked 
|  10|0x00000000a3000000, 0x00000000a3100000, 0x00000000a3100000|100%| O|  |TAMS 0x00000000a3100000, 0x00000000a3000000| Untracked 
|  11|0x00000000a3100000, 0x00000000a3200000, 0x00000000a3200000|100%| O|  |TAMS 0x00000000a3200000, 0x00000000a3100000| Untracked 
|  12|0x00000000a3200000, 0x00000000a3300000, 0x00000000a3300000|100%| O|  |TAMS 0x00000000a3300000, 0x00000000a3200000| Untracked 
|  13|0x00000000a3300000, 0x00000000a3400000, 0x00000000a3400000|100%| O|  |TAMS 0x00000000a3400000, 0x00000000a3300000| Untracked 
|  14|0x00000000a3400000, 0x00000000a3500000, 0x00000000a3500000|100%| O|  |TAMS 0x00000000a3500000, 0x00000000a3400000| Untracked 
|  15|0x00000000a3500000, 0x00000000a3600000, 0x00000000a3600000|100%| O|  |TAMS 0x00000000a3600000, 0x00000000a3500000| Untracked 
|  16|0x00000000a3600000, 0x00000000a3700000, 0x00000000a3700000|100%| O|  |TAMS 0x00000000a3700000, 0x00000000a3600000| Untracked 
|  17|0x00000000a3700000, 0x00000000a3800000, 0x00000000a3800000|100%| O|  |TAMS 0x00000000a3800000, 0x00000000a3700000| Untracked 
|  18|0x00000000a3800000, 0x00000000a3900000, 0x00000000a3900000|100%| O|  |TAMS 0x00000000a3900000, 0x00000000a3800000| Untracked 
|  19|0x00000000a3900000, 0x00000000a3a00000, 0x00000000a3a00000|100%| O|  |TAMS 0x00000000a3a00000, 0x00000000a3900000| Untracked 
|  20|0x00000000a3a00000, 0x00000000a3b00000, 0x00000000a3b00000|100%| O|  |TAMS 0x00000000a3b00000, 0x00000000a3a00000| Untracked 
|  21|0x00000000a3b00000, 0x00000000a3c00000, 0x00000000a3c00000|100%| O|  |TAMS 0x00000000a3c00000, 0x00000000a3b00000| Untracked 
|  22|0x00000000a3c00000, 0x00000000a3d00000, 0x00000000a3d00000|100%| O|  |TAMS 0x00000000a3d00000, 0x00000000a3c00000| Untracked 
|  23|0x00000000a3d00000, 0x00000000a3e00000, 0x00000000a3e00000|100%| O|  |TAMS 0x00000000a3e00000, 0x00000000a3d00000| Untracked 
|  24|0x00000000a3e00000, 0x00000000a3f00000, 0x00000000a3f00000|100%| O|  |TAMS 0x00000000a3f00000, 0x00000000a3e00000| Untracked 
|  25|0x00000000a3f00000, 0x00000000a4000000, 0x00000000a4000000|100%| O|  |TAMS 0x00000000a4000000, 0x00000000a3f00000| Untracked 
|  26|0x00000000a4000000, 0x00000000a4100000, 0x00000000a4100000|100%| O|  |TAMS 0x00000000a4100000, 0x00000000a4000000| Untracked 
|  27|0x00000000a4100000, 0x00000000a4200000, 0x00000000a4200000|100%|HS|  |TAMS 0x00000000a4200000, 0x00000000a4100000| Complete 
|  28|0x00000000a4200000, 0x00000000a4300000, 0x00000000a4300000|100%|HC|  |TAMS 0x00000000a4300000, 0x00000000a4200000| Complete 
|  29|0x00000000a4300000, 0x00000000a4400000, 0x00000000a4400000|100%| O|  |TAMS 0x00000000a4400000, 0x00000000a4300000| Untracked 
|  30|0x00000000a4400000, 0x00000000a4500000, 0x00000000a4500000|100%| O|  |TAMS 0x00000000a4500000, 0x00000000a4400000| Untracked 
|  31|0x00000000a4500000, 0x00000000a4600000, 0x00000000a4600000|100%| O|  |TAMS 0x00000000a4600000, 0x00000000a4500000| Untracked 
|  32|0x00000000a4600000, 0x00000000a4700000, 0x00000000a4700000|100%| O|  |TAMS 0x00000000a4700000, 0x00000000a4600000| Untracked 
|  33|0x00000000a4700000, 0x00000000a4800000, 0x00000000a4800000|100%| O|  |TAMS 0x00000000a4800000, 0x00000000a4700000| Untracked 
|  34|0x00000000a4800000, 0x00000000a4900000, 0x00000000a4900000|100%| O|  |TAMS 0x00000000a4900000, 0x00000000a4800000| Untracked 
|  35|0x00000000a4900000, 0x00000000a4a00000, 0x00000000a4a00000|100%| O|  |TAMS 0x00000000a4a00000, 0x00000000a4900000| Untracked 
|  36|0x00000000a4a00000, 0x00000000a4b00000, 0x00000000a4b00000|100%| O|  |TAMS 0x00000000a4b00000, 0x00000000a4a00000| Untracked 
|  37|0x00000000a4b00000, 0x00000000a4c00000, 0x00000000a4c00000|100%| O|  |TAMS 0x00000000a4c00000, 0x00000000a4b00000| Untracked 
|  38|0x00000000a4c00000, 0x00000000a4d00000, 0x00000000a4d00000|100%| O|  |TAMS 0x00000000a4d00000, 0x00000000a4c00000| Untracked 
|  39|0x00000000a4d00000, 0x00000000a4e00000, 0x00000000a4e00000|100%| O|  |TAMS 0x00000000a4e00000, 0x00000000a4d00000| Untracked 
|  40|0x00000000a4e00000, 0x00000000a4f00000, 0x00000000a4f00000|100%| O|  |TAMS 0x00000000a4e00000, 0x00000000a4e00000| Untracked 
|  41|0x00000000a4f00000, 0x00000000a5000000, 0x00000000a5000000|100%| O|  |TAMS 0x00000000a5000000, 0x00000000a4f00000| Untracked 
|  42|0x00000000a5000000, 0x00000000a5100000, 0x00000000a5100000|100%| O|  |TAMS 0x00000000a5100000, 0x00000000a5000000| Untracked 
|  43|0x00000000a5100000, 0x00000000a5200000, 0x00000000a5200000|100%| O|  |TAMS 0x00000000a51e3200, 0x00000000a5100000| Untracked 
|  44|0x00000000a5200000, 0x00000000a5300000, 0x00000000a5300000|100%| O|  |TAMS 0x00000000a5200000, 0x00000000a5200000| Untracked 
|  45|0x00000000a5300000, 0x00000000a5400000, 0x00000000a5400000|100%| O|  |TAMS 0x00000000a5300000, 0x00000000a5300000| Untracked 
|  46|0x00000000a5400000, 0x00000000a5500000, 0x00000000a5500000|100%| O|  |TAMS 0x00000000a5400000, 0x00000000a5400000| Untracked 
|  47|0x00000000a5500000, 0x00000000a5600000, 0x00000000a5600000|100%| O|  |TAMS 0x00000000a5500000, 0x00000000a5500000| Untracked 
|  48|0x00000000a5600000, 0x00000000a5700000, 0x00000000a5700000|100%| O|  |TAMS 0x00000000a5600000, 0x00000000a5600000| Untracked 
|  49|0x00000000a5700000, 0x00000000a5800000, 0x00000000a5800000|100%| O|  |TAMS 0x00000000a5700000, 0x00000000a5700000| Untracked 
|  50|0x00000000a5800000, 0x00000000a5900000, 0x00000000a5900000|100%| O|  |TAMS 0x00000000a5800000, 0x00000000a5800000| Untracked 
|  51|0x00000000a5900000, 0x00000000a5a00000, 0x00000000a5a00000|100%| O|  |TAMS 0x00000000a5900000, 0x00000000a5900000| Untracked 
|  52|0x00000000a5a00000, 0x00000000a5b00000, 0x00000000a5b00000|100%| O|  |TAMS 0x00000000a5a00000, 0x00000000a5a00000| Untracked 
|  53|0x00000000a5b00000, 0x00000000a5c00000, 0x00000000a5c00000|100%|HS|  |TAMS 0x00000000a5b00000, 0x00000000a5b00000| Complete 
|  54|0x00000000a5c00000, 0x00000000a5d00000, 0x00000000a5d00000|100%|HC|  |TAMS 0x00000000a5c00000, 0x00000000a5c00000| Complete 
|  55|0x00000000a5d00000, 0x00000000a5e00000, 0x00000000a5e00000|100%| O|  |TAMS 0x00000000a5d00000, 0x00000000a5d00000| Untracked 
|  56|0x00000000a5e00000, 0x00000000a5f00000, 0x00000000a5f00000|100%| O|  |TAMS 0x00000000a5e00000, 0x00000000a5e00000| Untracked 
|  57|0x00000000a5f00000, 0x00000000a6000000, 0x00000000a6000000|100%| O|  |TAMS 0x00000000a5f00000, 0x00000000a5f00000| Untracked 
|  58|0x00000000a6000000, 0x00000000a6100000, 0x00000000a6100000|100%| O|  |TAMS 0x00000000a6000000, 0x00000000a6000000| Untracked 
|  59|0x00000000a6100000, 0x00000000a6200000, 0x00000000a6200000|100%| O|  |TAMS 0x00000000a6100000, 0x00000000a6100000| Untracked 
|  60|0x00000000a6200000, 0x00000000a6300000, 0x00000000a6300000|100%| O|  |TAMS 0x00000000a6200000, 0x00000000a6200000| Untracked 
|  61|0x00000000a6300000, 0x00000000a6400000, 0x00000000a6400000|100%| O|  |TAMS 0x00000000a6300000, 0x00000000a6300000| Untracked 
|  62|0x00000000a6400000, 0x00000000a6500000, 0x00000000a6500000|100%| O|  |TAMS 0x00000000a6400000, 0x00000000a6400000| Untracked 
|  63|0x00000000a6500000, 0x00000000a6600000, 0x00000000a6600000|100%| O|  |TAMS 0x00000000a6500000, 0x00000000a6500000| Untracked 
|  64|0x00000000a6600000, 0x00000000a6700000, 0x00000000a6700000|100%| O|  |TAMS 0x00000000a6600000, 0x00000000a6600000| Untracked 
|  65|0x00000000a6700000, 0x00000000a6800000, 0x00000000a6800000|100%| O|  |TAMS 0x00000000a6700000, 0x00000000a6700000| Untracked 
|  66|0x00000000a6800000, 0x00000000a6900000, 0x00000000a6900000|100%| O|  |TAMS 0x00000000a6800000, 0x00000000a6800000| Untracked 
|  67|0x00000000a6900000, 0x00000000a6a00000, 0x00000000a6a00000|100%| O|  |TAMS 0x00000000a6900000, 0x00000000a6900000| Untracked 
|  68|0x00000000a6a00000, 0x00000000a6b00000, 0x00000000a6b00000|100%| O|  |TAMS 0x00000000a6a00000, 0x00000000a6a00000| Untracked 
|  69|0x00000000a6b00000, 0x00000000a6c00000, 0x00000000a6c00000|100%| O|  |TAMS 0x00000000a6b00000, 0x00000000a6b00000| Untracked 
|  70|0x00000000a6c00000, 0x00000000a6d00000, 0x00000000a6d00000|100%| O|  |TAMS 0x00000000a6c00000, 0x00000000a6c00000| Untracked 
|  71|0x00000000a6d00000, 0x00000000a6e00000, 0x00000000a6e00000|100%| O|  |TAMS 0x00000000a6d00000, 0x00000000a6d00000| Untracked 
|  72|0x00000000a6e00000, 0x00000000a6f00000, 0x00000000a6f00000|100%| O|  |TAMS 0x00000000a6e00000, 0x00000000a6e00000| Untracked 
|  73|0x00000000a6f00000, 0x00000000a7000000, 0x00000000a7000000|100%| O|  |TAMS 0x00000000a6f00000, 0x00000000a6f00000| Untracked 
|  74|0x00000000a7000000, 0x00000000a7100000, 0x00000000a7100000|100%| O|  |TAMS 0x00000000a7000000, 0x00000000a7000000| Untracked 
|  75|0x00000000a7100000, 0x00000000a7200000, 0x00000000a7200000|100%| O|  |TAMS 0x00000000a7100000, 0x00000000a7100000| Untracked 
|  76|0x00000000a7200000, 0x00000000a7300000, 0x00000000a7300000|100%| O|  |TAMS 0x00000000a7200000, 0x00000000a7200000| Untracked 
|  77|0x00000000a7300000, 0x00000000a7400000, 0x00000000a7400000|100%| O|  |TAMS 0x00000000a7300000, 0x00000000a7300000| Untracked 
|  78|0x00000000a7400000, 0x00000000a7500000, 0x00000000a7500000|100%| O|  |TAMS 0x00000000a7400000, 0x00000000a7400000| Untracked 
|  79|0x00000000a7500000, 0x00000000a7600000, 0x00000000a7600000|100%| O|  |TAMS 0x00000000a7500000, 0x00000000a7500000| Untracked 
|  80|0x00000000a7600000, 0x00000000a7700000, 0x00000000a7700000|100%| O|  |TAMS 0x00000000a7600000, 0x00000000a7600000| Untracked 
|  81|0x00000000a7700000, 0x00000000a7800000, 0x00000000a7800000|100%| O|  |TAMS 0x00000000a7700000, 0x00000000a7700000| Untracked 
|  82|0x00000000a7800000, 0x00000000a7900000, 0x00000000a7900000|100%| O|  |TAMS 0x00000000a7800000, 0x00000000a7800000| Untracked 
|  83|0x00000000a7900000, 0x00000000a7a00000, 0x00000000a7a00000|100%| O|  |TAMS 0x00000000a7900000, 0x00000000a7900000| Untracked 
|  84|0x00000000a7a00000, 0x00000000a7b00000, 0x00000000a7b00000|100%| O|  |TAMS 0x00000000a7a00000, 0x00000000a7a00000| Untracked 
|  85|0x00000000a7b00000, 0x00000000a7c00000, 0x00000000a7c00000|100%| O|  |TAMS 0x00000000a7b00000, 0x00000000a7b00000| Untracked 
|  86|0x00000000a7c00000, 0x00000000a7d00000, 0x00000000a7d00000|100%| O|  |TAMS 0x00000000a7c00000, 0x00000000a7c00000| Untracked 
|  87|0x00000000a7d00000, 0x00000000a7e00000, 0x00000000a7e00000|100%| O|  |TAMS 0x00000000a7d00000, 0x00000000a7d00000| Untracked 
|  88|0x00000000a7e00000, 0x00000000a7f00000, 0x00000000a7f00000|100%| O|  |TAMS 0x00000000a7e00000, 0x00000000a7e00000| Untracked 
|  89|0x00000000a7f00000, 0x00000000a8000000, 0x00000000a8000000|100%| O|  |TAMS 0x00000000a7f00000, 0x00000000a7f00000| Untracked 
|  90|0x00000000a8000000, 0x00000000a8100000, 0x00000000a8100000|100%| O|  |TAMS 0x00000000a8000000, 0x00000000a8000000| Untracked 
|  91|0x00000000a8100000, 0x00000000a8200000, 0x00000000a8200000|100%| O|  |TAMS 0x00000000a8100000, 0x00000000a8100000| Untracked 
|  92|0x00000000a8200000, 0x00000000a8300000, 0x00000000a8300000|100%| O|  |TAMS 0x00000000a8200000, 0x00000000a8200000| Untracked 
|  93|0x00000000a8300000, 0x00000000a8400000, 0x00000000a8400000|100%| O|  |TAMS 0x00000000a8300000, 0x00000000a8300000| Untracked 
|  94|0x00000000a8400000, 0x00000000a8500000, 0x00000000a8500000|100%| O|  |TAMS 0x00000000a8400000, 0x00000000a8400000| Untracked 
|  95|0x00000000a8500000, 0x00000000a8600000, 0x00000000a8600000|100%| O|  |TAMS 0x00000000a8500000, 0x00000000a8500000| Untracked 
|  96|0x00000000a8600000, 0x00000000a8700000, 0x00000000a8700000|100%| O|  |TAMS 0x00000000a8600000, 0x00000000a8600000| Untracked 
|  97|0x00000000a8700000, 0x00000000a8800000, 0x00000000a8800000|100%| O|  |TAMS 0x00000000a8700000, 0x00000000a8700000| Untracked 
|  98|0x00000000a8800000, 0x00000000a8900000, 0x00000000a8900000|100%| O|  |TAMS 0x00000000a8800000, 0x00000000a8800000| Untracked 
|  99|0x00000000a8900000, 0x00000000a8a00000, 0x00000000a8a00000|100%| O|  |TAMS 0x00000000a8900000, 0x00000000a8900000| Untracked 
| 100|0x00000000a8a00000, 0x00000000a8b00000, 0x00000000a8b00000|100%| O|  |TAMS 0x00000000a8a00000, 0x00000000a8a00000| Untracked 
| 101|0x00000000a8b00000, 0x00000000a8c00000, 0x00000000a8c00000|100%| O|  |TAMS 0x00000000a8b00000, 0x00000000a8b00000| Untracked 
| 102|0x00000000a8c00000, 0x00000000a8d00000, 0x00000000a8d00000|100%| O|  |TAMS 0x00000000a8c00000, 0x00000000a8c00000| Untracked 
| 103|0x00000000a8d00000, 0x00000000a8e00000, 0x00000000a8e00000|100%| O|  |TAMS 0x00000000a8d00000, 0x00000000a8d00000| Untracked 
| 104|0x00000000a8e00000, 0x00000000a8f00000, 0x00000000a8f00000|100%| O|  |TAMS 0x00000000a8e00000, 0x00000000a8e00000| Untracked 
| 105|0x00000000a8f00000, 0x00000000a9000000, 0x00000000a9000000|100%| O|  |TAMS 0x00000000a8f00000, 0x00000000a8f00000| Untracked 
| 106|0x00000000a9000000, 0x00000000a9100000, 0x00000000a9100000|100%| O|  |TAMS 0x00000000a9000000, 0x00000000a9000000| Untracked 
| 107|0x00000000a9100000, 0x00000000a9200000, 0x00000000a9200000|100%| O|  |TAMS 0x00000000a9100000, 0x00000000a9100000| Untracked 
| 108|0x00000000a9200000, 0x00000000a9300000, 0x00000000a9300000|100%| O|  |TAMS 0x00000000a9200000, 0x00000000a9200000| Untracked 
| 109|0x00000000a9300000, 0x00000000a9400000, 0x00000000a9400000|100%| O|  |TAMS 0x00000000a9300000, 0x00000000a9300000| Untracked 
| 110|0x00000000a9400000, 0x00000000a9500000, 0x00000000a9500000|100%| O|  |TAMS 0x00000000a9400000, 0x00000000a9400000| Untracked 
| 111|0x00000000a9500000, 0x00000000a9600000, 0x00000000a9600000|100%| O|  |TAMS 0x00000000a9500000, 0x00000000a9500000| Untracked 
| 112|0x00000000a9600000, 0x00000000a9653400, 0x00000000a9700000| 32%| O|  |TAMS 0x00000000a9600000, 0x00000000a9600000| Untracked 
| 113|0x00000000a9700000, 0x00000000a9700000, 0x00000000a9800000|  0%| F|  |TAMS 0x00000000a9700000, 0x00000000a9700000| Untracked 
| 114|0x00000000a9800000, 0x00000000a9800000, 0x00000000a9900000|  0%| F|  |TAMS 0x00000000a9800000, 0x00000000a9800000| Untracked 
| 115|0x00000000a9900000, 0x00000000a9900000, 0x00000000a9a00000|  0%| F|  |TAMS 0x00000000a9900000, 0x00000000a9900000| Untracked 
| 116|0x00000000a9a00000, 0x00000000a9a00000, 0x00000000a9b00000|  0%| F|  |TAMS 0x00000000a9a00000, 0x00000000a9a00000| Untracked 
| 117|0x00000000a9b00000, 0x00000000a9b00000, 0x00000000a9c00000|  0%| F|  |TAMS 0x00000000a9b00000, 0x00000000a9b00000| Untracked 
| 118|0x00000000a9c00000, 0x00000000a9c00000, 0x00000000a9d00000|  0%| F|  |TAMS 0x00000000a9c00000, 0x00000000a9c00000| Untracked 
| 119|0x00000000a9d00000, 0x00000000a9d00000, 0x00000000a9e00000|  0%| F|  |TAMS 0x00000000a9d00000, 0x00000000a9d00000| Untracked 
| 120|0x00000000a9e00000, 0x00000000a9e00000, 0x00000000a9f00000|  0%| F|  |TAMS 0x00000000a9e00000, 0x00000000a9e00000| Untracked 
| 121|0x00000000a9f00000, 0x00000000a9f00000, 0x00000000aa000000|  0%| F|  |TAMS 0x00000000a9f00000, 0x00000000a9f00000| Untracked 
| 122|0x00000000aa000000, 0x00000000aa000000, 0x00000000aa100000|  0%| F|  |TAMS 0x00000000aa000000, 0x00000000aa000000| Untracked 
| 123|0x00000000aa100000, 0x00000000aa100000, 0x00000000aa200000|  0%| F|  |TAMS 0x00000000aa100000, 0x00000000aa100000| Untracked 
| 124|0x00000000aa200000, 0x00000000aa200000, 0x00000000aa300000|  0%| F|  |TAMS 0x00000000aa200000, 0x00000000aa200000| Untracked 
| 125|0x00000000aa300000, 0x00000000aa300000, 0x00000000aa400000|  0%| F|  |TAMS 0x00000000aa300000, 0x00000000aa300000| Untracked 
| 126|0x00000000aa400000, 0x00000000aa400000, 0x00000000aa500000|  0%| F|  |TAMS 0x00000000aa400000, 0x00000000aa400000| Untracked 
| 127|0x00000000aa500000, 0x00000000aa500000, 0x00000000aa600000|  0%| F|  |TAMS 0x00000000aa500000, 0x00000000aa500000| Untracked 
| 128|0x00000000aa600000, 0x00000000aa600000, 0x00000000aa700000|  0%| F|  |TAMS 0x00000000aa600000, 0x00000000aa600000| Untracked 
| 129|0x00000000aa700000, 0x00000000aa700000, 0x00000000aa800000|  0%| F|  |TAMS 0x00000000aa700000, 0x00000000aa700000| Untracked 
| 130|0x00000000aa800000, 0x00000000aa800000, 0x00000000aa900000|  0%| F|  |TAMS 0x00000000aa800000, 0x00000000aa800000| Untracked 
| 131|0x00000000aa900000, 0x00000000aa900000, 0x00000000aaa00000|  0%| F|  |TAMS 0x00000000aa900000, 0x00000000aa900000| Untracked 
| 132|0x00000000aaa00000, 0x00000000aaa00000, 0x00000000aab00000|  0%| F|  |TAMS 0x00000000aaa00000, 0x00000000aaa00000| Untracked 
| 133|0x00000000aab00000, 0x00000000aab00000, 0x00000000aac00000|  0%| F|  |TAMS 0x00000000aab00000, 0x00000000aab00000| Untracked 
| 134|0x00000000aac00000, 0x00000000aac00000, 0x00000000aad00000|  0%| F|  |TAMS 0x00000000aac00000, 0x00000000aac00000| Untracked 
| 135|0x00000000aad00000, 0x00000000aad00000, 0x00000000aae00000|  0%| F|  |TAMS 0x00000000aad00000, 0x00000000aad00000| Untracked 
| 136|0x00000000aae00000, 0x00000000aae00000, 0x00000000aaf00000|  0%| F|  |TAMS 0x00000000aae00000, 0x00000000aae00000| Untracked 
| 137|0x00000000aaf00000, 0x00000000aaf00000, 0x00000000ab000000|  0%| F|  |TAMS 0x00000000aaf00000, 0x00000000aaf00000| Untracked 
| 138|0x00000000ab000000, 0x00000000ab000000, 0x00000000ab100000|  0%| F|  |TAMS 0x00000000ab000000, 0x00000000ab000000| Untracked 
| 139|0x00000000ab100000, 0x00000000ab100000, 0x00000000ab200000|  0%| F|  |TAMS 0x00000000ab100000, 0x00000000ab100000| Untracked 
| 140|0x00000000ab200000, 0x00000000ab200000, 0x00000000ab300000|  0%| F|  |TAMS 0x00000000ab200000, 0x00000000ab200000| Untracked 
| 141|0x00000000ab300000, 0x00000000ab300000, 0x00000000ab400000|  0%| F|  |TAMS 0x00000000ab300000, 0x00000000ab300000| Untracked 
| 142|0x00000000ab400000, 0x00000000ab400000, 0x00000000ab500000|  0%| F|  |TAMS 0x00000000ab400000, 0x00000000ab400000| Untracked 
| 143|0x00000000ab500000, 0x00000000ab582680, 0x00000000ab600000| 50%| S|CS|TAMS 0x00000000ab500000, 0x00000000ab500000| Complete 
| 144|0x00000000ab600000, 0x00000000ab700000, 0x00000000ab700000|100%| S|CS|TAMS 0x00000000ab600000, 0x00000000ab600000| Complete 
| 145|0x00000000ab700000, 0x00000000ab800000, 0x00000000ab800000|100%| S|CS|TAMS 0x00000000ab700000, 0x00000000ab700000| Complete 
| 146|0x00000000ab800000, 0x00000000ab900000, 0x00000000ab900000|100%| S|CS|TAMS 0x00000000ab800000, 0x00000000ab800000| Complete 
| 147|0x00000000ab900000, 0x00000000ab900000, 0x00000000aba00000|  0%| F|  |TAMS 0x00000000ab900000, 0x00000000ab900000| Untracked 
| 148|0x00000000aba00000, 0x00000000aba00000, 0x00000000abb00000|  0%| F|  |TAMS 0x00000000aba00000, 0x00000000aba00000| Untracked 
| 149|0x00000000abb00000, 0x00000000abc00000, 0x00000000abc00000|100%| S|CS|TAMS 0x00000000abb00000, 0x00000000abb00000| Complete 
| 150|0x00000000abc00000, 0x00000000abc00000, 0x00000000abd00000|  0%| F|  |TAMS 0x00000000abc00000, 0x00000000abc00000| Untracked 
| 151|0x00000000abd00000, 0x00000000abd00000, 0x00000000abe00000|  0%| F|  |TAMS 0x00000000abd00000, 0x00000000abd00000| Untracked 
| 152|0x00000000abe00000, 0x00000000abe00000, 0x00000000abf00000|  0%| F|  |TAMS 0x00000000abe00000, 0x00000000abe00000| Untracked 
| 153|0x00000000abf00000, 0x00000000abf00000, 0x00000000ac000000|  0%| F|  |TAMS 0x00000000abf00000, 0x00000000abf00000| Untracked 
| 154|0x00000000ac000000, 0x00000000ac000000, 0x00000000ac100000|  0%| F|  |TAMS 0x00000000ac000000, 0x00000000ac000000| Untracked 
| 155|0x00000000ac100000, 0x00000000ac180800, 0x00000000ac200000| 50%| E|  |TAMS 0x00000000ac100000, 0x00000000ac100000| Complete 
| 156|0x00000000ac200000, 0x00000000ac300000, 0x00000000ac300000|100%| E|CS|TAMS 0x00000000ac200000, 0x00000000ac200000| Complete 
| 157|0x00000000ac300000, 0x00000000ac400000, 0x00000000ac400000|100%| E|CS|TAMS 0x00000000ac300000, 0x00000000ac300000| Complete 
| 158|0x00000000ac400000, 0x00000000ac500000, 0x00000000ac500000|100%| E|CS|TAMS 0x00000000ac400000, 0x00000000ac400000| Complete 
| 159|0x00000000ac500000, 0x00000000ac600000, 0x00000000ac600000|100%| E|CS|TAMS 0x00000000ac500000, 0x00000000ac500000| Complete 
| 160|0x00000000ac600000, 0x00000000ac700000, 0x00000000ac700000|100%| E|CS|TAMS 0x00000000ac600000, 0x00000000ac600000| Complete 
| 161|0x00000000ac700000, 0x00000000ac800000, 0x00000000ac800000|100%| E|CS|TAMS 0x00000000ac700000, 0x00000000ac700000| Complete 
| 162|0x00000000ac800000, 0x00000000ac900000, 0x00000000ac900000|100%| E|CS|TAMS 0x00000000ac800000, 0x00000000ac800000| Complete 
| 163|0x00000000ac900000, 0x00000000aca00000, 0x00000000aca00000|100%| E|CS|TAMS 0x00000000ac900000, 0x00000000ac900000| Complete 
| 164|0x00000000aca00000, 0x00000000acb00000, 0x00000000acb00000|100%| E|CS|TAMS 0x00000000aca00000, 0x00000000aca00000| Complete 
| 165|0x00000000acb00000, 0x00000000acc00000, 0x00000000acc00000|100%| E|CS|TAMS 0x00000000acb00000, 0x00000000acb00000| Complete 
| 166|0x00000000acc00000, 0x00000000acd00000, 0x00000000acd00000|100%| E|CS|TAMS 0x00000000acc00000, 0x00000000acc00000| Complete 
| 167|0x00000000acd00000, 0x00000000ace00000, 0x00000000ace00000|100%| E|CS|TAMS 0x00000000acd00000, 0x00000000acd00000| Complete 
| 168|0x00000000ace00000, 0x00000000acf00000, 0x00000000acf00000|100%| E|CS|TAMS 0x00000000ace00000, 0x00000000ace00000| Complete 
| 169|0x00000000acf00000, 0x00000000ad000000, 0x00000000ad000000|100%| E|CS|TAMS 0x00000000acf00000, 0x00000000acf00000| Complete 
| 170|0x00000000ad000000, 0x00000000ad100000, 0x00000000ad100000|100%| E|CS|TAMS 0x00000000ad000000, 0x00000000ad000000| Complete 
| 171|0x00000000ad100000, 0x00000000ad200000, 0x00000000ad200000|100%| E|CS|TAMS 0x00000000ad100000, 0x00000000ad100000| Complete 
| 172|0x00000000ad200000, 0x00000000ad300000, 0x00000000ad300000|100%| E|CS|TAMS 0x00000000ad200000, 0x00000000ad200000| Complete 
| 173|0x00000000ad300000, 0x00000000ad400000, 0x00000000ad400000|100%| E|CS|TAMS 0x00000000ad300000, 0x00000000ad300000| Complete 
| 174|0x00000000ad400000, 0x00000000ad500000, 0x00000000ad500000|100%| E|CS|TAMS 0x00000000ad400000, 0x00000000ad400000| Complete 
| 175|0x00000000ad500000, 0x00000000ad600000, 0x00000000ad600000|100%| E|CS|TAMS 0x00000000ad500000, 0x00000000ad500000| Complete 
| 176|0x00000000ad600000, 0x00000000ad700000, 0x00000000ad700000|100%| E|CS|TAMS 0x00000000ad600000, 0x00000000ad600000| Complete 
| 177|0x00000000ad700000, 0x00000000ad800000, 0x00000000ad800000|100%| E|CS|TAMS 0x00000000ad700000, 0x00000000ad700000| Complete 
| 178|0x00000000ad800000, 0x00000000ad900000, 0x00000000ad900000|100%| E|CS|TAMS 0x00000000ad800000, 0x00000000ad800000| Complete 
| 179|0x00000000ad900000, 0x00000000ada00000, 0x00000000ada00000|100%| E|CS|TAMS 0x00000000ad900000, 0x00000000ad900000| Complete 
| 180|0x00000000ada00000, 0x00000000adb00000, 0x00000000adb00000|100%| E|CS|TAMS 0x00000000ada00000, 0x00000000ada00000| Complete 
| 181|0x00000000adb00000, 0x00000000adc00000, 0x00000000adc00000|100%| E|CS|TAMS 0x00000000adb00000, 0x00000000adb00000| Complete 
| 182|0x00000000adc00000, 0x00000000add00000, 0x00000000add00000|100%| E|CS|TAMS 0x00000000adc00000, 0x00000000adc00000| Complete 
| 183|0x00000000add00000, 0x00000000ade00000, 0x00000000ade00000|100%| E|CS|TAMS 0x00000000add00000, 0x00000000add00000| Complete 
| 184|0x00000000ade00000, 0x00000000adf00000, 0x00000000adf00000|100%| E|CS|TAMS 0x00000000ade00000, 0x00000000ade00000| Complete 
| 185|0x00000000adf00000, 0x00000000ae000000, 0x00000000ae000000|100%| E|CS|TAMS 0x00000000adf00000, 0x00000000adf00000| Complete 
| 186|0x00000000ae000000, 0x00000000ae100000, 0x00000000ae100000|100%| E|CS|TAMS 0x00000000ae000000, 0x00000000ae000000| Complete 
| 187|0x00000000ae100000, 0x00000000ae200000, 0x00000000ae200000|100%| E|CS|TAMS 0x00000000ae100000, 0x00000000ae100000| Complete 
| 188|0x00000000ae200000, 0x00000000ae300000, 0x00000000ae300000|100%| E|CS|TAMS 0x00000000ae200000, 0x00000000ae200000| Complete 
| 189|0x00000000ae300000, 0x00000000ae400000, 0x00000000ae400000|100%| E|CS|TAMS 0x00000000ae300000, 0x00000000ae300000| Complete 
| 190|0x00000000ae400000, 0x00000000ae500000, 0x00000000ae500000|100%| E|CS|TAMS 0x00000000ae400000, 0x00000000ae400000| Complete 
| 191|0x00000000ae500000, 0x00000000ae600000, 0x00000000ae600000|100%| E|CS|TAMS 0x00000000ae500000, 0x00000000ae500000| Complete 
| 192|0x00000000ae600000, 0x00000000ae700000, 0x00000000ae700000|100%| E|CS|TAMS 0x00000000ae600000, 0x00000000ae600000| Complete 
| 193|0x00000000ae700000, 0x00000000ae800000, 0x00000000ae800000|100%| E|CS|TAMS 0x00000000ae700000, 0x00000000ae700000| Complete 
| 194|0x00000000ae800000, 0x00000000ae900000, 0x00000000ae900000|100%| E|CS|TAMS 0x00000000ae800000, 0x00000000ae800000| Complete 
| 195|0x00000000ae900000, 0x00000000aea00000, 0x00000000aea00000|100%| E|CS|TAMS 0x00000000ae900000, 0x00000000ae900000| Complete 
| 196|0x00000000aea00000, 0x00000000aeb00000, 0x00000000aeb00000|100%| E|CS|TAMS 0x00000000aea00000, 0x00000000aea00000| Complete 
| 197|0x00000000aeb00000, 0x00000000aec00000, 0x00000000aec00000|100%| E|CS|TAMS 0x00000000aeb00000, 0x00000000aeb00000| Complete 
| 198|0x00000000aec00000, 0x00000000aed00000, 0x00000000aed00000|100%| E|CS|TAMS 0x00000000aec00000, 0x00000000aec00000| Complete 
| 199|0x00000000aed00000, 0x00000000aee00000, 0x00000000aee00000|100%| E|CS|TAMS 0x00000000aed00000, 0x00000000aed00000| Complete 
| 200|0x00000000aee00000, 0x00000000aef00000, 0x00000000aef00000|100%| E|CS|TAMS 0x00000000aee00000, 0x00000000aee00000| Complete 
| 201|0x00000000aef00000, 0x00000000af000000, 0x00000000af000000|100%| E|CS|TAMS 0x00000000aef00000, 0x00000000aef00000| Complete 
| 202|0x00000000af000000, 0x00000000af100000, 0x00000000af100000|100%| E|CS|TAMS 0x00000000af000000, 0x00000000af000000| Complete 
| 203|0x00000000af100000, 0x00000000af200000, 0x00000000af200000|100%| E|CS|TAMS 0x00000000af100000, 0x00000000af100000| Complete 
| 204|0x00000000af200000, 0x00000000af300000, 0x00000000af300000|100%| E|CS|TAMS 0x00000000af200000, 0x00000000af200000| Complete 

Card table byte_map: [0x000002193af20000,0x000002193b210000] _byte_map_base: 0x000002193aa0d000

Marking Bits (Prev, Next): (CMBitMap*) 0x0000021928479590, (CMBitMap*) 0x0000021928479550
 Prev Bits: [0x000002193cc70000, 0x000002193e3d8000)
 Next Bits: [0x000002193b500000, 0x000002193cc68000)

Polling page: 0x0000021927be0000

Metaspace:

Usage:
  Non-class:     68.43 MB used.
      Class:      8.48 MB used.
       Both:     76.91 MB used.

Virtual space:
  Non-class space:      128.00 MB reserved,      68.62 MB ( 54%) committed,  2 nodes.
      Class space:        1.00 GB reserved,       8.69 MB ( <1%) committed,  1 nodes.
             Both:        1.12 GB reserved,      77.31 MB (  7%) committed. 

Chunk freelists:
   Non-Class:  11.22 MB
       Class:  7.31 MB
        Both:  18.53 MB

MaxMetaspaceSize: unlimited
CompressedClassSpaceSize: 1.00 GB
Initial GC threshold: 21.00 MB
Current GC threshold: 92.44 MB
CDS: off
MetaspaceReclaimPolicy: balanced
 - commit_granule_bytes: 65536.
 - commit_granule_words: 8192.
 - virtual_space_node_default_size: 8388608.
 - enlarge_chunks_in_place: 1.
 - new_chunks_are_fully_committed: 0.
 - uncommit_free_chunks: 1.
 - use_allocation_guard: 0.
 - handle_deallocations: 1.


Internal statistics:

num_allocs_failed_limit: 6.
num_arena_births: 742.
num_arena_deaths: 0.
num_vsnodes_births: 3.
num_vsnodes_deaths: 0.
num_space_committed: 1235.
num_space_uncommitted: 0.
num_chunks_returned_to_freelist: 6.
num_chunks_taken_from_freelist: 3562.
num_chunk_merges: 6.
num_chunk_splits: 2633.
num_chunks_enlarged: 2068.
num_inconsistent_stats: 0.

CodeHeap 'non-profiled nmethods': size=120000Kb used=9122Kb max_used=9122Kb free=110877Kb
 bounds [0x00000219333d0000, 0x0000021933cc0000, 0x000002193a900000]
CodeHeap 'profiled nmethods': size=120000Kb used=37869Kb max_used=37869Kb free=82130Kb
 bounds [0x000002192b900000, 0x000002192de10000, 0x0000021932e30000]
CodeHeap 'non-nmethods': size=5760Kb used=1380Kb max_used=1424Kb free=4379Kb
 bounds [0x0000021932e30000, 0x00000219330a0000, 0x00000219333d0000]
 total_blobs=14714 nmethods=14010 adapters=613
 compilation: enabled
              stopped_count=0, restarted_count=0
 full_count=0

Compilation events (20 events):
Event: 64.916 Thread 0x000002194512bb90 18520       3       org.jetbrains.kotlin.backend.jvm.JvmGeneratorExtensionsImpl::computeExternalDeclarationOrigin (37 bytes)
Event: 64.917 Thread 0x000002194512bb90 nmethod 18520 0x000002192dddb810 code [0x000002192dddba40, 0x000002192dddc298]
Event: 64.918 Thread 0x000002194512bb90 18525       1       org.jetbrains.kotlin.ir.declarations.lazy.IrLazyField::getStubGenerator (5 bytes)
Event: 64.918 Thread 0x000002194512bb90 nmethod 18525 0x0000021933cb2c10 code [0x0000021933cb2da0, 0x0000021933cb2e78]
Event: 64.918 Thread 0x000002194512bb90 18521       3       org.jetbrains.kotlin.ir.declarations.lazy.IrLazyDeclarationBase$DefaultImpls::createLazyParent (24 bytes)
Event: 64.919 Thread 0x000002194512bb90 nmethod 18521 0x000002192dddc510 code [0x000002192dddc800, 0x000002192dddd798]
Event: 64.919 Thread 0x000002194512bb90 18522       3       org.jetbrains.kotlin.ir.declarations.lazy.IrLazyDeclarationBase$createLazyParent$1::<init> (7 bytes)
Event: 64.920 Thread 0x000002194512bb90 nmethod 18522 0x000002192d958d90 code [0x000002192d958f20, 0x000002192d959068]
Event: 64.920 Thread 0x000002194512bb90 18523       3       org.jetbrains.kotlin.backend.common.serialization.IrModuleDeserializerWithBuiltIns::declareIrSymbol (47 bytes)
Event: 64.921 Thread 0x000002194512bb90 nmethod 18523 0x000002192ddddd90 code [0x000002192ddde000, 0x000002192ddde868]
Event: 64.921 Thread 0x000002194512bb90 18527       1       org.jetbrains.kotlin.ir.declarations.lazy.IrLazySymbolTable::setStubGenerator (6 bytes)
Event: 64.922 Thread 0x000002194512bb90 nmethod 18527 0x0000021933cb2f10 code [0x0000021933cb30a0, 0x0000021933cb31b8]
Event: 64.922 Thread 0x000002194512bb90 18526       3       org.jetbrains.kotlin.backend.common.serialization.KotlinIrLinker::deserializeAllReachableTopLevels (54 bytes)
Event: 64.923 Thread 0x000002194512bb90 nmethod 18526 0x000002192dddeb90 code [0x000002192dddeda0, 0x000002192dddf5c8]
Event: 64.923 Thread 0x000002194512bb90 18524       3       org.jetbrains.kotlin.ir.backend.jvm.serialization.JvmIrLinker$MetadataJVMModuleDeserializer::declareIrSymbol (46 bytes)
Event: 64.925 Thread 0x000002194512bb90 nmethod 18524 0x000002192dddf810 code [0x000002192dddfa80, 0x000002192dde0468]
Event: 64.925 Thread 0x000002194512bb90 18529       1       org.jetbrains.kotlin.ir.declarations.lazy.IrLazySymbolTable::getStubGenerator (5 bytes)
Event: 64.926 Thread 0x000002194512bb90 nmethod 18529 0x0000021933cb3210 code [0x0000021933cb33a0, 0x0000021933cb3478]
Event: 64.926 Thread 0x000002194512bb90 18530       1       org.jetbrains.kotlin.ir.declarations.lazy.IrLazyField::getSymbol (5 bytes)
Event: 64.926 Thread 0x000002194512bb90 nmethod 18530 0x0000021933cb3510 code [0x0000021933cb36a0, 0x0000021933cb3778]

GC Heap History (20 events):
Event: 23.284 GC heap before
{Heap before GC invocations=29 (full 0):
 garbage-first heap   total 209920K, used 147718K [0x00000000a2600000, 0x0000000100000000)
  region size 1024K, 90 young (92160K), 12 survivors (12288K)
 Metaspace       used 65257K, committed 65536K, reserved 1114112K
  class space    used 7321K, committed 7424K, reserved 1048576K
}
Event: 23.312 GC heap after
{Heap after GC invocations=30 (full 0):
 garbage-first heap   total 209920K, used 77057K [0x00000000a2600000, 0x0000000100000000)
  region size 1024K, 10 young (10240K), 10 survivors (10240K)
 Metaspace       used 65257K, committed 65536K, reserved 1114112K
  class space    used 7321K, committed 7424K, reserved 1048576K
}
Event: 28.807 GC heap before
{Heap before GC invocations=30 (full 0):
 garbage-first heap   total 209920K, used 152833K [0x00000000a2600000, 0x0000000100000000)
  region size 1024K, 84 young (86016K), 10 survivors (10240K)
 Metaspace       used 65857K, committed 66176K, reserved 1114112K
  class space    used 7343K, committed 7488K, reserved 1048576K
}
Event: 28.827 GC heap after
{Heap after GC invocations=31 (full 0):
 garbage-first heap   total 209920K, used 82230K [0x00000000a2600000, 0x0000000100000000)
  region size 1024K, 6 young (6144K), 6 survivors (6144K)
 Metaspace       used 65857K, committed 66176K, reserved 1114112K
  class space    used 7343K, committed 7488K, reserved 1048576K
}
Event: 31.549 GC heap before
{Heap before GC invocations=31 (full 0):
 garbage-first heap   total 209920K, used 160054K [0x00000000a2600000, 0x0000000100000000)
  region size 1024K, 82 young (83968K), 6 survivors (6144K)
 Metaspace       used 66284K, committed 66560K, reserved 1114112K
  class space    used 7360K, committed 7488K, reserved 1048576K
}
Event: 31.565 GC heap after
{Heap after GC invocations=32 (full 0):
 garbage-first heap   total 209920K, used 85864K [0x00000000a2600000, 0x0000000100000000)
  region size 1024K, 9 young (9216K), 9 survivors (9216K)
 Metaspace       used 66284K, committed 66560K, reserved 1114112K
  class space    used 7360K, committed 7488K, reserved 1048576K
}
Event: 35.377 GC heap before
{Heap before GC invocations=32 (full 0):
 garbage-first heap   total 209920K, used 165736K [0x00000000a2600000, 0x0000000100000000)
  region size 1024K, 87 young (89088K), 9 survivors (9216K)
 Metaspace       used 66692K, committed 66944K, reserved 1114112K
  class space    used 7369K, committed 7488K, reserved 1048576K
}
Event: 35.397 GC heap after
{Heap after GC invocations=33 (full 0):
 garbage-first heap   total 209920K, used 90690K [0x00000000a2600000, 0x0000000100000000)
  region size 1024K, 9 young (9216K), 9 survivors (9216K)
 Metaspace       used 66692K, committed 66944K, reserved 1114112K
  class space    used 7369K, committed 7488K, reserved 1048576K
}
Event: 41.778 GC heap before
{Heap before GC invocations=33 (full 0):
 garbage-first heap   total 209920K, used 168514K [0x00000000a2600000, 0x0000000100000000)
  region size 1024K, 85 young (87040K), 9 survivors (9216K)
 Metaspace       used 66938K, committed 67200K, reserved 1114112K
  class space    used 7370K, committed 7488K, reserved 1048576K
}
Event: 41.798 GC heap after
{Heap after GC invocations=34 (full 0):
 garbage-first heap   total 209920K, used 95429K [0x00000000a2600000, 0x0000000100000000)
  region size 1024K, 9 young (9216K), 9 survivors (9216K)
 Metaspace       used 66938K, committed 67200K, reserved 1114112K
  class space    used 7370K, committed 7488K, reserved 1048576K
}
Event: 44.790 GC heap before
{Heap before GC invocations=34 (full 0):
 garbage-first heap   total 209920K, used 170181K [0x00000000a2600000, 0x0000000100000000)
  region size 1024K, 82 young (83968K), 9 survivors (9216K)
 Metaspace       used 67747K, committed 68160K, reserved 1114112K
  class space    used 7469K, committed 7680K, reserved 1048576K
}
Event: 44.813 GC heap after
{Heap after GC invocations=35 (full 0):
 garbage-first heap   total 209920K, used 100625K [0x00000000a2600000, 0x0000000100000000)
  region size 1024K, 10 young (10240K), 10 survivors (10240K)
 Metaspace       used 67747K, committed 68160K, reserved 1114112K
  class space    used 7469K, committed 7680K, reserved 1048576K
}
Event: 47.505 GC heap before
{Heap before GC invocations=35 (full 0):
 garbage-first heap   total 209920K, used 172305K [0x00000000a2600000, 0x0000000100000000)
  region size 1024K, 80 young (81920K), 10 survivors (10240K)
 Metaspace       used 67954K, committed 68352K, reserved 1114112K
  class space    used 7475K, committed 7680K, reserved 1048576K
}
Event: 47.529 GC heap after
{Heap after GC invocations=36 (full 0):
 garbage-first heap   total 209920K, used 106184K [0x00000000a2600000, 0x0000000100000000)
  region size 1024K, 10 young (10240K), 10 survivors (10240K)
 Metaspace       used 67954K, committed 68352K, reserved 1114112K
  class space    used 7475K, committed 7680K, reserved 1048576K
}
Event: 55.958 GC heap before
{Heap before GC invocations=36 (full 0):
 garbage-first heap   total 209920K, used 173768K [0x00000000a2600000, 0x0000000100000000)
  region size 1024K, 76 young (77824K), 10 survivors (10240K)
 Metaspace       used 71562K, committed 72000K, reserved 1114112K
  class space    used 8004K, committed 8256K, reserved 1048576K
}
Event: 55.992 GC heap after
{Heap after GC invocations=37 (full 0):
 garbage-first heap   total 209920K, used 114102K [0x00000000a2600000, 0x0000000100000000)
  region size 1024K, 10 young (10240K), 10 survivors (10240K)
 Metaspace       used 71562K, committed 72000K, reserved 1114112K
  class space    used 8004K, committed 8256K, reserved 1048576K
}
Event: 56.563 GC heap before
{Heap before GC invocations=37 (full 0):
 garbage-first heap   total 209920K, used 171446K [0x00000000a2600000, 0x0000000100000000)
  region size 1024K, 66 young (67584K), 10 survivors (10240K)
 Metaspace       used 71646K, committed 72064K, reserved 1114112K
  class space    used 8004K, committed 8256K, reserved 1048576K
}
Event: 56.580 GC heap after
{Heap after GC invocations=38 (full 0):
 garbage-first heap   total 209920K, used 117016K [0x00000000a2600000, 0x0000000100000000)
  region size 1024K, 2 young (2048K), 2 survivors (2048K)
 Metaspace       used 71646K, committed 72064K, reserved 1114112K
  class space    used 8004K, committed 8256K, reserved 1048576K
}
Event: 61.633 GC heap before
{Heap before GC invocations=38 (full 0):
 garbage-first heap   total 209920K, used 173336K [0x00000000a2600000, 0x0000000100000000)
  region size 1024K, 57 young (58368K), 2 survivors (2048K)
 Metaspace       used 77695K, committed 78144K, reserved 1179648K
  class space    used 8600K, committed 8832K, reserved 1048576K
}
Event: 61.647 GC heap after
{Heap after GC invocations=39 (full 0):
 garbage-first heap   total 209920K, used 119638K [0x00000000a2600000, 0x0000000100000000)
  region size 1024K, 5 young (5120K), 5 survivors (5120K)
 Metaspace       used 77695K, committed 78144K, reserved 1179648K
  class space    used 8600K, committed 8832K, reserved 1048576K
}

Dll operation events (2 events):
Event: 0.013 Loaded shared library P:\semester 4\Android\jbr\bin\java.dll
Event: 3.594 Loaded shared library P:\semester 4\Android\jbr\bin\verify.dll

Deoptimization events (20 events):
Event: 64.864 Thread 0x000002192842df20 Uncommon trap: trap_request=0xffffffde fr.pc=0x0000021933c9a5a4 relative=0x0000000000000b24
Event: 64.864 Thread 0x000002192842df20 Uncommon trap: reason=class_check action=maybe_recompile pc=0x0000021933c9a5a4 method=org.jetbrains.kotlin.resolve.DescriptorUtils.getContainingClass(Lorg/jetbrains/kotlin/descriptors/DeclarationDescriptor;)Lorg/jetbrains/kotlin/descriptors/ClassDescripto
Event: 64.864 Thread 0x000002192842df20 DEOPT PACKING pc=0x0000021933c9a5a4 sp=0x00000098b0dfe5b0
Event: 64.864 Thread 0x000002192842df20 DEOPT UNPACKING pc=0x0000021932e869a3 sp=0x00000098b0dfe500 mode 2
Event: 64.868 Thread 0x000002192842df20 Uncommon trap: trap_request=0xffffffde fr.pc=0x0000021933c9a5a4 relative=0x0000000000000b24
Event: 64.868 Thread 0x000002192842df20 Uncommon trap: reason=class_check action=maybe_recompile pc=0x0000021933c9a5a4 method=org.jetbrains.kotlin.resolve.DescriptorUtils.getContainingClass(Lorg/jetbrains/kotlin/descriptors/DeclarationDescriptor;)Lorg/jetbrains/kotlin/descriptors/ClassDescripto
Event: 64.868 Thread 0x000002192842df20 DEOPT PACKING pc=0x0000021933c9a5a4 sp=0x00000098b0dfe5b0
Event: 64.868 Thread 0x000002192842df20 DEOPT UNPACKING pc=0x0000021932e869a3 sp=0x00000098b0dfe500 mode 2
Event: 64.868 Thread 0x000002192842df20 Uncommon trap: trap_request=0xffffffde fr.pc=0x0000021933c9a5a4 relative=0x0000000000000b24
Event: 64.868 Thread 0x000002192842df20 Uncommon trap: reason=class_check action=maybe_recompile pc=0x0000021933c9a5a4 method=org.jetbrains.kotlin.resolve.DescriptorUtils.getContainingClass(Lorg/jetbrains/kotlin/descriptors/DeclarationDescriptor;)Lorg/jetbrains/kotlin/descriptors/ClassDescripto
Event: 64.868 Thread 0x000002192842df20 DEOPT PACKING pc=0x0000021933c9a5a4 sp=0x00000098b0dfe5b0
Event: 64.868 Thread 0x000002192842df20 DEOPT UNPACKING pc=0x0000021932e869a3 sp=0x00000098b0dfe500 mode 2
Event: 64.868 Thread 0x000002192842df20 Uncommon trap: trap_request=0xffffffde fr.pc=0x0000021933c6f494 relative=0x0000000000000154
Event: 64.868 Thread 0x000002192842df20 Uncommon trap: reason=class_check action=maybe_recompile pc=0x0000021933c6f494 method=org.jetbrains.kotlin.resolve.DescriptorUtils.getContainingClass(Lorg/jetbrains/kotlin/descriptors/DeclarationDescriptor;)Lorg/jetbrains/kotlin/descriptors/ClassDescripto
Event: 64.869 Thread 0x000002192842df20 DEOPT PACKING pc=0x0000021933c6f494 sp=0x00000098b0dfe550
Event: 64.869 Thread 0x000002192842df20 DEOPT UNPACKING pc=0x0000021932e869a3 sp=0x00000098b0dfe4f8 mode 2
Event: 64.893 Thread 0x000002192842df20 Uncommon trap: trap_request=0xffffff45 fr.pc=0x000002193353a6c8 relative=0x00000000000003a8
Event: 64.893 Thread 0x000002192842df20 Uncommon trap: reason=unstable_if action=reinterpret pc=0x000002193353a6c8 method=kotlin.LazyKt__LazyJVMKt.lazy(Lkotlin/LazyThreadSafetyMode;Lkotlin/jvm/functions/Function0;)Lkotlin/Lazy; @ 21 c2
Event: 64.893 Thread 0x000002192842df20 DEOPT PACKING pc=0x000002193353a6c8 sp=0x00000098b0dfe430
Event: 64.893 Thread 0x000002192842df20 DEOPT UNPACKING pc=0x0000021932e869a3 sp=0x00000098b0dfe3f0 mode 2

Classes unloaded (0 events):
No events

Classes redefined (0 events):
No events

Internal exceptions (20 events):
Event: 33.620 Thread 0x000002192842df20 Implicit null exception at 0x0000021933911568 to 0x00000219339115c1
Event: 33.858 Thread 0x000002192842df20 Implicit null exception at 0x00000219337f52ef to 0x00000219337f5494
Event: 38.210 Thread 0x000002192842df20 Implicit null exception at 0x00000219338cef7b to 0x00000219338cfa88
Event: 42.754 Thread 0x000002192842df20 Implicit null exception at 0x000002193397b744 to 0x000002193398331c
Event: 44.338 Thread 0x000002192842df20 Implicit null exception at 0x00000219337790ac to 0x0000021933779168
Event: 48.184 Thread 0x000002192842df20 Implicit null exception at 0x0000021933a85827 to 0x0000021933a85a1c
Event: 50.392 Thread 0x000002192842df20 Exception <a 'java/lang/NoSuchMethodError'{0x00000000ae118500}: 'java.lang.Object java.lang.invoke.DirectMethodHandle$Holder.invokeStatic(java.lang.Object, java.lang.Object, java.lang.Object, java.lang.Object, int)'> (0x00000000ae118500) 
thrown [s\src\hotspot\share\interpreter\linkResolver.cpp, line 771]
Event: 50.400 Thread 0x000002192842df20 Exception <a 'java/lang/NoSuchMethodError'{0x00000000ae1221e8}: 'java.lang.Object java.lang.invoke.DirectMethodHandle$Holder.newInvokeSpecial(java.lang.Object, java.lang.Object, java.lang.Object, java.lang.Object, int)'> (0x00000000ae1221e8) 
thrown [s\src\hotspot\share\interpreter\linkResolver.cpp, line 771]
Event: 50.402 Thread 0x000002192842df20 Exception <a 'java/lang/NoSuchMethodError'{0x00000000ae12a2b8}: 'java.lang.Object java.lang.invoke.Invokers$Holder.linkToTargetMethod(java.lang.Object, java.lang.Object, java.lang.Object, int, java.lang.Object)'> (0x00000000ae12a2b8) 
thrown [s\src\hotspot\share\interpreter\linkResolver.cpp, line 771]
Event: 51.349 Thread 0x000002192842df20 Exception <a 'java/lang/NoSuchMethodError'{0x00000000ae0cddd8}: 'void java.lang.invoke.DirectMethodHandle$Holder.invokeInterface(java.lang.Object, java.lang.Object)'> (0x00000000ae0cddd8) 
thrown [s\src\hotspot\share\interpreter\linkResolver.cpp, line 771]
Event: 52.300 Thread 0x000002192842df20 Exception <a 'java/lang/IncompatibleClassChangeError'{0x00000000aded0700}: Found class java.lang.Object, but interface was expected> (0x00000000aded0700) 
thrown [s\src\hotspot\share\interpreter\linkResolver.cpp, line 838]
Event: 52.664 Thread 0x000002192842df20 Implicit null exception at 0x0000021933991008 to 0x000002193399213c
Event: 53.809 Thread 0x000002192842df20 Implicit null exception at 0x00000219337121b4 to 0x0000021933712241
Event: 58.469 Thread 0x000002192842df20 Exception <a 'java/lang/NoSuchMethodError'{0x00000000ad731700}: 'java.lang.Object java.lang.invoke.DirectMethodHandle$Holder.invokeStaticInit(java.lang.Object, java.lang.Object, java.lang.Object, java.lang.Object)'> (0x00000000ad731700) 
thrown [s\src\hotspot\share\interpreter\linkResolver.cpp, line 771]
Event: 60.405 Thread 0x000002192842df20 Exception <a 'java/lang/NoSuchMethodError'{0x00000000ac8df1c8}: 'java.lang.Object java.lang.invoke.DirectMethodHandle$Holder.newInvokeSpecial(java.lang.Object, java.lang.Object, java.lang.Object, int, int)'> (0x00000000ac8df1c8) 
thrown [s\src\hotspot\share\interpreter\linkResolver.cpp, line 771]
Event: 60.406 Thread 0x000002192842df20 Exception <a 'java/lang/NoSuchMethodError'{0x00000000ac8e3008}: 'java.lang.Object java.lang.invoke.DirectMethodHandle$Holder.invokeSpecial(java.lang.Object, java.lang.Object, java.lang.Object, java.lang.Object, int, int)'> (0x00000000ac8e3008) 
thrown [s\src\hotspot\share\interpreter\linkResolver.cpp, line 771]
Event: 60.464 Thread 0x000002192842df20 Implicit null exception at 0x000002193343a6ed to 0x000002193343a90c
Event: 60.573 Thread 0x000002192842df20 Exception <a 'java/lang/NoSuchMethodError'{0x00000000ac660ee8}: 'java.lang.Object java.lang.invoke.DirectMethodHandle$Holder.invokeSpecial(java.lang.Object, java.lang.Object, int, int, java.lang.Object, java.lang.Object, java.lang.Object, java.lang.Object, java.lang.Object)'> (0x00000000ac660ee8) 
thrown [s\src\hotspot\share\interpreter\linkResolver.cpp, line 771]
Event: 61.459 Thread 0x000002192842df20 Exception <a 'java/lang/NoSuchMethodError'{0x00000000abd564f0}: 'java.lang.Object java.lang.invoke.DirectMethodHandle$Holder.newInvokeSpecial(java.lang.Object, java.lang.Object, int, int, java.lang.Object, java.lang.Object, java.lang.Object)'> (0x00000000abd564f0) 
thrown [s\src\hotspot\share\interpreter\linkResolver.cpp, line 771]
Event: 61.460 Thread 0x000002192842df20 Exception <a 'java/lang/NoSuchMethodError'{0x00000000abd5ad98}: 'java.lang.Object java.lang.invoke.DirectMethodHandle$Holder.invokeSpecial(java.lang.Object, java.lang.Object, java.lang.Object, int, int, java.lang.Object, java.lang.Object, java.lang.Object)'> (0x00000000abd5ad98) 
thrown [s\src\hotspot\share\interpreter\linkResolver.cpp, line 771]

VM Operations (20 events):
Event: 64.370 Executing VM operation: ICBufferFull
Event: 64.370 Executing VM operation: ICBufferFull done
Event: 64.652 Executing VM operation: HandshakeAllThreads
Event: 64.652 Executing VM operation: HandshakeAllThreads done
Event: 64.689 Executing VM operation: ICBufferFull
Event: 64.689 Executing VM operation: ICBufferFull done
Event: 64.849 Executing VM operation: HandshakeAllThreads
Event: 64.849 Executing VM operation: HandshakeAllThreads done
Event: 64.853 Executing VM operation: HandshakeAllThreads
Event: 64.853 Executing VM operation: HandshakeAllThreads done
Event: 64.886 Executing VM operation: HandshakeAllThreads
Event: 64.886 Executing VM operation: HandshakeAllThreads done
Event: 64.889 Executing VM operation: HandshakeAllThreads
Event: 64.889 Executing VM operation: HandshakeAllThreads done
Event: 64.903 Executing VM operation: HandshakeAllThreads
Event: 64.903 Executing VM operation: HandshakeAllThreads done
Event: 64.907 Executing VM operation: HandshakeAllThreads
Event: 64.907 Executing VM operation: HandshakeAllThreads done
Event: 64.933 Executing VM operation: HandshakeAllThreads
Event: 64.933 Executing VM operation: HandshakeAllThreads done

Events (20 events):
Event: 59.563 Thread 0x0000021945148c00 flushing nmethod 0x000002192d86f710
Event: 59.563 Thread 0x0000021945148c00 flushing nmethod 0x000002192d893a90
Event: 59.564 Thread 0x0000021945148c00 flushing nmethod 0x000002192da2e990
Event: 59.564 Thread 0x0000021945148c00 flushing nmethod 0x000002192dacf010
Event: 59.565 Thread 0x0000021945148c00 flushing nmethod 0x000002192dafb910
Event: 59.648 Thread 0x0000021947ac1ef0 Thread exited: 0x0000021947ac1ef0
Event: 60.206 Thread 0x0000021947ac5960 Thread exited: 0x0000021947ac5960
Event: 60.751 Thread 0x0000021947303f50 Thread added: 0x0000021947303f50
Event: 60.885 Thread 0x0000021947303f50 Thread exited: 0x0000021947303f50
Event: 61.287 Thread 0x0000021947303f50 Thread added: 0x0000021947303f50
Event: 61.621 Thread 0x00000219473044a0 Thread added: 0x00000219473044a0
Event: 62.397 Thread 0x0000021945148c00 flushing nmethod 0x000002192b9c2410
Event: 62.399 Thread 0x0000021945148c00 flushing nmethod 0x000002192bb3be10
Event: 62.404 Thread 0x0000021945148c00 flushing nmethod 0x000002192bf68990
Event: 62.409 Thread 0x0000021945148c00 flushing nmethod 0x000002192c239590
Event: 62.414 Thread 0x0000021945148c00 flushing nmethod 0x000002192c565f10
Event: 62.734 Thread 0x00000219473044a0 Thread exited: 0x00000219473044a0
Event: 63.381 Thread 0x0000021947303f50 Thread exited: 0x0000021947303f50
Event: 63.840 Thread 0x0000021947ac1ef0 Thread added: 0x0000021947ac1ef0
Event: 63.876 Thread 0x0000021947303f50 Thread added: 0x0000021947303f50


Dynamic libraries:
0x00007ff65c680000 - 0x00007ff65c68a000 	P:\semester 4\Android\jbr\bin\java.exe
0x00007ffec8d50000 - 0x00007ffec8f67000 	C:\WINDOWS\SYSTEM32\ntdll.dll
0x00007ffec6c60000 - 0x00007ffec6d24000 	C:\WINDOWS\System32\KERNEL32.DLL
0x00007ffec60a0000 - 0x00007ffec644d000 	C:\WINDOWS\System32\KERNELBASE.dll
0x00007ffec68e0000 - 0x00007ffec69f1000 	C:\WINDOWS\System32\ucrtbase.dll
0x00007ffea08d0000 - 0x00007ffea08e7000 	P:\semester 4\Android\jbr\bin\jli.dll
0x00007ffeb39b0000 - 0x00007ffeb39cb000 	P:\semester 4\Android\jbr\bin\VCRUNTIME140.dll
0x00007ffec74e0000 - 0x00007ffec768e000 	C:\WINDOWS\System32\USER32.dll
0x00007ffec6450000 - 0x00007ffec6476000 	C:\WINDOWS\System32\win32u.dll
0x00007ffea0600000 - 0x00007ffea0893000 	C:\WINDOWS\WinSxS\amd64_microsoft.windows.common-controls_6595b64144ccf1df_6.0.22621.3672_none_2713b9d173822955\COMCTL32.dll
0x00007ffec6a90000 - 0x00007ffec6ab9000 	C:\WINDOWS\System32\GDI32.dll
0x00007ffec6ba0000 - 0x00007ffec6c47000 	C:\WINDOWS\System32\msvcrt.dll
0x00007ffec65f0000 - 0x00007ffec6709000 	C:\WINDOWS\System32\gdi32full.dll
0x00007ffec6710000 - 0x00007ffec67aa000 	C:\WINDOWS\System32\msvcp_win.dll
0x00007ffec7720000 - 0x00007ffec7751000 	C:\WINDOWS\System32\IMM32.DLL
0x00007ffea1d30000 - 0x00007ffea1d3c000 	P:\semester 4\Android\jbr\bin\vcruntime140_1.dll
0x00007ffe40700000 - 0x00007ffe4078d000 	P:\semester 4\Android\jbr\bin\msvcp140.dll
0x00007ffe31b80000 - 0x00007ffe32803000 	P:\semester 4\Android\jbr\bin\server\jvm.dll
0x00007ffec8c50000 - 0x00007ffec8d02000 	C:\WINDOWS\System32\ADVAPI32.dll
0x00007ffec70c0000 - 0x00007ffec7169000 	C:\WINDOWS\System32\sechost.dll
0x00007ffec6070000 - 0x00007ffec6098000 	C:\WINDOWS\System32\bcrypt.dll
0x00007ffec7920000 - 0x00007ffec7a34000 	C:\WINDOWS\System32\RPCRT4.dll
0x00007ffebdb40000 - 0x00007ffebdb74000 	C:\WINDOWS\SYSTEM32\WINMM.dll
0x00007ffec1d10000 - 0x00007ffec1d1a000 	C:\WINDOWS\SYSTEM32\VERSION.dll
0x00007ffea96b0000 - 0x00007ffea96b9000 	C:\WINDOWS\SYSTEM32\WSOCK32.dll
0x00007ffec5f30000 - 0x00007ffec5f7d000 	C:\WINDOWS\SYSTEM32\POWRPROF.dll
0x00007ffec7a40000 - 0x00007ffec7ab1000 	C:\WINDOWS\System32\WS2_32.dll
0x00007ffec5f10000 - 0x00007ffec5f23000 	C:\WINDOWS\SYSTEM32\UMPDC.dll
0x00007ffec5080000 - 0x00007ffec5098000 	C:\WINDOWS\SYSTEM32\kernel.appcore.dll
0x00007ffec28a0000 - 0x00007ffec28aa000 	P:\semester 4\Android\jbr\bin\jimage.dll
0x00007ffec3a70000 - 0x00007ffec3ca2000 	C:\WINDOWS\SYSTEM32\DBGHELP.DLL
0x00007ffec6d30000 - 0x00007ffec70bd000 	C:\WINDOWS\System32\combase.dll
0x00007ffec6ac0000 - 0x00007ffec6b97000 	C:\WINDOWS\System32\OLEAUT32.dll
0x00007ffec2840000 - 0x00007ffec2872000 	C:\WINDOWS\SYSTEM32\dbgcore.DLL
0x00007ffec6a00000 - 0x00007ffec6a7b000 	C:\WINDOWS\System32\bcryptPrimitives.dll
0x00007ffeb9180000 - 0x00007ffeb91a5000 	P:\semester 4\Android\jbr\bin\java.dll
0x00007ffeb9160000 - 0x00007ffeb9178000 	P:\semester 4\Android\jbr\bin\zip.dll
0x00007ffec8230000 - 0x00007ffec8a98000 	C:\WINDOWS\System32\SHELL32.dll
0x00007ffec3f70000 - 0x00007ffec486e000 	C:\WINDOWS\SYSTEM32\windows.storage.dll
0x00007ffec3e30000 - 0x00007ffec3f6f000 	C:\WINDOWS\SYSTEM32\wintypes.dll
0x00007ffec7820000 - 0x00007ffec7919000 	C:\WINDOWS\System32\SHCORE.dll
0x00007ffec7ac0000 - 0x00007ffec7b1e000 	C:\WINDOWS\System32\shlwapi.dll
0x00007ffec5fa0000 - 0x00007ffec5fc1000 	C:\WINDOWS\SYSTEM32\profapi.dll
0x00007ffeb9140000 - 0x00007ffeb9159000 	P:\semester 4\Android\jbr\bin\net.dll
0x00007ffec04c0000 - 0x00007ffec05f6000 	C:\WINDOWS\SYSTEM32\WINHTTP.dll
0x00007ffec5510000 - 0x00007ffec5579000 	C:\WINDOWS\system32\mswsock.dll
0x00007ffeb73b0000 - 0x00007ffeb73c6000 	P:\semester 4\Android\jbr\bin\nio.dll
0x00007ffeb70c0000 - 0x00007ffeb70d0000 	P:\semester 4\Android\jbr\bin\verify.dll

dbghelp: loaded successfully - version: 4.0.5 - missing functions: none
symbol engine: initialized successfully - sym options: 0x614 - pdb path: .;P:\semester 4\Android\jbr\bin;C:\WINDOWS\SYSTEM32;C:\WINDOWS\WinSxS\amd64_microsoft.windows.common-controls_6595b64144ccf1df_6.0.22621.3672_none_2713b9d173822955;P:\semester 4\Android\jbr\bin\server

VM Arguments:
java_command: org.jetbrains.kotlin.cli.jvm.K2JVMCompiler @P:\semester5\ProyekKP\ntbs\lakupandai-lokal\app\build\20240917_8873030198862032344.compiler.options
java_class_path (initial): C:\Users\LENOVO\.gradle\caches\modules-2\files-2.1\org.jetbrains.kotlin\kotlin-compiler-embeddable\1.9.0\2c8c3a7402becca891f12739b3e9fd2dc2adbd7a\kotlin-compiler-embeddable-1.9.0.jar;C:\Users\LENOVO\.gradle\caches\modules-2\files-2.1\org.jetbrains.kotlin\kotlin-stdlib\1.9.0\8ee15ef0c67dc83d874f412d84378d7f0eb50b63\kotlin-stdlib-1.9.0.jar;C:\Users\LENOVO\.gradle\caches\modules-2\files-2.1\org.jetbrains.kotlin\kotlin-script-runtime\1.9.0\4b3102cbbb7e1b58d9d1adf89563f00069ffa7d1\kotlin-script-runtime-1.9.0.jar;C:\Users\LENOVO\.gradle\caches\modules-2\files-2.1\org.jetbrains.kotlin\kotlin-reflect\1.6.10\1cbe9c92c12a94eea200d23c2bbaedaf3daf5132\kotlin-reflect-1.6.10.jar;C:\Users\LENOVO\.gradle\caches\modules-2\files-2.1\org.jetbrains.kotlin\kotlin-daemon-embeddable\1.9.0\186543f5e28cf8d9a0290fecc2cf34301c40a65c\kotlin-daemon-embeddable-1.9.0.jar;C:\Users\LENOVO\.gradle\caches\modules-2\files-2.1\org.jetbrains.intellij.deps\trove4j\1.0.20200330\3afb14d5f9ceb459d724e907a21145e8ff394f02\trove4j-1.0.20200330.jar;C:\Users\LENOVO\.gradle\caches\modules-2\files-2.1\org.jetbrains.kotlin\kotlin-stdlib-common\1.9.0\cd65c21cfd1eec4d44ef09f9f52b6d9f8a720636\kotlin-stdlib-common-1.9.0.jar;C:\Users\LENOVO\.gradle\caches\modules-2\files-2.1\org.jetbrains\annotations\13.0\919f0dfe192fb4e063e7dacadee7f8bb9a2672a9\annotations-13.0.jar
Launcher Type: SUN_STANDARD

[Global flags]
     intx CICompilerCount                          = 4                                         {product} {ergonomic}
     uint ConcGCThreads                            = 2                                         {product} {ergonomic}
     uint G1ConcRefinementThreads                  = 8                                         {product} {ergonomic}
   size_t G1HeapRegionSize                         = 1048576                                   {product} {ergonomic}
    uintx GCDrainStackTargetSize                   = 64                                        {product} {ergonomic}
   size_t InitialHeapSize                          = 98566144                                  {product} {ergonomic}
   size_t MarkStackSize                            = 4194304                                   {product} {ergonomic}
   size_t MaxHeapSize                              = 1570766848                                {product} {ergonomic}
   size_t MaxNewSize                               = 941621248                                 {product} {ergonomic}
   size_t MinHeapDeltaBytes                        = 1048576                                   {product} {ergonomic}
   size_t MinHeapSize                              = 8388608                                   {product} {ergonomic}
    uintx NonNMethodCodeHeapSize                   = 5839372                                {pd product} {ergonomic}
    uintx NonProfiledCodeHeapSize                  = 122909434                              {pd product} {ergonomic}
    uintx ProfiledCodeHeapSize                     = 122909434                              {pd product} {ergonomic}
    uintx ReservedCodeCacheSize                    = 251658240                              {pd product} {ergonomic}
     bool SegmentedCodeCache                       = true                                      {product} {ergonomic}
   size_t SoftMaxHeapSize                          = 1570766848                             {manageable} {ergonomic}
     bool UseCompressedClassPointers               = true                           {product lp64_product} {ergonomic}
     bool UseCompressedOops                        = true                           {product lp64_product} {ergonomic}
     bool UseG1GC                                  = true                                      {product} {ergonomic}
     bool UseLargePagesIndividualAllocation        = false                                  {pd product} {ergonomic}

Logging:
Log output configuration:
 #0: stdout all=warning uptime,level,tags
 #1: stderr all=off uptime,level,tags

Environment Variables:
JAVA_HOME=C:\Program Files\Java\jdk-17\bin
PATH=C:\Program Files\Java\jdk-17\bin;C:\app\LENOVO\product\21c\dbhomeXE\bin;C:\Program Files\Common Files\Oracle\Java\javapath;C:\WINDOWS\system32;C:\WINDOWS;C:\WINDOWS\System32\Wbem;C:\WINDOWS\System32\WindowsPowerShell\v1.0\;C:\WINDOWS\System32\OpenSSH\;C:\Program Files\Git\cmd;C:\xampp\php;C:\composer;C:\apache-maven-3.9.5\bin;C:\Program Files\Java\jdk-17\bin;C:\Users\LENOVO\AppData\Local\Programs\Python\Python312\Scripts\;C:\Users\LENOVO\AppData\Local\Programs\Python\Python312\;C:\Users\LENOVO\AppData\Local\Microsoft\WindowsApps;C:\Users\LENOVO\AppData\Local\Programs\Microsoft VS Code\bin;C:\Users\LENOVO\AppData\Roaming\Composer\vendor\bin;C:\Users\LENOVO\AppData\Roaming\Composer\vendor\bin\;C:\Users\LENOVO\AppData\Local\GitHubDesktop\bin;C:\apache-maven-3.9.5\bin;C:\Program Files\JetBrains\IntelliJ IDEA 2023.2.4\bin;;C:\Program Files\JetBrains\IntelliJ IDEA Community Edition 2023.2.4\bin;;C:\Program Files\JetBrains\PyCharm Community Edition 2023.3.3\bin;;C:\flutter\bin;C:\flutter\bin;P:\xampp\php;C:\Program Files\kotlinc\bin;C:\Program Files\PostgreSQL\16\bin;
USERNAME=LENOVO
OS=Windows_NT
PROCESSOR_IDENTIFIER=AMD64 Family 23 Model 104 Stepping 1, AuthenticAMD
TMP=C:\Users\LENOVO\AppData\Local\Temp
TEMP=C:\Users\LENOVO\AppData\Local\Temp



Periodic native trim disabled

JNI global refs:
JNI global refs: 13, weak refs: 0

JNI global refs memory usage: 843, weak refs: 841

OOME stack traces (most recent first):
Classloader memory used:
Loader jdk.internal.loader.ClassLoaders$AppClassLoader                                 : 8288K
Loader bootstrap                                                                       : 1403K
Loader jdk.internal.reflect.DelegatingClassLoader                                      : 102K
Loader java.net.URLClassLoader                                                         : 54613B


---------------  S Y S T E M  ---------------

OS:
 Windows 11 , 64 bit Build 22621 (10.0.22621.3958)
OS uptime: 5 days 4:32 hours
Hyper-V role detected

CPU: total 8 (initial active 8) (8 cores per cpu, 2 threads per core) family 23 model 104 stepping 1 microcode 0x0, cx8, cmov, fxsr, ht, mmx, 3dnowpref, sse, sse2, sse3, ssse3, sse4a, sse4.1, sse4.2, popcnt, lzcnt, tsc, tscinvbit, avx, avx2, aes, clmul, bmi1, bmi2, adx, sha, fma, vzeroupper, clflush, clflushopt, hv
Processor Information for all 8 processors :
  Max Mhz: 2600, Current Mhz: 2600, Mhz Limit: 2600

Memory: 4k page, system-wide physical 5989M (846M free)
TotalPageFile size 24421M (AvailPageFile size 0M)
current process WorkingSet (physical memory assigned to process): 374M, peak: 374M
current process commit charge ("private bytes"): 472M, peak: 474M

vm_info: OpenJDK 64-Bit Server VM (17.0.10+0--11609105) for windows-amd64 JRE (17.0.10+0--11609105), built on Mar 21 2024 19:10:56 by "androidbuild" with MS VC++ 16.10 / 16.11 (VS2019)

END.
