#
# There is insufficient memory for the Java Runtime Environment to continue.
# Native memory allocation (mmap) failed to map 134217728 bytes for G1 virtual space
# Possible reasons:
#   The system is out of physical RAM or swap space
#   The process is running with CompressedOops enabled, and the Java Heap may be blocking the growth of the native heap
# Possible solutions:
#   Reduce memory load on the system
#   Increase physical memory or swap space
#   Check if swap backing store is full
#   Decrease Java heap size (-Xmx/-Xms)
#   Decrease number of Java threads
#   Decrease Java thread stack sizes (-Xss)
#   Set larger code cache with -XX:ReservedCodeCacheSize=
#   JVM is running with Unscaled Compressed Oops mode in which the Java heap is
#     placed in the first 4GB address space. The Java Heap base address is the
#     maximum limit for the native heap growth. Please use -XX:HeapBaseMinAddress
#     to set the Java Heap base and to place the Java Heap above 4GB virtual address.
# This output file may be truncated or incomplete.
#
#  Out of Memory Error (os_windows.cpp:3825), pid=17780, tid=31240
#
# JRE version: OpenJDK Runtime Environment (17.0.10) (build 17.0.10+0--11609105)
# Java VM: OpenJDK 64-Bit Server VM (17.0.10+0--11609105, mixed mode, tiered, compressed oops, compressed class ptrs, g1 gc, windows-amd64)
# No core dump will be written. Minidumps are not enabled by default on client versions of Windows
#

---------------  S U M M A R Y ------------

Command Line: org.jetbrains.kotlin.cli.jvm.K2JVMCompiler @P:\semester5\ProyekKP\ntbs\lakupandai-lokal\app\build\20240805_1472596406915641653.compiler.options

Host: AMD Ryzen 3 5300U with Radeon Graphics         , 8 cores, 5G,  Windows 11 , 64 bit Build 22621 (10.0.22621.3672)
Time: Mon Aug  5 16:00:03 2024 SE Asia Standard Time elapsed time: 10.248180 seconds (0d 0h 0m 10s)

---------------  T H R E A D  ---------------

Current thread (0x000001b7a0022930):  VMThread "VM Thread" [stack: 0x0000006f84c00000,0x0000006f84d00000] [id=31240]

Stack: [0x0000006f84c00000,0x0000006f84d00000]
Native frames: (J=compiled Java code, j=interpreted, Vv=VM code, C=native code)
V  [jvm.dll+0x688de9]
V  [jvm.dll+0x8423da]
V  [jvm.dll+0x84401e]
V  [jvm.dll+0x844683]
V  [jvm.dll+0x24be0f]
V  [jvm.dll+0x685bb9]
V  [jvm.dll+0x67a46a]
V  [jvm.dll+0x30cbab]
V  [jvm.dll+0x314056]
V  [jvm.dll+0x363dce]
V  [jvm.dll+0x363fff]
V  [jvm.dll+0x2e2978]
V  [jvm.dll+0x2e0b54]
V  [jvm.dll+0x2e015c]
V  [jvm.dll+0x32502b]
V  [jvm.dll+0x848d7b]
V  [jvm.dll+0x849ac1]
V  [jvm.dll+0x849fdd]
V  [jvm.dll+0x84a3b4]
V  [jvm.dll+0x84a480]
V  [jvm.dll+0x7f0c7a]
V  [jvm.dll+0x687c65]
C  [ucrtbase.dll+0x29333]
C  [KERNEL32.DLL+0x1257d]
C  [ntdll.dll+0x5af28]

VM_Operation (0x0000006f846fa340): G1CollectForAllocation, mode: safepoint, requested by thread 0x000001b787619860


---------------  P R O C E S S  ---------------

Threads class SMR info:
_java_thread_list=0x000001b7a6c44f30, length=14, elements={
0x000001b787619860, 0x000001b7a0028420, 0x000001b7a00297f0, 0x000001b7a0052a30,
0x000001b7a00535f0, 0x000001b7a02b8520, 0x000001b7a02b9c20, 0x000001b7a02ba9c0,
0x000001b7a02d87e0, 0x000001b7a02d98d0, 0x000001b7a0417f30, 0x000001b7a0431040,
0x000001b7a6786a30, 0x000001b7a64f2630
}

Java Threads: ( => current thread )
  0x000001b787619860 JavaThread "main" [_thread_blocked, id=15904, stack(0x0000006f84600000,0x0000006f84700000)]
  0x000001b7a0028420 JavaThread "Reference Handler" daemon [_thread_blocked, id=15232, stack(0x0000006f84d00000,0x0000006f84e00000)]
  0x000001b7a00297f0 JavaThread "Finalizer" daemon [_thread_blocked, id=19216, stack(0x0000006f84e00000,0x0000006f84f00000)]
  0x000001b7a0052a30 JavaThread "Signal Dispatcher" daemon [_thread_blocked, id=17528, stack(0x0000006f84f00000,0x0000006f85000000)]
  0x000001b7a00535f0 JavaThread "Attach Listener" daemon [_thread_blocked, id=12756, stack(0x0000006f85000000,0x0000006f85100000)]
  0x000001b7a02b8520 JavaThread "Service Thread" daemon [_thread_blocked, id=24788, stack(0x0000006f85100000,0x0000006f85200000)]
  0x000001b7a02b9c20 JavaThread "Monitor Deflation Thread" daemon [_thread_blocked, id=11280, stack(0x0000006f85200000,0x0000006f85300000)]
  0x000001b7a02ba9c0 JavaThread "C2 CompilerThread0" daemon [_thread_blocked, id=27264, stack(0x0000006f85300000,0x0000006f85400000)]
  0x000001b7a02d87e0 JavaThread "C1 CompilerThread0" daemon [_thread_blocked, id=24236, stack(0x0000006f85400000,0x0000006f85500000)]
  0x000001b7a02d98d0 JavaThread "Sweeper thread" daemon [_thread_blocked, id=2812, stack(0x0000006f85500000,0x0000006f85600000)]
  0x000001b7a0417f30 JavaThread "Notification Thread" daemon [_thread_blocked, id=25628, stack(0x0000006f85600000,0x0000006f85700000)]
  0x000001b7a0431040 JavaThread "Common-Cleaner" daemon [_thread_blocked, id=27616, stack(0x0000006f85800000,0x0000006f85900000)]
  0x000001b7a6786a30 JavaThread "C2 CompilerThread1" daemon [_thread_blocked, id=8052, stack(0x0000006f86100000,0x0000006f86200000)]
  0x000001b7a64f2630 JavaThread "C2 CompilerThread2" daemon [_thread_blocked, id=28020, stack(0x0000006f86200000,0x0000006f86300000)]

Other Threads:
=>0x000001b7a0022930 VMThread "VM Thread" [stack: 0x0000006f84c00000,0x0000006f84d00000] [id=31240]
  0x000001b7a041ac40 WatcherThread [stack: 0x0000006f85700000,0x0000006f85800000] [id=32740]
  0x000001b787668790 GCTaskThread "GC Thread#0" [stack: 0x0000006f84700000,0x0000006f84800000] [id=13672]
  0x000001b7a0a0a8c0 GCTaskThread "GC Thread#1" [stack: 0x0000006f85900000,0x0000006f85a00000] [id=27828]
  0x000001b7a0a23560 GCTaskThread "GC Thread#2" [stack: 0x0000006f85a00000,0x0000006f85b00000] [id=25148]
  0x000001b7a0a23820 GCTaskThread "GC Thread#3" [stack: 0x0000006f85b00000,0x0000006f85c00000] [id=32076]
  0x000001b7a0a23ae0 GCTaskThread "GC Thread#4" [stack: 0x0000006f85c00000,0x0000006f85d00000] [id=4824]
  0x000001b7a50d67b0 GCTaskThread "GC Thread#5" [stack: 0x0000006f85d00000,0x0000006f85e00000] [id=1884]
  0x000001b7a0d5f460 GCTaskThread "GC Thread#6" [stack: 0x0000006f85e00000,0x0000006f85f00000] [id=24292]
  0x000001b7a0d5f720 GCTaskThread "GC Thread#7" [stack: 0x0000006f85f00000,0x0000006f86000000] [id=11120]
  0x000001b787675220 ConcurrentGCThread "G1 Main Marker" [stack: 0x0000006f84800000,0x0000006f84900000] [id=9192]
  0x000001b787676c50 ConcurrentGCThread "G1 Conc#0" [stack: 0x0000006f84900000,0x0000006f84a00000] [id=21312]
  0x000001b7a50078d0 ConcurrentGCThread "G1 Conc#1" [stack: 0x0000006f86000000,0x0000006f86100000] [id=5884]
  0x000001b79fe840c0 ConcurrentGCThread "G1 Refine#0" [stack: 0x0000006f84a00000,0x0000006f84b00000] [id=21220]
  0x000001b7a6ca74a0 ConcurrentGCThread "G1 Refine#1" [stack: 0x0000006f86300000,0x0000006f86400000] [id=22312]
  0x000001b79fe84990 ConcurrentGCThread "G1 Service" [stack: 0x0000006f84b00000,0x0000006f84c00000] [id=29740]

Threads with active compile tasks:
C2 CompilerThread0    10310 6587       4       org.jetbrains.kotlin.serialization.deserialization.descriptors.DeserializedPackageMemberScope::hasClass (116 bytes)
C2 CompilerThread1    10310 6467       4       org.jetbrains.kotlin.serialization.deserialization.descriptors.DeserializedMemberScope::getContributedClassifier (63 bytes)
C2 CompilerThread2    10310 6531       4       org.jetbrains.kotlin.serialization.deserialization.descriptors.DeserializedPackageMemberScope::getContributedClassifier (26 bytes)

VM state: at safepoint (normal execution)

VM Mutex/Monitor currently owned by a thread:  ([mutex/lock_event])
[0x000001b787615ad0] Threads_lock - owner thread: 0x000001b7a0022930
[0x000001b787616cd0] Heap_lock - owner thread: 0x000001b787619860

Heap address: 0x00000000a2600000, size: 1498 MB, Compressed Oops mode: 32-bit

CDS archive(s) not mapped
Compressed class space mapped at: 0x0000000100000000-0x0000000140000000, reserved size: 1073741824
Narrow klass base: 0x0000000000000000, Narrow klass shift: 3, Narrow klass range: 0x140000000

GC Precious Log:
 CPUs: 8 total, 8 available
 Memory: 5989M
 Large Page Support: Disabled
 NUMA Support: Disabled
 Compressed Oops: Enabled (32-bit)
 Heap Region Size: 1M
 Heap Min Capacity: 8M
 Heap Initial Capacity: 94M
 Heap Max Capacity: 1498M
 Pre-touch: Disabled
 Parallel Workers: 8
 Concurrent Workers: 2
 Concurrent Refinement Workers: 8
 Periodic GC: Disabled

Heap:
 garbage-first heap   total 96256K, used 48128K [0x00000000a2600000, 0x0000000100000000)
  region size 1024K, 2 young (2048K), 2 survivors (2048K)
 Metaspace       used 57969K, committed 58240K, reserved 1114112K
  class space    used 6861K, committed 6976K, reserved 1048576K

Heap Regions: E=young(eden), S=young(survivor), O=old, HS=humongous(starts), HC=humongous(continues), CS=collection set, F=free, OA=open archive, CA=closed archive, TAMS=top-at-mark-start (previous, next)
|   0|0x00000000a2600000, 0x00000000a2700000, 0x00000000a2700000|100%|HS|  |TAMS 0x00000000a2700000, 0x00000000a2700000| Complete 
|   1|0x00000000a2700000, 0x00000000a2800000, 0x00000000a2800000|100%|HC|  |TAMS 0x00000000a2800000, 0x00000000a2800000| Complete 
|   2|0x00000000a2800000, 0x00000000a2900000, 0x00000000a2900000|100%|HC|  |TAMS 0x00000000a2900000, 0x00000000a2900000| Complete 
|   3|0x00000000a2900000, 0x00000000a2a00000, 0x00000000a2a00000|100%|HC|  |TAMS 0x00000000a2a00000, 0x00000000a2a00000| Complete 
|   4|0x00000000a2a00000, 0x00000000a2b00000, 0x00000000a2b00000|100%| O|  |TAMS 0x00000000a2b00000, 0x00000000a2b00000| Untracked 
|   5|0x00000000a2b00000, 0x00000000a2c00000, 0x00000000a2c00000|100%| O|  |TAMS 0x00000000a2c00000, 0x00000000a2c00000| Untracked 
|   6|0x00000000a2c00000, 0x00000000a2d00000, 0x00000000a2d00000|100%| O|  |TAMS 0x00000000a2d00000, 0x00000000a2d00000| Untracked 
|   7|0x00000000a2d00000, 0x00000000a2e00000, 0x00000000a2e00000|100%| O|  |TAMS 0x00000000a2e00000, 0x00000000a2e00000| Untracked 
|   8|0x00000000a2e00000, 0x00000000a2e00000, 0x00000000a2f00000|  0%| F|  |TAMS 0x00000000a2e00000, 0x00000000a2e00000| Untracked 
|   9|0x00000000a2f00000, 0x00000000a3000000, 0x00000000a3000000|100%| O|  |TAMS 0x00000000a3000000, 0x00000000a3000000| Untracked 
|  10|0x00000000a3000000, 0x00000000a3100000, 0x00000000a3100000|100%| O|  |TAMS 0x00000000a3100000, 0x00000000a3100000| Untracked 
|  11|0x00000000a3100000, 0x00000000a3200000, 0x00000000a3200000|100%| O|  |TAMS 0x00000000a3200000, 0x00000000a3200000| Untracked 
|  12|0x00000000a3200000, 0x00000000a3300000, 0x00000000a3300000|100%| O|  |TAMS 0x00000000a3300000, 0x00000000a3300000| Untracked 
|  13|0x00000000a3300000, 0x00000000a3400000, 0x00000000a3400000|100%| O|  |TAMS 0x00000000a3400000, 0x00000000a3400000| Untracked 
|  14|0x00000000a3400000, 0x00000000a3500000, 0x00000000a3500000|100%| O|  |TAMS 0x00000000a3500000, 0x00000000a3500000| Untracked 
|  15|0x00000000a3500000, 0x00000000a3600000, 0x00000000a3600000|100%| O|  |TAMS 0x00000000a3600000, 0x00000000a3600000| Untracked 
|  16|0x00000000a3600000, 0x00000000a3700000, 0x00000000a3700000|100%| O|  |TAMS 0x00000000a3700000, 0x00000000a3700000| Untracked 
|  17|0x00000000a3700000, 0x00000000a3800000, 0x00000000a3800000|100%| O|  |TAMS 0x00000000a3800000, 0x00000000a3800000| Untracked 
|  18|0x00000000a3800000, 0x00000000a3900000, 0x00000000a3900000|100%| O|  |TAMS 0x00000000a3900000, 0x00000000a3900000| Untracked 
|  19|0x00000000a3900000, 0x00000000a3a00000, 0x00000000a3a00000|100%| O|  |TAMS 0x00000000a3a00000, 0x00000000a3a00000| Untracked 
|  20|0x00000000a3a00000, 0x00000000a3b00000, 0x00000000a3b00000|100%| O|  |TAMS 0x00000000a3b00000, 0x00000000a3b00000| Untracked 
|  21|0x00000000a3b00000, 0x00000000a3c00000, 0x00000000a3c00000|100%| O|  |TAMS 0x00000000a3c00000, 0x00000000a3c00000| Untracked 
|  22|0x00000000a3c00000, 0x00000000a3d00000, 0x00000000a3d00000|100%| O|  |TAMS 0x00000000a3c00000, 0x00000000a3d00000| Untracked 
|  23|0x00000000a3d00000, 0x00000000a3e00000, 0x00000000a3e00000|100%| O|  |TAMS 0x00000000a3e00000, 0x00000000a3e00000| Untracked 
|  24|0x00000000a3e00000, 0x00000000a3f00000, 0x00000000a3f00000|100%| O|  |TAMS 0x00000000a3e00000, 0x00000000a3f00000| Untracked 
|  25|0x00000000a3f00000, 0x00000000a4000000, 0x00000000a4000000|100%| O|  |TAMS 0x00000000a3f00000, 0x00000000a4000000| Untracked 
|  26|0x00000000a4000000, 0x00000000a4100000, 0x00000000a4100000|100%|HS|  |TAMS 0x00000000a4100000, 0x00000000a4100000| Complete 
|  27|0x00000000a4100000, 0x00000000a4200000, 0x00000000a4200000|100%|HC|  |TAMS 0x00000000a4200000, 0x00000000a4200000| Complete 
|  28|0x00000000a4200000, 0x00000000a4300000, 0x00000000a4300000|100%| O|  |TAMS 0x00000000a4200000, 0x00000000a4300000| Untracked 
|  29|0x00000000a4300000, 0x00000000a4400000, 0x00000000a4400000|100%| O|  |TAMS 0x00000000a4400000, 0x00000000a4400000| Untracked 
|  30|0x00000000a4400000, 0x00000000a4500000, 0x00000000a4500000|100%| O|  |TAMS 0x00000000a4500000, 0x00000000a4500000| Untracked 
|  31|0x00000000a4500000, 0x00000000a4600000, 0x00000000a4600000|100%| O|  |TAMS 0x00000000a4600000, 0x00000000a4600000| Untracked 
|  32|0x00000000a4600000, 0x00000000a4700000, 0x00000000a4700000|100%| O|  |TAMS 0x00000000a4700000, 0x00000000a4700000| Untracked 
|  33|0x00000000a4700000, 0x00000000a4800000, 0x00000000a4800000|100%| O|  |TAMS 0x00000000a4800000, 0x00000000a4800000| Untracked 
|  34|0x00000000a4800000, 0x00000000a4900000, 0x00000000a4900000|100%| O|  |TAMS 0x00000000a4900000, 0x00000000a4900000| Untracked 
|  35|0x00000000a4900000, 0x00000000a4a00000, 0x00000000a4a00000|100%| O|  |TAMS 0x00000000a4a00000, 0x00000000a4a00000| Untracked 
|  36|0x00000000a4a00000, 0x00000000a4b00000, 0x00000000a4b00000|100%| O|  |TAMS 0x00000000a4b00000, 0x00000000a4b00000| Untracked 
|  37|0x00000000a4b00000, 0x00000000a4c00000, 0x00000000a4c00000|100%| O|  |TAMS 0x00000000a4c00000, 0x00000000a4c00000| Untracked 
|  38|0x00000000a4c00000, 0x00000000a4d00000, 0x00000000a4d00000|100%| O|  |TAMS 0x00000000a4d00000, 0x00000000a4d00000| Untracked 
|  39|0x00000000a4d00000, 0x00000000a4e00000, 0x00000000a4e00000|100%| O|  |TAMS 0x00000000a4e00000, 0x00000000a4e00000| Untracked 
|  40|0x00000000a4e00000, 0x00000000a4f00000, 0x00000000a4f00000|100%| O|  |TAMS 0x00000000a4f00000, 0x00000000a4f00000| Untracked 
|  41|0x00000000a4f00000, 0x00000000a5000000, 0x00000000a5000000|100%| O|  |TAMS 0x00000000a5000000, 0x00000000a5000000| Untracked 
|  42|0x00000000a5000000, 0x00000000a5100000, 0x00000000a5100000|100%| O|  |TAMS 0x00000000a50dae00, 0x00000000a5100000| Untracked 
|  43|0x00000000a5100000, 0x00000000a5200000, 0x00000000a5200000|100%| O|  |TAMS 0x00000000a5100000, 0x00000000a5200000| Untracked 
|  44|0x00000000a5200000, 0x00000000a5300000, 0x00000000a5300000|100%| O|  |TAMS 0x00000000a5200000, 0x00000000a5300000| Untracked 
|  45|0x00000000a5300000, 0x00000000a5400000, 0x00000000a5400000|100%| O|  |TAMS 0x00000000a5300000, 0x00000000a5400000| Untracked 
|  46|0x00000000a5400000, 0x00000000a5400000, 0x00000000a5500000|  0%| F|  |TAMS 0x00000000a5400000, 0x00000000a5400000| Untracked 
|  47|0x00000000a5500000, 0x00000000a5500000, 0x00000000a5600000|  0%| F|  |TAMS 0x00000000a5500000, 0x00000000a5500000| Untracked 
|  48|0x00000000a5600000, 0x00000000a5600000, 0x00000000a5700000|  0%| F|  |TAMS 0x00000000a5600000, 0x00000000a5600000| Untracked 
|  49|0x00000000a5700000, 0x00000000a5700000, 0x00000000a5800000|  0%| F|  |TAMS 0x00000000a5700000, 0x00000000a5700000| Untracked 
|  50|0x00000000a5800000, 0x00000000a5800000, 0x00000000a5900000|  0%| F|  |TAMS 0x00000000a5800000, 0x00000000a5800000| Untracked 
|  51|0x00000000a5900000, 0x00000000a5900000, 0x00000000a5a00000|  0%| F|  |TAMS 0x00000000a5900000, 0x00000000a5900000| Untracked 
|  52|0x00000000a5a00000, 0x00000000a5a00000, 0x00000000a5b00000|  0%| F|  |TAMS 0x00000000a5a00000, 0x00000000a5a00000| Untracked 
|  53|0x00000000a5b00000, 0x00000000a5b00000, 0x00000000a5c00000|  0%| F|  |TAMS 0x00000000a5b00000, 0x00000000a5b00000| Untracked 
|  54|0x00000000a5c00000, 0x00000000a5c00000, 0x00000000a5d00000|  0%| F|  |TAMS 0x00000000a5c00000, 0x00000000a5c00000| Untracked 
|  55|0x00000000a5d00000, 0x00000000a5d00000, 0x00000000a5e00000|  0%| F|  |TAMS 0x00000000a5d00000, 0x00000000a5d00000| Untracked 
|  56|0x00000000a5e00000, 0x00000000a5e00000, 0x00000000a5f00000|  0%| F|  |TAMS 0x00000000a5e00000, 0x00000000a5e00000| Untracked 
|  57|0x00000000a5f00000, 0x00000000a5f00000, 0x00000000a6000000|  0%| F|  |TAMS 0x00000000a5f00000, 0x00000000a5f00000| Untracked 
|  58|0x00000000a6000000, 0x00000000a6000000, 0x00000000a6100000|  0%| F|  |TAMS 0x00000000a6000000, 0x00000000a6000000| Untracked 
|  59|0x00000000a6100000, 0x00000000a6100000, 0x00000000a6200000|  0%| F|  |TAMS 0x00000000a6100000, 0x00000000a6100000| Untracked 
|  60|0x00000000a6200000, 0x00000000a6200000, 0x00000000a6300000|  0%| F|  |TAMS 0x00000000a6200000, 0x00000000a6200000| Untracked 
|  61|0x00000000a6300000, 0x00000000a6400000, 0x00000000a6400000|100%| S|CS|TAMS 0x00000000a6300000, 0x00000000a6300000| Complete 
|  62|0x00000000a6400000, 0x00000000a6500000, 0x00000000a6500000|100%| S|CS|TAMS 0x00000000a6400000, 0x00000000a6400000| Complete 
|  63|0x00000000a6500000, 0x00000000a6500000, 0x00000000a6600000|  0%| F|  |TAMS 0x00000000a6500000, 0x00000000a6500000| Untracked 
|  64|0x00000000a6600000, 0x00000000a6600000, 0x00000000a6700000|  0%| F|  |TAMS 0x00000000a6600000, 0x00000000a6600000| Untracked 
|  65|0x00000000a6700000, 0x00000000a6700000, 0x00000000a6800000|  0%| F|  |TAMS 0x00000000a6700000, 0x00000000a6700000| Untracked 
|  66|0x00000000a6800000, 0x00000000a6800000, 0x00000000a6900000|  0%| F|  |TAMS 0x00000000a6800000, 0x00000000a6800000| Untracked 
|  67|0x00000000a6900000, 0x00000000a6900000, 0x00000000a6a00000|  0%| F|  |TAMS 0x00000000a6900000, 0x00000000a6900000| Untracked 
|  68|0x00000000a6a00000, 0x00000000a6a00000, 0x00000000a6b00000|  0%| F|  |TAMS 0x00000000a6a00000, 0x00000000a6a00000| Untracked 
|  69|0x00000000a6b00000, 0x00000000a6b00000, 0x00000000a6c00000|  0%| F|  |TAMS 0x00000000a6b00000, 0x00000000a6b00000| Untracked 
|  70|0x00000000a6c00000, 0x00000000a6c00000, 0x00000000a6d00000|  0%| F|  |TAMS 0x00000000a6c00000, 0x00000000a6c00000| Untracked 
|  71|0x00000000a6d00000, 0x00000000a6d00000, 0x00000000a6e00000|  0%| F|  |TAMS 0x00000000a6d00000, 0x00000000a6d00000| Untracked 
|  72|0x00000000a6e00000, 0x00000000a6e00000, 0x00000000a6f00000|  0%| F|  |TAMS 0x00000000a6e00000, 0x00000000a6e00000| Untracked 
|  73|0x00000000a6f00000, 0x00000000a6f00000, 0x00000000a7000000|  0%| F|  |TAMS 0x00000000a6f00000, 0x00000000a6f00000| Untracked 
|  74|0x00000000a7000000, 0x00000000a7000000, 0x00000000a7100000|  0%| F|  |TAMS 0x00000000a7000000, 0x00000000a7000000| Untracked 
|  75|0x00000000a7100000, 0x00000000a7100000, 0x00000000a7200000|  0%| F|  |TAMS 0x00000000a7100000, 0x00000000a7100000| Untracked 
|  76|0x00000000a7200000, 0x00000000a7200000, 0x00000000a7300000|  0%| F|  |TAMS 0x00000000a7200000, 0x00000000a7200000| Untracked 
|  77|0x00000000a7300000, 0x00000000a7300000, 0x00000000a7400000|  0%| F|  |TAMS 0x00000000a7300000, 0x00000000a7300000| Untracked 
|  78|0x00000000a7400000, 0x00000000a7400000, 0x00000000a7500000|  0%| F|  |TAMS 0x00000000a7400000, 0x00000000a7400000| Untracked 
|  79|0x00000000a7500000, 0x00000000a7500000, 0x00000000a7600000|  0%| F|  |TAMS 0x00000000a7500000, 0x00000000a7500000| Untracked 
|  80|0x00000000a7600000, 0x00000000a7600000, 0x00000000a7700000|  0%| F|  |TAMS 0x00000000a7600000, 0x00000000a7600000| Untracked 
|  81|0x00000000a7700000, 0x00000000a7700000, 0x00000000a7800000|  0%| F|  |TAMS 0x00000000a7700000, 0x00000000a7700000| Untracked 
|  82|0x00000000a7800000, 0x00000000a7800000, 0x00000000a7900000|  0%| F|  |TAMS 0x00000000a7800000, 0x00000000a7800000| Untracked 
|  83|0x00000000a7900000, 0x00000000a7900000, 0x00000000a7a00000|  0%| F|  |TAMS 0x00000000a7900000, 0x00000000a7900000| Untracked 
|  84|0x00000000a7a00000, 0x00000000a7a00000, 0x00000000a7b00000|  0%| F|  |TAMS 0x00000000a7a00000, 0x00000000a7a00000| Untracked 
|  85|0x00000000a7b00000, 0x00000000a7b00000, 0x00000000a7c00000|  0%| F|  |TAMS 0x00000000a7b00000, 0x00000000a7b00000| Untracked 
|  86|0x00000000a7c00000, 0x00000000a7c00000, 0x00000000a7d00000|  0%| F|  |TAMS 0x00000000a7c00000, 0x00000000a7c00000| Untracked 
|  87|0x00000000a7d00000, 0x00000000a7d00000, 0x00000000a7e00000|  0%| F|  |TAMS 0x00000000a7d00000, 0x00000000a7d00000| Untracked 
|  88|0x00000000a7e00000, 0x00000000a7e00000, 0x00000000a7f00000|  0%| F|  |TAMS 0x00000000a7e00000, 0x00000000a7e00000| Untracked 
|  89|0x00000000a7f00000, 0x00000000a7f00000, 0x00000000a8000000|  0%| F|  |TAMS 0x00000000a7f00000, 0x00000000a7f00000| Untracked 
|  90|0x00000000a8000000, 0x00000000a8000000, 0x00000000a8100000|  0%| F|  |TAMS 0x00000000a8000000, 0x00000000a8000000| Untracked 
|  91|0x00000000a8100000, 0x00000000a8100000, 0x00000000a8200000|  0%| F|  |TAMS 0x00000000a8100000, 0x00000000a8100000| Untracked 
|  92|0x00000000a8200000, 0x00000000a8200000, 0x00000000a8300000|  0%| F|  |TAMS 0x00000000a8200000, 0x00000000a8200000| Untracked 
|  93|0x00000000a8300000, 0x00000000a8300000, 0x00000000a8400000|  0%| F|  |TAMS 0x00000000a8300000, 0x00000000a8300000| Untracked 

Card table byte_map: [0x000001b79a110000,0x000001b79a400000] _byte_map_base: 0x000001b799bfd000

Marking Bits (Prev, Next): (CMBitMap*) 0x000001b787668db0, (CMBitMap*) 0x000001b787668df0
 Prev Bits: [0x000001b79a6f0000, 0x000001b79be58000)
 Next Bits: [0x000001b79be60000, 0x000001b79d5c8000)

Polling page: 0x000001b7855c0000

Metaspace:

Usage:
  Non-class:     49.91 MB used.
      Class:      6.70 MB used.
       Both:     56.61 MB used.

Virtual space:
  Non-class space:       64.00 MB reserved,      50.06 MB ( 78%) committed,  1 nodes.
      Class space:        1.00 GB reserved,       6.81 MB ( <1%) committed,  1 nodes.
             Both:        1.06 GB reserved,      56.88 MB (  5%) committed. 

Chunk freelists:
   Non-Class:  13.23 MB
       Class:  9.16 MB
        Both:  22.39 MB

MaxMetaspaceSize: unlimited
CompressedClassSpaceSize: 1.00 GB
Initial GC threshold: 21.00 MB
Current GC threshold: 91.25 MB
CDS: off
MetaspaceReclaimPolicy: balanced
 - commit_granule_bytes: 65536.
 - commit_granule_words: 8192.
 - virtual_space_node_default_size: 8388608.
 - enlarge_chunks_in_place: 1.
 - new_chunks_are_fully_committed: 0.
 - uncommit_free_chunks: 1.
 - use_allocation_guard: 0.
 - handle_deallocations: 1.


Internal statistics:

num_allocs_failed_limit: 6.
num_arena_births: 236.
num_arena_deaths: 0.
num_vsnodes_births: 2.
num_vsnodes_deaths: 0.
num_space_committed: 908.
num_space_uncommitted: 0.
num_chunks_returned_to_freelist: 6.
num_chunks_taken_from_freelist: 2000.
num_chunk_merges: 6.
num_chunk_splits: 1653.
num_chunks_enlarged: 1470.
num_inconsistent_stats: 0.

CodeHeap 'non-profiled nmethods': size=120000Kb used=3160Kb max_used=3160Kb free=116839Kb
 bounds [0x000001b7925c0000, 0x000001b7928e0000, 0x000001b799af0000]
CodeHeap 'profiled nmethods': size=120000Kb used=13734Kb max_used=14064Kb free=106265Kb
 bounds [0x000001b78aaf0000, 0x000001b78b8b0000, 0x000001b792020000]
CodeHeap 'non-nmethods': size=5760Kb used=1287Kb max_used=1362Kb free=4473Kb
 bounds [0x000001b792020000, 0x000001b792290000, 0x000001b7925c0000]
 total_blobs=6385 nmethods=5784 adapters=512
 compilation: enabled
              stopped_count=0, restarted_count=0
 full_count=0

Compilation events (20 events):
Event: 10.157 Thread 0x000001b7a02d87e0 6648       1       org.jetbrains.kotlin.resolve.calls.inference.components.ConstraintInjector::getConstraintIncorporator (5 bytes)
Event: 10.157 Thread 0x000001b7a02d87e0 nmethod 6648 0x000001b7928d5d90 code [0x000001b7928d5f20, 0x000001b7928d5ff8]
Event: 10.157 Thread 0x000001b7a02d87e0 6649       1       org.jetbrains.kotlin.resolve.calls.inference.components.ConstraintIncorporator::getUtilContext (5 bytes)
Event: 10.157 Thread 0x000001b7a02d87e0 nmethod 6649 0x000001b7928d6090 code [0x000001b7928d6220, 0x000001b7928d62f8]
Event: 10.157 Thread 0x000001b7a02d87e0 6650       3       org.jetbrains.kotlin.resolve.calls.inference.model.NewConstraintSystemImpl::getBuilder (27 bytes)
Event: 10.157 Thread 0x000001b7a02d87e0 nmethod 6650 0x000001b78aea2710 code [0x000001b78aea28c0, 0x000001b78aea2a28]
Event: 10.160 Thread 0x000001b7a02d87e0 6651       3       kotlin.collections.builders.MapBuilder::<init> (24 bytes)
Event: 10.161 Thread 0x000001b7a02d87e0 nmethod 6651 0x000001b78b3ca090 code [0x000001b78b3ca280, 0x000001b78b3ca788]
Event: 10.161 Thread 0x000001b7a02d87e0 6652       3       kotlin.collections.builders.MapBuilder$Companion::access$computeHashSize (6 bytes)
Event: 10.161 Thread 0x000001b7a02d87e0 nmethod 6652 0x000001b78afa0310 code [0x000001b78afa04c0, 0x000001b78afa0768]
Event: 10.161 Thread 0x000001b7a02d87e0 6653       3       kotlin.collections.builders.SetBuilder::<init> (16 bytes)
Event: 10.162 Thread 0x000001b7a02d87e0 nmethod 6653 0x000001b78af9f690 code [0x000001b78af9f8c0, 0x000001b78afa0038]
Event: 10.162 Thread 0x000001b7a02d87e0 6654       3       kotlin.collections.SetsKt__SetsJVMKt::createSetBuilder (11 bytes)
Event: 10.162 Thread 0x000001b7a02d87e0 nmethod 6654 0x000001b78af9ed10 code [0x000001b78af9ef00, 0x000001b78af9f468]
Event: 10.162 Thread 0x000001b7a02d87e0 6655       3       kotlin.collections.builders.SetBuilder::<init> (12 bytes)
Event: 10.162 Thread 0x000001b7a02d87e0 nmethod 6655 0x000001b78af9e490 code [0x000001b78af9e680, 0x000001b78af9eb48]
Event: 10.162 Thread 0x000001b7a02d87e0 6656       3       org.jetbrains.kotlin.resolve.calls.inference.model.NewConstraintSystemImpl::isFlexible (18 bytes)
Event: 10.163 Thread 0x000001b7a02d87e0 nmethod 6656 0x000001b78af9d990 code [0x000001b78af9dba0, 0x000001b78af9e208]
Event: 10.163 Thread 0x000001b7a02d87e0 6657       3       org.jetbrains.kotlin.types.model.TypeSystemContext::isFlexible (22 bytes)
Event: 10.163 Thread 0x000001b7a02d87e0 nmethod 6657 0x000001b78b20d890 code [0x000001b78b20daa0, 0x000001b78b20e148]

GC Heap History (20 events):
Event: 5.495 GC heap after
{Heap after GC invocations=11 (full 0):
 garbage-first heap   total 59392K, used 24103K [0x00000000a2600000, 0x0000000100000000)
  region size 1024K, 2 young (2048K), 2 survivors (2048K)
 Metaspace       used 44599K, committed 44800K, reserved 1114112K
  class space    used 5438K, committed 5568K, reserved 1048576K
}
Event: 5.840 GC heap before
{Heap before GC invocations=11 (full 0):
 garbage-first heap   total 59392K, used 45607K [0x00000000a2600000, 0x0000000100000000)
  region size 1024K, 22 young (22528K), 2 survivors (2048K)
 Metaspace       used 46299K, committed 46528K, reserved 1114112K
  class space    used 5612K, committed 5696K, reserved 1048576K
}
Event: 5.849 GC heap after
{Heap after GC invocations=12 (full 0):
 garbage-first heap   total 71680K, used 28322K [0x00000000a2600000, 0x0000000100000000)
  region size 1024K, 3 young (3072K), 3 survivors (3072K)
 Metaspace       used 46299K, committed 46528K, reserved 1114112K
  class space    used 5612K, committed 5696K, reserved 1048576K
}
Event: 6.142 GC heap before
{Heap before GC invocations=12 (full 0):
 garbage-first heap   total 71680K, used 53922K [0x00000000a2600000, 0x0000000100000000)
  region size 1024K, 27 young (27648K), 3 survivors (3072K)
 Metaspace       used 47831K, committed 48064K, reserved 1114112K
  class space    used 5782K, committed 5888K, reserved 1048576K
}
Event: 6.151 GC heap after
{Heap after GC invocations=13 (full 0):
 garbage-first heap   total 71680K, used 32341K [0x00000000a2600000, 0x0000000100000000)
  region size 1024K, 2 young (2048K), 2 survivors (2048K)
 Metaspace       used 47831K, committed 48064K, reserved 1114112K
  class space    used 5782K, committed 5888K, reserved 1048576K
}
Event: 6.777 GC heap before
{Heap before GC invocations=13 (full 0):
 garbage-first heap   total 71680K, used 53845K [0x00000000a2600000, 0x0000000100000000)
  region size 1024K, 24 young (24576K), 2 survivors (2048K)
 Metaspace       used 50366K, committed 50560K, reserved 1114112K
  class space    used 6070K, committed 6144K, reserved 1048576K
}
Event: 6.790 GC heap after
{Heap after GC invocations=14 (full 0):
 garbage-first heap   total 71680K, used 37159K [0x00000000a2600000, 0x0000000100000000)
  region size 1024K, 3 young (3072K), 3 survivors (3072K)
 Metaspace       used 50366K, committed 50560K, reserved 1114112K
  class space    used 6070K, committed 6144K, reserved 1048576K
}
Event: 7.577 GC heap before
{Heap before GC invocations=14 (full 0):
 garbage-first heap   total 71680K, used 54567K [0x00000000a2600000, 0x0000000100000000)
  region size 1024K, 20 young (20480K), 3 survivors (3072K)
 Metaspace       used 54636K, committed 54848K, reserved 1114112K
  class space    used 6541K, committed 6656K, reserved 1048576K
}
Event: 7.588 GC heap after
{Heap after GC invocations=15 (full 0):
 garbage-first heap   total 71680K, used 39818K [0x00000000a2600000, 0x0000000100000000)
  region size 1024K, 3 young (3072K), 3 survivors (3072K)
 Metaspace       used 54636K, committed 54848K, reserved 1114112K
  class space    used 6541K, committed 6656K, reserved 1048576K
}
Event: 8.383 GC heap before
{Heap before GC invocations=16 (full 0):
 garbage-first heap   total 71680K, used 55178K [0x00000000a2600000, 0x0000000100000000)
  region size 1024K, 18 young (18432K), 3 survivors (3072K)
 Metaspace       used 55392K, committed 55616K, reserved 1114112K
  class space    used 6567K, committed 6656K, reserved 1048576K
}
Event: 8.395 GC heap after
{Heap after GC invocations=17 (full 0):
 garbage-first heap   total 86016K, used 42874K [0x00000000a2600000, 0x0000000100000000)
  region size 1024K, 3 young (3072K), 3 survivors (3072K)
 Metaspace       used 55392K, committed 55616K, reserved 1114112K
  class space    used 6567K, committed 6656K, reserved 1048576K
}
Event: 8.437 GC heap before
{Heap before GC invocations=17 (full 0):
 garbage-first heap   total 86016K, used 43898K [0x00000000a2600000, 0x0000000100000000)
  region size 1024K, 4 young (4096K), 3 survivors (3072K)
 Metaspace       used 55417K, committed 55680K, reserved 1114112K
  class space    used 6567K, committed 6656K, reserved 1048576K
}
Event: 8.446 GC heap after
{Heap after GC invocations=18 (full 0):
 garbage-first heap   total 86016K, used 40311K [0x00000000a2600000, 0x0000000100000000)
  region size 1024K, 1 young (1024K), 1 survivors (1024K)
 Metaspace       used 55417K, committed 55680K, reserved 1114112K
  class space    used 6567K, committed 6656K, reserved 1048576K
}
Event: 9.368 GC heap before
{Heap before GC invocations=18 (full 0):
 garbage-first heap   total 86016K, used 63863K [0x00000000a2600000, 0x0000000100000000)
  region size 1024K, 24 young (24576K), 1 survivors (1024K)
 Metaspace       used 55871K, committed 56064K, reserved 1114112K
  class space    used 6587K, committed 6656K, reserved 1048576K
}
Event: 9.388 GC heap after
{Heap after GC invocations=19 (full 0):
 garbage-first heap   total 86016K, used 45056K [0x00000000a2600000, 0x0000000100000000)
  region size 1024K, 3 young (3072K), 3 survivors (3072K)
 Metaspace       used 55871K, committed 56064K, reserved 1114112K
  class space    used 6587K, committed 6656K, reserved 1048576K
}
Event: 9.634 GC heap before
{Heap before GC invocations=20 (full 0):
 garbage-first heap   total 86016K, used 65536K [0x00000000a2600000, 0x0000000100000000)
  region size 1024K, 23 young (23552K), 3 survivors (3072K)
 Metaspace       used 56076K, committed 56320K, reserved 1114112K
  class space    used 6607K, committed 6720K, reserved 1048576K
}
Event: 9.645 GC heap after
{Heap after GC invocations=21 (full 0):
 garbage-first heap   total 86016K, used 46792K [0x00000000a2600000, 0x0000000100000000)
  region size 1024K, 2 young (2048K), 2 survivors (2048K)
 Metaspace       used 56076K, committed 56320K, reserved 1114112K
  class space    used 6607K, committed 6720K, reserved 1048576K
}
Event: 9.649 GC heap before
{Heap before GC invocations=21 (full 0):
 garbage-first heap   total 86016K, used 48840K [0x00000000a2600000, 0x0000000100000000)
  region size 1024K, 4 young (4096K), 2 survivors (2048K)
 Metaspace       used 56076K, committed 56320K, reserved 1114112K
  class space    used 6607K, committed 6720K, reserved 1048576K
}
Event: 9.655 GC heap after
{Heap after GC invocations=22 (full 0):
 garbage-first heap   total 86016K, used 46370K [0x00000000a2600000, 0x0000000100000000)
  region size 1024K, 1 young (1024K), 1 survivors (1024K)
 Metaspace       used 56076K, committed 56320K, reserved 1114112K
  class space    used 6607K, committed 6720K, reserved 1048576K
}
Event: 10.164 GC heap before
{Heap before GC invocations=22 (full 0):
 garbage-first heap   total 86016K, used 66850K [0x00000000a2600000, 0x0000000100000000)
  region size 1024K, 21 young (21504K), 1 survivors (1024K)
 Metaspace       used 57969K, committed 58240K, reserved 1114112K
  class space    used 6861K, committed 6976K, reserved 1048576K
}

Dll operation events (2 events):
Event: 0.014 Loaded shared library P:\semester 4\Android\jbr\bin\java.dll
Event: 3.465 Loaded shared library P:\semester 4\Android\jbr\bin\verify.dll

Deoptimization events (20 events):
Event: 10.043 Thread 0x000001b787619860 DEOPT PACKING pc=0x000001b792895444 sp=0x0000006f846fc110
Event: 10.043 Thread 0x000001b787619860 DEOPT UNPACKING pc=0x000001b7920769a3 sp=0x0000006f846fc0b0 mode 2
Event: 10.084 Thread 0x000001b787619860 Uncommon trap: trap_request=0xffffffbe fr.pc=0x000001b79284a194 relative=0x0000000000004d94
Event: 10.084 Thread 0x000001b787619860 Uncommon trap: reason=profile_predicate action=maybe_recompile pc=0x000001b79284a194 method=org.jetbrains.kotlin.com.intellij.psi.impl.source.CharTableImpl$StringHashToCharSequencesMap.charSequenceSubSequenceEquals(Ljava/lang/CharSequence;Ljava/lang/CharS
Event: 10.085 Thread 0x000001b787619860 DEOPT PACKING pc=0x000001b79284a194 sp=0x0000006f846fbe50
Event: 10.085 Thread 0x000001b787619860 DEOPT UNPACKING pc=0x000001b7920769a3 sp=0x0000006f846fbb18 mode 2
Event: 10.085 Thread 0x000001b787619860 Uncommon trap: trap_request=0xffffffbe fr.pc=0x000001b792823a80 relative=0x0000000000002e20
Event: 10.085 Thread 0x000001b787619860 Uncommon trap: reason=profile_predicate action=maybe_recompile pc=0x000001b792823a80 method=org.jetbrains.kotlin.com.intellij.psi.impl.source.CharTableImpl$StringHashToCharSequencesMap.charSequenceSubSequenceEquals(Ljava/lang/CharSequence;Ljava/lang/CharS
Event: 10.085 Thread 0x000001b787619860 DEOPT PACKING pc=0x000001b792823a80 sp=0x0000006f846fbdd0
Event: 10.085 Thread 0x000001b787619860 DEOPT UNPACKING pc=0x000001b7920769a3 sp=0x0000006f846fbb10 mode 2
Event: 10.085 Thread 0x000001b787619860 Uncommon trap: trap_request=0xffffffbe fr.pc=0x000001b792815bec relative=0x000000000000234c
Event: 10.085 Thread 0x000001b787619860 Uncommon trap: reason=profile_predicate action=maybe_recompile pc=0x000001b792815bec method=org.jetbrains.kotlin.com.intellij.psi.impl.source.CharTableImpl$StringHashToCharSequencesMap.charSequenceSubSequenceEquals(Ljava/lang/CharSequence;Ljava/lang/CharS
Event: 10.085 Thread 0x000001b787619860 DEOPT PACKING pc=0x000001b792815bec sp=0x0000006f846fbd50
Event: 10.085 Thread 0x000001b787619860 DEOPT UNPACKING pc=0x000001b7920769a3 sp=0x0000006f846fbb10 mode 2
Event: 10.095 Thread 0x000001b787619860 Uncommon trap: trap_request=0xffffffbe fr.pc=0x000001b79265b364 relative=0x00000000000018e4
Event: 10.095 Thread 0x000001b787619860 Uncommon trap: reason=profile_predicate action=maybe_recompile pc=0x000001b79265b364 method=org.jetbrains.kotlin.serialization.deserialization.descriptors.DeserializedPackageMemberScope.hasClass(Lorg/jetbrains/kotlin/name/Name;)Z @ 65 c2
Event: 10.095 Thread 0x000001b787619860 DEOPT PACKING pc=0x000001b79265b364 sp=0x0000006f846fb8d0
Event: 10.095 Thread 0x000001b787619860 DEOPT UNPACKING pc=0x000001b7920769a3 sp=0x0000006f846fb880 mode 2
Event: 10.118 Thread 0x000001b787619860 DEOPT PACKING pc=0x000001b78b1e1511 sp=0x0000006f846f92a0
Event: 10.118 Thread 0x000001b787619860 DEOPT UNPACKING pc=0x000001b792077143 sp=0x0000006f846f8838 mode 0

Classes unloaded (0 events):
No events

Classes redefined (0 events):
No events

Internal exceptions (20 events):
Event: 3.312 Thread 0x000001b787619860 Exception <a 'java/lang/NoSuchMethodError'{0x00000000a4133138}: 'void java.lang.invoke.DirectMethodHandle$Holder.invokeStatic(java.lang.Object, java.lang.Object, java.lang.Object, java.lang.Object)'> (0x00000000a4133138) 
thrown [s\src\hotspot\share\interpreter\linkResolver.cpp, line 771]
Event: 3.409 Thread 0x000001b787619860 Exception <a 'java/lang/NoSuchMethodError'{0x00000000a3ef18b8}: 'void java.lang.invoke.DirectMethodHandle$Holder.invokeStaticInit(java.lang.Object, java.lang.Object)'> (0x00000000a3ef18b8) 
thrown [s\src\hotspot\share\interpreter\linkResolver.cpp, line 771]
Event: 3.580 Thread 0x000001b787619860 Exception <a 'java/lang/NoSuchMethodError'{0x00000000a387d188}: 'void java.lang.invoke.DirectMethodHandle$Holder.invokeVirtual(java.lang.Object, java.lang.Object)'> (0x00000000a387d188) 
thrown [s\src\hotspot\share\interpreter\linkResolver.cpp, line 771]
Event: 3.589 Thread 0x000001b787619860 Exception <a 'java/lang/NoSuchMethodError'{0x00000000a38c88f8}: 'int java.lang.invoke.DirectMethodHandle$Holder.invokeVirtual(java.lang.Object, java.lang.Object)'> (0x00000000a38c88f8) 
thrown [s\src\hotspot\share\interpreter\linkResolver.cpp, line 771]
Event: 3.610 Thread 0x000001b787619860 Exception <a 'java/lang/NoSuchMethodError'{0x00000000a3760698}: 'java.lang.Object java.lang.invoke.Invokers$Holder.invokeExact_MT(java.lang.Object, java.lang.Object, java.lang.Object, java.lang.Object, java.lang.Object, java.lang.Object)'> (0x00000000a3760698) 
thrown [s\src\hotspot\share\interpreter\linkResolver.cpp, line 771]
Event: 4.278 Thread 0x000001b787619860 Implicit null exception at 0x000001b7925d92f2 to 0x000001b7925d98bc
Event: 4.408 Thread 0x000001b787619860 Implicit null exception at 0x000001b7925da372 to 0x000001b7925da94c
Event: 4.466 Thread 0x000001b787619860 Exception <a 'java/lang/NoSuchMethodError'{0x00000000a587f720}: 'java.lang.Object java.lang.invoke.DirectMethodHandle$Holder.invokeVirtual(java.lang.Object, java.lang.Object, java.lang.Object)'> (0x00000000a587f720) 
thrown [s\src\hotspot\share\interpreter\linkResolver.cpp, line 771]
Event: 5.270 Thread 0x000001b787619860 Exception <a 'java/lang/NoSuchMethodError'{0x00000000a5240dc0}: 'java.lang.Object java.lang.invoke.DirectMethodHandle$Holder.newInvokeSpecial(java.lang.Object, java.lang.Object, int)'> (0x00000000a5240dc0) 
thrown [s\src\hotspot\share\interpreter\linkResolver.cpp, line 771]
Event: 5.337 Thread 0x000001b787619860 Implicit null exception at 0x000001b7926edf4c to 0x000001b7926ee028
Event: 5.396 Thread 0x000001b787619860 Exception <a 'java/lang/NoSuchMethodError'{0x00000000a4f146b8}: 'java.lang.Object java.lang.invoke.DirectMethodHandle$Holder.newInvokeSpecial(java.lang.Object, java.lang.Object, java.lang.Object, int)'> (0x00000000a4f146b8) 
thrown [s\src\hotspot\share\interpreter\linkResolver.cpp, line 771]
Event: 5.397 Thread 0x000001b787619860 Exception <a 'java/lang/NoSuchMethodError'{0x00000000a4f18d40}: 'java.lang.Object java.lang.invoke.DirectMethodHandle$Holder.invokeSpecial(java.lang.Object, java.lang.Object, java.lang.Object, java.lang.Object, int)'> (0x00000000a4f18d40) 
thrown [s\src\hotspot\share\interpreter\linkResolver.cpp, line 771]
Event: 5.397 Thread 0x000001b787619860 Exception <a 'java/lang/NoSuchMethodError'{0x00000000a4f1cbb0}: 'java.lang.Object java.lang.invoke.Invokers$Holder.linkToTargetMethod(java.lang.Object, java.lang.Object, int, java.lang.Object)'> (0x00000000a4f1cbb0) 
thrown [s\src\hotspot\share\interpreter\linkResolver.cpp, line 771]
Event: 6.214 Thread 0x000001b787619860 Exception <a 'java/lang/NoSuchMethodError'{0x00000000a6951b00}: 'java.lang.Object java.lang.invoke.DirectMethodHandle$Holder.newInvokeSpecial(java.lang.Object, java.lang.Object, java.lang.Object, java.lang.Object, java.lang.Object, java.lang.Object)'> (0x00000000a6951b00) 
thrown [s\src\hotspot\share\interpreter\linkResolver.cpp, line 771]
Event: 6.907 Thread 0x000001b787619860 Exception <a 'java/lang/NoSuchMethodError'{0x00000000a836d4a8}: 'java.lang.Object java.lang.invoke.DirectMethodHandle$Holder.newInvokeSpecial(java.lang.Object, int, java.lang.Object)'> (0x00000000a836d4a8) 
thrown [s\src\hotspot\share\interpreter\linkResolver.cpp, line 771]
Event: 6.908 Thread 0x000001b787619860 Exception <a 'java/lang/NoSuchMethodError'{0x00000000a8373850}: 'int java.lang.invoke.DirectMethodHandle$Holder.invokeInterface(java.lang.Object, java.lang.Object)'> (0x00000000a8373850) 
thrown [s\src\hotspot\share\interpreter\linkResolver.cpp, line 771]
Event: 7.691 Thread 0x000001b787619860 Exception <a 'java/lang/NoSuchMethodError'{0x00000000a6a7a4f0}: 'java.lang.Object java.lang.invoke.DirectMethodHandle$Holder.invokeStaticInit(java.lang.Object, java.lang.Object, java.lang.Object)'> (0x00000000a6a7a4f0) 
thrown [s\src\hotspot\share\interpreter\linkResolver.cpp, line 771]
Event: 8.871 Thread 0x000001b787619860 Implicit null exception at 0x000001b79260b56a to 0x000001b79260b728
Event: 8.871 Thread 0x000001b787619860 Implicit null exception at 0x000001b79264cd0f to 0x000001b79264cd85
Event: 9.932 Thread 0x000001b787619860 Exception <a 'java/lang/NoSuchMethodError'{0x00000000a69397d0}: 'int java.lang.invoke.DirectMethodHandle$Holder.invokeStaticInit(java.lang.Object, int)'> (0x00000000a69397d0) 
thrown [s\src\hotspot\share\interpreter\linkResolver.cpp, line 771]

VM Operations (20 events):
Event: 9.645 Executing VM operation: G1CollectForAllocation done
Event: 9.649 Executing VM operation: G1CollectForAllocation
Event: 9.655 Executing VM operation: G1CollectForAllocation done
Event: 9.693 Executing VM operation: HandshakeAllThreads
Event: 9.693 Executing VM operation: HandshakeAllThreads done
Event: 9.732 Executing VM operation: HandshakeAllThreads
Event: 9.732 Executing VM operation: HandshakeAllThreads done
Event: 9.837 Executing VM operation: HandshakeAllThreads
Event: 9.837 Executing VM operation: HandshakeAllThreads done
Event: 9.907 Executing VM operation: ICBufferFull
Event: 9.908 Executing VM operation: ICBufferFull done
Event: 9.939 Executing VM operation: HandshakeAllThreads
Event: 9.939 Executing VM operation: HandshakeAllThreads done
Event: 9.950 Executing VM operation: HandshakeAllThreads
Event: 9.950 Executing VM operation: HandshakeAllThreads done
Event: 10.047 Executing VM operation: HandshakeAllThreads
Event: 10.047 Executing VM operation: HandshakeAllThreads done
Event: 10.067 Executing VM operation: ICBufferFull
Event: 10.067 Executing VM operation: ICBufferFull done
Event: 10.164 Executing VM operation: G1CollectForAllocation

Events (20 events):
Event: 8.867 Thread 0x000001b7a02d98d0 flushing nmethod 0x000001b78b529f10
Event: 8.867 Thread 0x000001b7a02d98d0 flushing nmethod 0x000001b78b52f890
Event: 8.867 Thread 0x000001b7a02d98d0 flushing nmethod 0x000001b78b537110
Event: 8.867 Thread 0x000001b7a02d98d0 flushing nmethod 0x000001b78b544090
Event: 8.867 Thread 0x000001b7a02d98d0 flushing nmethod 0x000001b78b548010
Event: 8.867 Thread 0x000001b7a02d98d0 flushing nmethod 0x000001b78b54c010
Event: 8.867 Thread 0x000001b7a02d98d0 flushing nmethod 0x000001b78b57a690
Event: 8.867 Thread 0x000001b7a02d98d0 flushing nmethod 0x000001b78b5a1b10
Event: 8.867 Thread 0x000001b7a02d98d0 flushing nmethod 0x000001b78b5a1e90
Event: 8.868 Thread 0x000001b7a02d98d0 flushing nmethod 0x000001b78b5e6810
Event: 8.868 Thread 0x000001b7a02d98d0 flushing nmethod 0x000001b78b621b90
Event: 8.868 Thread 0x000001b7a02d98d0 flushing nmethod 0x000001b78b67dc10
Event: 8.868 Thread 0x000001b7a02d98d0 flushing nmethod 0x000001b78b6a9e90
Event: 8.870 Thread 0x000001b7a02d98d0 flushing nmethod 0x000001b78b7b9190
Event: 9.925 loading class java/util/regex/Pattern$Bound
Event: 9.925 loading class java/util/regex/Pattern$Bound done
Event: 9.925 loading class java/util/regex/Pattern$LookBehindEndNode
Event: 9.925 loading class java/util/regex/Pattern$LookBehindEndNode done
Event: 9.925 loading class java/util/regex/Pattern$NotBehind
Event: 9.925 loading class java/util/regex/Pattern$NotBehind done


Dynamic libraries:
0x00007ff7e83e0000 - 0x00007ff7e83ea000 	P:\semester 4\Android\jbr\bin\java.exe
0x00007ffd62130000 - 0x00007ffd62347000 	C:\WINDOWS\SYSTEM32\ntdll.dll
0x00007ffd61280000 - 0x00007ffd61344000 	C:\WINDOWS\System32\KERNEL32.DLL
0x00007ffd5f460000 - 0x00007ffd5f80d000 	C:\WINDOWS\System32\KERNELBASE.dll
0x00007ffd5fb40000 - 0x00007ffd5fc51000 	C:\WINDOWS\System32\ucrtbase.dll
0x00007ffd2ce10000 - 0x00007ffd2ce27000 	P:\semester 4\Android\jbr\bin\jli.dll
0x00007ffd30ff0000 - 0x00007ffd3100b000 	P:\semester 4\Android\jbr\bin\VCRUNTIME140.dll
0x00007ffd60e20000 - 0x00007ffd60fce000 	C:\WINDOWS\System32\USER32.dll
0x00007ffd5fe40000 - 0x00007ffd5fe66000 	C:\WINDOWS\System32\win32u.dll
0x00007ffd38590000 - 0x00007ffd38823000 	C:\WINDOWS\WinSxS\amd64_microsoft.windows.common-controls_6595b64144ccf1df_6.0.22621.3672_none_2713b9d173822955\COMCTL32.dll
0x00007ffd61250000 - 0x00007ffd61279000 	C:\WINDOWS\System32\GDI32.dll
0x00007ffd61350000 - 0x00007ffd613f7000 	C:\WINDOWS\System32\msvcrt.dll
0x00007ffd5f9a0000 - 0x00007ffd5fab9000 	C:\WINDOWS\System32\gdi32full.dll
0x00007ffd5f900000 - 0x00007ffd5f99a000 	C:\WINDOWS\System32\msvcp_win.dll
0x00007ffd607d0000 - 0x00007ffd60801000 	C:\WINDOWS\System32\IMM32.DLL
0x00007ffd4dd20000 - 0x00007ffd4dd2c000 	P:\semester 4\Android\jbr\bin\vcruntime140_1.dll
0x00007ffd11730000 - 0x00007ffd117bd000 	P:\semester 4\Android\jbr\bin\msvcp140.dll
0x00007ffcc6ac0000 - 0x00007ffcc7743000 	P:\semester 4\Android\jbr\bin\server\jvm.dll
0x00007ffd61d80000 - 0x00007ffd61e32000 	C:\WINDOWS\System32\ADVAPI32.dll
0x00007ffd61630000 - 0x00007ffd616d9000 	C:\WINDOWS\System32\sechost.dll
0x00007ffd5f810000 - 0x00007ffd5f838000 	C:\WINDOWS\System32\bcrypt.dll
0x00007ffd60fd0000 - 0x00007ffd610e4000 	C:\WINDOWS\System32\RPCRT4.dll
0x00007ffd58d10000 - 0x00007ffd58d44000 	C:\WINDOWS\SYSTEM32\WINMM.dll
0x00007ffd42750000 - 0x00007ffd42759000 	C:\WINDOWS\SYSTEM32\WSOCK32.dll
0x00007ffd5f170000 - 0x00007ffd5f1bd000 	C:\WINDOWS\SYSTEM32\POWRPROF.dll
0x00007ffd55400000 - 0x00007ffd5540a000 	C:\WINDOWS\SYSTEM32\VERSION.dll
0x00007ffd5fe80000 - 0x00007ffd5fef1000 	C:\WINDOWS\System32\WS2_32.dll
0x00007ffd5f150000 - 0x00007ffd5f163000 	C:\WINDOWS\SYSTEM32\UMPDC.dll
0x00007ffd5e470000 - 0x00007ffd5e488000 	C:\WINDOWS\SYSTEM32\kernel.appcore.dll
0x00007ffd538a0000 - 0x00007ffd538aa000 	P:\semester 4\Android\jbr\bin\jimage.dll
0x00007ffd5ce60000 - 0x00007ffd5d092000 	C:\WINDOWS\SYSTEM32\DBGHELP.DLL
0x00007ffd616e0000 - 0x00007ffd61a68000 	C:\WINDOWS\System32\combase.dll
0x00007ffd61e40000 - 0x00007ffd61f17000 	C:\WINDOWS\System32\OLEAUT32.dll
0x00007ffd3cf30000 - 0x00007ffd3cf62000 	C:\WINDOWS\SYSTEM32\dbgcore.DLL
0x00007ffd5fac0000 - 0x00007ffd5fb3b000 	C:\WINDOWS\System32\bcryptPrimitives.dll
0x00007ffd2f990000 - 0x00007ffd2f9b5000 	P:\semester 4\Android\jbr\bin\java.dll
0x00007ffd2f970000 - 0x00007ffd2f988000 	P:\semester 4\Android\jbr\bin\zip.dll
0x00007ffd5ff00000 - 0x00007ffd6075f000 	C:\WINDOWS\System32\SHELL32.dll
0x00007ffd5d360000 - 0x00007ffd5dc5c000 	C:\WINDOWS\SYSTEM32\windows.storage.dll
0x00007ffd5d0c0000 - 0x00007ffd5d1ff000 	C:\WINDOWS\SYSTEM32\wintypes.dll
0x00007ffd61b20000 - 0x00007ffd61c14000 	C:\WINDOWS\System32\SHCORE.dll
0x00007ffd615c0000 - 0x00007ffd6161e000 	C:\WINDOWS\System32\shlwapi.dll
0x00007ffd5f390000 - 0x00007ffd5f3b1000 	C:\WINDOWS\SYSTEM32\profapi.dll
0x00007ffd2ce50000 - 0x00007ffd2ce69000 	P:\semester 4\Android\jbr\bin\net.dll
0x00007ffd57e60000 - 0x00007ffd57f96000 	C:\WINDOWS\SYSTEM32\WINHTTP.dll
0x00007ffd5e900000 - 0x00007ffd5e969000 	C:\WINDOWS\system32\mswsock.dll
0x00007ffd2ce30000 - 0x00007ffd2ce46000 	P:\semester 4\Android\jbr\bin\nio.dll
0x00007ffd2f960000 - 0x00007ffd2f970000 	P:\semester 4\Android\jbr\bin\verify.dll

dbghelp: loaded successfully - version: 4.0.5 - missing functions: none
symbol engine: initialized successfully - sym options: 0x614 - pdb path: .;P:\semester 4\Android\jbr\bin;C:\WINDOWS\SYSTEM32;C:\WINDOWS\WinSxS\amd64_microsoft.windows.common-controls_6595b64144ccf1df_6.0.22621.3672_none_2713b9d173822955;P:\semester 4\Android\jbr\bin\server

VM Arguments:
java_command: org.jetbrains.kotlin.cli.jvm.K2JVMCompiler @P:\semester5\ProyekKP\ntbs\lakupandai-lokal\app\build\20240805_1472596406915641653.compiler.options
java_class_path (initial): C:\Users\LENOVO\.gradle\caches\modules-2\files-2.1\org.jetbrains.kotlin\kotlin-compiler-embeddable\1.9.0\2c8c3a7402becca891f12739b3e9fd2dc2adbd7a\kotlin-compiler-embeddable-1.9.0.jar;C:\Users\LENOVO\.gradle\caches\modules-2\files-2.1\org.jetbrains.kotlin\kotlin-stdlib\1.9.0\8ee15ef0c67dc83d874f412d84378d7f0eb50b63\kotlin-stdlib-1.9.0.jar;C:\Users\LENOVO\.gradle\caches\modules-2\files-2.1\org.jetbrains.kotlin\kotlin-script-runtime\1.9.0\4b3102cbbb7e1b58d9d1adf89563f00069ffa7d1\kotlin-script-runtime-1.9.0.jar;C:\Users\LENOVO\.gradle\caches\modules-2\files-2.1\org.jetbrains.kotlin\kotlin-reflect\1.6.10\1cbe9c92c12a94eea200d23c2bbaedaf3daf5132\kotlin-reflect-1.6.10.jar;C:\Users\LENOVO\.gradle\caches\modules-2\files-2.1\org.jetbrains.kotlin\kotlin-daemon-embeddable\1.9.0\186543f5e28cf8d9a0290fecc2cf34301c40a65c\kotlin-daemon-embeddable-1.9.0.jar;C:\Users\LENOVO\.gradle\caches\modules-2\files-2.1\org.jetbrains.intellij.deps\trove4j\1.0.20200330\3afb14d5f9ceb459d724e907a21145e8ff394f02\trove4j-1.0.20200330.jar;C:\Users\LENOVO\.gradle\caches\modules-2\files-2.1\org.jetbrains.kotlin\kotlin-stdlib-common\1.9.0\cd65c21cfd1eec4d44ef09f9f52b6d9f8a720636\kotlin-stdlib-common-1.9.0.jar;C:\Users\LENOVO\.gradle\caches\modules-2\files-2.1\org.jetbrains\annotations\13.0\919f0dfe192fb4e063e7dacadee7f8bb9a2672a9\annotations-13.0.jar
Launcher Type: SUN_STANDARD

[Global flags]
     intx CICompilerCount                          = 4                                         {product} {ergonomic}
     uint ConcGCThreads                            = 2                                         {product} {ergonomic}
     uint G1ConcRefinementThreads                  = 8                                         {product} {ergonomic}
   size_t G1HeapRegionSize                         = 1048576                                   {product} {ergonomic}
    uintx GCDrainStackTargetSize                   = 64                                        {product} {ergonomic}
   size_t InitialHeapSize                          = 98566144                                  {product} {ergonomic}
   size_t MarkStackSize                            = 4194304                                   {product} {ergonomic}
   size_t MaxHeapSize                              = 1570766848                                {product} {ergonomic}
   size_t MaxNewSize                               = 941621248                                 {product} {ergonomic}
   size_t MinHeapDeltaBytes                        = 1048576                                   {product} {ergonomic}
   size_t MinHeapSize                              = 8388608                                   {product} {ergonomic}
    uintx NonNMethodCodeHeapSize                   = 5839372                                {pd product} {ergonomic}
    uintx NonProfiledCodeHeapSize                  = 122909434                              {pd product} {ergonomic}
    uintx ProfiledCodeHeapSize                     = 122909434                              {pd product} {ergonomic}
    uintx ReservedCodeCacheSize                    = 251658240                              {pd product} {ergonomic}
     bool SegmentedCodeCache                       = true                                      {product} {ergonomic}
   size_t SoftMaxHeapSize                          = 1570766848                             {manageable} {ergonomic}
     bool UseCompressedClassPointers               = true                           {product lp64_product} {ergonomic}
     bool UseCompressedOops                        = true                           {product lp64_product} {ergonomic}
     bool UseG1GC                                  = true                                      {product} {ergonomic}
     bool UseLargePagesIndividualAllocation        = false                                  {pd product} {ergonomic}

Logging:
Log output configuration:
 #0: stdout all=warning uptime,level,tags
 #1: stderr all=off uptime,level,tags

Environment Variables:
JAVA_HOME=C:\Program Files\Java\jdk-17\bin
PATH=C:\Program Files\Java\jdk-17\bin;C:\app\LENOVO\product\21c\dbhomeXE\bin;C:\Program Files\Common Files\Oracle\Java\javapath;C:\WINDOWS\system32;C:\WINDOWS;C:\WINDOWS\System32\Wbem;C:\WINDOWS\System32\WindowsPowerShell\v1.0\;C:\WINDOWS\System32\OpenSSH\;C:\Program Files\Git\cmd;C:\xampp\php;C:\composer;C:\apache-maven-3.9.5\bin;P:\App\nodejs\;C:\Program Files\Java\jdk-17\bin;C:\Users\LENOVO\AppData\Local\Programs\Python\Python312\Scripts\;C:\Users\LENOVO\AppData\Local\Programs\Python\Python312\;C:\Users\LENOVO\AppData\Local\Microsoft\WindowsApps;C:\Users\LENOVO\AppData\Local\Programs\Microsoft VS Code\bin;C:\Users\LENOVO\AppData\Roaming\Composer\vendor\bin;C:\Users\LENOVO\AppData\Roaming\Composer\vendor\bin\;C:\Users\LENOVO\AppData\Local\GitHubDesktop\bin;C:\apache-maven-3.9.5\bin;C:\Program Files\JetBrains\IntelliJ IDEA 2023.2.4\bin;;C:\Program Files\JetBrains\IntelliJ IDEA Community Edition 2023.2.4\bin;;C:\Program Files\JetBrains\PyCharm Community Edition 2023.3.3\bin;;C:\flutter\bin;C:\flutter\bin;P:\xampp\php;C:\Program Files\kotlinc\bin;C:\Users\LENOVO\AppData\Roaming\npm;C:\Program Files\PostgreSQL\16\bin;
USERNAME=LENOVO
OS=Windows_NT
PROCESSOR_IDENTIFIER=AMD64 Family 23 Model 104 Stepping 1, AuthenticAMD
TMP=C:\Users\LENOVO\AppData\Local\Temp
TEMP=C:\Users\LENOVO\AppData\Local\Temp



Periodic native trim disabled

JNI global refs:
JNI global refs: 12, weak refs: 6

JNI global refs memory usage: 843, weak refs: 841

OOME stack traces (most recent first):
Classloader memory used:
Loader jdk.internal.loader.ClassLoaders$AppClassLoader                                 : 5893K
Loader bootstrap                                                                       : 1312K
Loader java.net.URLClassLoader                                                         : 27526B
Loader jdk.internal.reflect.DelegatingClassLoader                                      : 13465B


---------------  S Y S T E M  ---------------

OS:
 Windows 11 , 64 bit Build 22621 (10.0.22621.3672)
OS uptime: 5 days 4:06 hours
Hyper-V role detected

CPU: total 8 (initial active 8) (8 cores per cpu, 2 threads per core) family 23 model 104 stepping 1 microcode 0x0, cx8, cmov, fxsr, ht, mmx, 3dnowpref, sse, sse2, sse3, ssse3, sse4a, sse4.1, sse4.2, popcnt, lzcnt, tsc, tscinvbit, avx, avx2, aes, clmul, bmi1, bmi2, adx, sha, fma, vzeroupper, clflush, clflushopt, hv
Processor Information for processor 0
  Max Mhz: 2600, Current Mhz: 2600, Mhz Limit: 2600
Processor Information for processor 1
  Max Mhz: 2600, Current Mhz: 2080, Mhz Limit: 2600
Processor Information for processor 2
  Max Mhz: 2600, Current Mhz: 2600, Mhz Limit: 2600
Processor Information for processor 3
  Max Mhz: 2600, Current Mhz: 2080, Mhz Limit: 2600
Processor Information for processor 4
  Max Mhz: 2600, Current Mhz: 2080, Mhz Limit: 2600
Processor Information for processor 5
  Max Mhz: 2600, Current Mhz: 2600, Mhz Limit: 2600
Processor Information for processor 6
  Max Mhz: 2600, Current Mhz: 2080, Mhz Limit: 2600
Processor Information for processor 7
  Max Mhz: 2600, Current Mhz: 2600, Mhz Limit: 2600

Memory: 4k page, system-wide physical 5989M (463M free)
TotalPageFile size 24421M (AvailPageFile size 62M)
current process WorkingSet (physical memory assigned to process): 261M, peak: 269M
current process commit charge ("private bytes"): 307M, peak: 437M

vm_info: OpenJDK 64-Bit Server VM (17.0.10+0--11609105) for windows-amd64 JRE (17.0.10+0--11609105), built on Mar 21 2024 19:10:56 by "androidbuild" with MS VC++ 16.10 / 16.11 (VS2019)

END.
